[2.030s] Invoking command in '/home/soda/Documents/nkcong/auto_car/build/auto_car': PYTHONPATH=/home/soda/Documents/nkcong/auto_car/install/auto_car/lib/python3.6/site-packages:${PYTHONPATH} /usr/bin/python3 setup.py develop --prefix /home/soda/Documents/nkcong/auto_car/install/auto_car --editable --build-directory /home/soda/Documents/nkcong/auto_car/build/auto_car/build --no-deps install_data --install-dir /home/soda/Documents/nkcong/auto_car/install/auto_car
[3.980s] running develop
[3.981s] /home/soda/.local/lib/python3.6/site-packages/setuptools/command/easy_install.py:159: EasyInstallDeprecationWarning: easy_install command is deprecated. Use build and pip and other standards-based tools.
[3.981s]   EasyInstallDeprecationWarning,
[3.986s] /home/soda/.local/lib/python3.6/site-packages/setuptools/command/install.py:37: SetuptoolsDeprecationWarning: setup.py install is deprecated. Use build and pip and other standards-based tools.
[3.987s]   setuptools.SetuptoolsDeprecationWarning,
[4.364s] /home/soda/.local/lib/python3.6/site-packages/pkg_resources/__init__.py:119: PkgResourcesDeprecationWarning: 0.18ubuntu0.18.04.1 is an invalid version and will not be supported in a future release
[4.365s]   PkgResourcesDeprecationWarning,
[5.077s] running egg_info
[5.078s] writing auto_car.egg-info/PKG-INFO
[5.080s] writing dependency_links to auto_car.egg-info/dependency_links.txt
[5.081s] writing entry points to auto_car.egg-info/entry_points.txt
[5.082s] writing requirements to auto_car.egg-info/requires.txt
[5.083s] writing top-level names to auto_car.egg-info/top_level.txt
[5.098s] reading manifest file 'auto_car.egg-info/SOURCES.txt'
[5.106s] writing manifest file 'auto_car.egg-info/SOURCES.txt'
[5.324s] running build_ext
[5.326s] Creating /home/soda/Documents/nkcong/auto_car/install/auto_car/lib/python3.6/site-packages/auto-car.egg-link (link to .)
[5.329s] Installing drive_controller script to /home/soda/Documents/nkcong/auto_car/install/auto_car/lib/auto_car
[5.330s] Installing ps4 script to /home/soda/Documents/nkcong/auto_car/install/auto_car/lib/auto_car
[5.331s] 
[5.332s] Installed /home/soda/Documents/nkcong/auto_car/build/auto_car
[5.332s] running install_data
[5.490s] Invoked command in '/home/soda/Documents/nkcong/auto_car/build/auto_car' returned '0': PYTHONPATH=/home/soda/Documents/nkcong/auto_car/install/auto_car/lib/python3.6/site-packages:${PYTHONPATH} /usr/bin/python3 setup.py develop --prefix /home/soda/Documents/nkcong/auto_car/install/auto_car --editable --build-directory /home/soda/Documents/nkcong/auto_car/build/auto_car/build --no-deps install_data --install-dir /home/soda/Documents/nkcong/auto_car/install/auto_car
