[0.473s] DEBUG:colcon:Command line arguments: ['/usr/bin/colcon', 'build', '--symlink-install']
[0.473s] DEBUG:colcon:Parsed command line arguments: Namespace(allow_overriding=[], ament_cmake_args=None, base_paths=['.'], build_base='build', catkin_cmake_args=None, catkin_skip_building_tests=False, cmake_args=None, cmake_clean_cache=False, cmake_clean_first=False, cmake_force_configure=False, cmake_target=None, cmake_target_skip_unavailable=False, continue_on_error=False, event_handlers=None, executor='parallel', ignore_user_meta=False, install_base='install', log_base=None, log_level=None, main=<bound method BuildVerb.main of <colcon_core.verb.build.BuildVerb object at 0x7f5cff0848d0>>, merge_install=False, metas=['./colcon.meta'], packages_above=None, packages_above_and_dependencies=None, packages_above_depth=None, packages_end=None, packages_ignore=None, packages_ignore_regex=None, packages_select=None, packages_select_build_failed=False, packages_select_by_dep=None, packages_select_regex=None, packages_select_test_failures=False, packages_skip=None, packages_skip_build_finished=False, packages_skip_by_dep=None, packages_skip_regex=None, packages_skip_test_passed=False, packages_skip_up_to=None, packages_start=None, packages_up_to=None, packages_up_to_regex=None, parallel_workers=4, paths=None, symlink_install=True, test_result_base=None, verb_extension=<colcon_core.verb.build.BuildVerb object at 0x7f5cff0848d0>, verb_name='build', verb_parser=<colcon_defaults.argument_parser.defaults.DefaultArgumentsDecorator object at 0x7f5cfe9762e8>)
[0.501s] Level 1:colcon.colcon_core.package_discovery:discover_packages(colcon_meta) check parameters
[0.502s] Level 1:colcon.colcon_core.package_discovery:discover_packages(recursive) check parameters
[0.502s] Level 1:colcon.colcon_core.package_discovery:discover_packages(ignore) check parameters
[0.502s] Level 1:colcon.colcon_core.package_discovery:discover_packages(path) check parameters
[0.502s] Level 1:colcon.colcon_core.package_discovery:discover_packages(colcon_meta) discover
[0.502s] Level 1:colcon.colcon_core.package_discovery:discover_packages(recursive) discover
[0.502s] INFO:colcon.colcon_core.package_discovery:Crawling recursively for packages in '/home/nkcong206/Documents/autonomous_car'
[0.502s] Level 1:colcon.colcon_core.package_identification:_identify(.) by extensions ['ignore', 'ignore_ament_install']
[0.503s] Level 1:colcon.colcon_core.package_identification:_identify(.) by extension 'ignore'
[0.503s] Level 1:colcon.colcon_core.package_identification:_identify(.) by extension 'ignore_ament_install'
[0.503s] Level 1:colcon.colcon_core.package_identification:_identify(.) by extensions ['colcon_pkg']
[0.503s] Level 1:colcon.colcon_core.package_identification:_identify(.) by extension 'colcon_pkg'
[0.503s] Level 1:colcon.colcon_core.package_identification:_identify(.) by extensions ['colcon_meta']
[0.503s] Level 1:colcon.colcon_core.package_identification:_identify(.) by extension 'colcon_meta'
[0.503s] Level 1:colcon.colcon_core.package_identification:_identify(.) by extensions ['ros']
[0.503s] Level 1:colcon.colcon_core.package_identification:_identify(.) by extension 'ros'
[0.518s] Level 1:colcon.colcon_core.package_identification:_identify(.) by extensions ['cmake', 'python']
[0.518s] Level 1:colcon.colcon_core.package_identification:_identify(.) by extension 'cmake'
[0.518s] Level 1:colcon.colcon_core.package_identification:_identify(.) by extension 'python'
[0.518s] Level 1:colcon.colcon_core.package_identification:_identify(.) by extensions ['python_setup_py']
[0.518s] Level 1:colcon.colcon_core.package_identification:_identify(.) by extension 'python_setup_py'
[0.519s] Level 1:colcon.colcon_core.package_identification:_identify(build) by extensions ['ignore', 'ignore_ament_install']
[0.519s] Level 1:colcon.colcon_core.package_identification:_identify(build) by extension 'ignore'
[0.519s] Level 1:colcon.colcon_core.package_identification:_identify(build) ignored
[0.519s] Level 1:colcon.colcon_core.package_identification:_identify(collect_data) by extensions ['ignore', 'ignore_ament_install']
[0.520s] Level 1:colcon.colcon_core.package_identification:_identify(collect_data) by extension 'ignore'
[0.520s] Level 1:colcon.colcon_core.package_identification:_identify(collect_data) by extension 'ignore_ament_install'
[0.520s] Level 1:colcon.colcon_core.package_identification:_identify(collect_data) by extensions ['colcon_pkg']
[0.520s] Level 1:colcon.colcon_core.package_identification:_identify(collect_data) by extension 'colcon_pkg'
[0.520s] Level 1:colcon.colcon_core.package_identification:_identify(collect_data) by extensions ['colcon_meta']
[0.520s] Level 1:colcon.colcon_core.package_identification:_identify(collect_data) by extension 'colcon_meta'
[0.520s] Level 1:colcon.colcon_core.package_identification:_identify(collect_data) by extensions ['ros']
[0.520s] Level 1:colcon.colcon_core.package_identification:_identify(collect_data) by extension 'ros'
[0.520s] Level 1:colcon.colcon_core.package_identification:_identify(collect_data) by extensions ['cmake', 'python']
[0.520s] Level 1:colcon.colcon_core.package_identification:_identify(collect_data) by extension 'cmake'
[0.520s] Level 1:colcon.colcon_core.package_identification:_identify(collect_data) by extension 'python'
[0.520s] Level 1:colcon.colcon_core.package_identification:_identify(collect_data) by extensions ['python_setup_py']
[0.520s] Level 1:colcon.colcon_core.package_identification:_identify(collect_data) by extension 'python_setup_py'
[0.521s] Level 1:colcon.colcon_core.package_identification:_identify(collect_data/auto_car) by extensions ['ignore', 'ignore_ament_install']
[0.521s] Level 1:colcon.colcon_core.package_identification:_identify(collect_data/auto_car) by extension 'ignore'
[0.521s] Level 1:colcon.colcon_core.package_identification:_identify(collect_data/auto_car) by extension 'ignore_ament_install'
[0.521s] Level 1:colcon.colcon_core.package_identification:_identify(collect_data/auto_car) by extensions ['colcon_pkg']
[0.521s] Level 1:colcon.colcon_core.package_identification:_identify(collect_data/auto_car) by extension 'colcon_pkg'
[0.521s] Level 1:colcon.colcon_core.package_identification:_identify(collect_data/auto_car) by extensions ['colcon_meta']
[0.521s] Level 1:colcon.colcon_core.package_identification:_identify(collect_data/auto_car) by extension 'colcon_meta'
[0.521s] Level 1:colcon.colcon_core.package_identification:_identify(collect_data/auto_car) by extensions ['ros']
[0.521s] Level 1:colcon.colcon_core.package_identification:_identify(collect_data/auto_car) by extension 'ros'
[0.525s] DEBUG:colcon.colcon_core.package_identification:Package 'collect_data/auto_car' with type 'ros.ament_python' and name 'auto_car'
[0.526s] Level 1:colcon.colcon_core.package_identification:_identify(collect_data/rplidar_ros2) by extensions ['ignore', 'ignore_ament_install']
[0.526s] Level 1:colcon.colcon_core.package_identification:_identify(collect_data/rplidar_ros2) by extension 'ignore'
[0.526s] Level 1:colcon.colcon_core.package_identification:_identify(collect_data/rplidar_ros2) by extension 'ignore_ament_install'
[0.526s] Level 1:colcon.colcon_core.package_identification:_identify(collect_data/rplidar_ros2) by extensions ['colcon_pkg']
[0.526s] Level 1:colcon.colcon_core.package_identification:_identify(collect_data/rplidar_ros2) by extension 'colcon_pkg'
[0.526s] Level 1:colcon.colcon_core.package_identification:_identify(collect_data/rplidar_ros2) by extensions ['colcon_meta']
[0.526s] Level 1:colcon.colcon_core.package_identification:_identify(collect_data/rplidar_ros2) by extension 'colcon_meta'
[0.526s] Level 1:colcon.colcon_core.package_identification:_identify(collect_data/rplidar_ros2) by extensions ['ros']
[0.526s] Level 1:colcon.colcon_core.package_identification:_identify(collect_data/rplidar_ros2) by extension 'ros'
[0.527s] DEBUG:colcon.colcon_core.package_identification:Package 'collect_data/rplidar_ros2' with type 'ros.ament_cmake' and name 'rplidar_ros'
[0.527s] Level 1:colcon.colcon_core.package_identification:_identify(collect_data/tools) by extensions ['ignore', 'ignore_ament_install']
[0.528s] Level 1:colcon.colcon_core.package_identification:_identify(collect_data/tools) by extension 'ignore'
[0.528s] Level 1:colcon.colcon_core.package_identification:_identify(collect_data/tools) by extension 'ignore_ament_install'
[0.528s] Level 1:colcon.colcon_core.package_identification:_identify(collect_data/tools) by extensions ['colcon_pkg']
[0.528s] Level 1:colcon.colcon_core.package_identification:_identify(collect_data/tools) by extension 'colcon_pkg'
[0.528s] Level 1:colcon.colcon_core.package_identification:_identify(collect_data/tools) by extensions ['colcon_meta']
[0.528s] Level 1:colcon.colcon_core.package_identification:_identify(collect_data/tools) by extension 'colcon_meta'
[0.528s] Level 1:colcon.colcon_core.package_identification:_identify(collect_data/tools) by extensions ['ros']
[0.528s] Level 1:colcon.colcon_core.package_identification:_identify(collect_data/tools) by extension 'ros'
[0.528s] Level 1:colcon.colcon_core.package_identification:_identify(collect_data/tools) by extensions ['cmake', 'python']
[0.528s] Level 1:colcon.colcon_core.package_identification:_identify(collect_data/tools) by extension 'cmake'
[0.528s] Level 1:colcon.colcon_core.package_identification:_identify(collect_data/tools) by extension 'python'
[0.528s] Level 1:colcon.colcon_core.package_identification:_identify(collect_data/tools) by extensions ['python_setup_py']
[0.528s] Level 1:colcon.colcon_core.package_identification:_identify(collect_data/tools) by extension 'python_setup_py'
[0.529s] Level 1:colcon.colcon_core.package_identification:_identify(collect_data/tools/driving) by extensions ['ignore', 'ignore_ament_install']
[0.529s] Level 1:colcon.colcon_core.package_identification:_identify(collect_data/tools/driving) by extension 'ignore'
[0.529s] Level 1:colcon.colcon_core.package_identification:_identify(collect_data/tools/driving) by extension 'ignore_ament_install'
[0.529s] Level 1:colcon.colcon_core.package_identification:_identify(collect_data/tools/driving) by extensions ['colcon_pkg']
[0.529s] Level 1:colcon.colcon_core.package_identification:_identify(collect_data/tools/driving) by extension 'colcon_pkg'
[0.529s] Level 1:colcon.colcon_core.package_identification:_identify(collect_data/tools/driving) by extensions ['colcon_meta']
[0.529s] Level 1:colcon.colcon_core.package_identification:_identify(collect_data/tools/driving) by extension 'colcon_meta'
[0.529s] Level 1:colcon.colcon_core.package_identification:_identify(collect_data/tools/driving) by extensions ['ros']
[0.529s] Level 1:colcon.colcon_core.package_identification:_identify(collect_data/tools/driving) by extension 'ros'
[0.529s] Level 1:colcon.colcon_core.package_identification:_identify(collect_data/tools/driving) by extensions ['cmake', 'python']
[0.529s] Level 1:colcon.colcon_core.package_identification:_identify(collect_data/tools/driving) by extension 'cmake'
[0.529s] Level 1:colcon.colcon_core.package_identification:_identify(collect_data/tools/driving) by extension 'python'
[0.530s] Level 1:colcon.colcon_core.package_identification:_identify(collect_data/tools/driving) by extensions ['python_setup_py']
[0.530s] Level 1:colcon.colcon_core.package_identification:_identify(collect_data/tools/driving) by extension 'python_setup_py'
[0.530s] Level 1:colcon.colcon_core.package_identification:_identify(collect_data/tools/object) by extensions ['ignore', 'ignore_ament_install']
[0.530s] Level 1:colcon.colcon_core.package_identification:_identify(collect_data/tools/object) by extension 'ignore'
[0.530s] Level 1:colcon.colcon_core.package_identification:_identify(collect_data/tools/object) by extension 'ignore_ament_install'
[0.530s] Level 1:colcon.colcon_core.package_identification:_identify(collect_data/tools/object) by extensions ['colcon_pkg']
[0.530s] Level 1:colcon.colcon_core.package_identification:_identify(collect_data/tools/object) by extension 'colcon_pkg'
[0.530s] Level 1:colcon.colcon_core.package_identification:_identify(collect_data/tools/object) by extensions ['colcon_meta']
[0.530s] Level 1:colcon.colcon_core.package_identification:_identify(collect_data/tools/object) by extension 'colcon_meta'
[0.530s] Level 1:colcon.colcon_core.package_identification:_identify(collect_data/tools/object) by extensions ['ros']
[0.530s] Level 1:colcon.colcon_core.package_identification:_identify(collect_data/tools/object) by extension 'ros'
[0.531s] Level 1:colcon.colcon_core.package_identification:_identify(collect_data/tools/object) by extensions ['cmake', 'python']
[0.531s] Level 1:colcon.colcon_core.package_identification:_identify(collect_data/tools/object) by extension 'cmake'
[0.531s] Level 1:colcon.colcon_core.package_identification:_identify(collect_data/tools/object) by extension 'python'
[0.531s] Level 1:colcon.colcon_core.package_identification:_identify(collect_data/tools/object) by extensions ['python_setup_py']
[0.531s] Level 1:colcon.colcon_core.package_identification:_identify(collect_data/tools/object) by extension 'python_setup_py'
[0.531s] Level 1:colcon.colcon_core.package_identification:_identify(controller) by extensions ['ignore', 'ignore_ament_install']
[0.531s] Level 1:colcon.colcon_core.package_identification:_identify(controller) by extension 'ignore'
[0.531s] Level 1:colcon.colcon_core.package_identification:_identify(controller) by extension 'ignore_ament_install'
[0.531s] Level 1:colcon.colcon_core.package_identification:_identify(controller) by extensions ['colcon_pkg']
[0.531s] Level 1:colcon.colcon_core.package_identification:_identify(controller) by extension 'colcon_pkg'
[0.531s] Level 1:colcon.colcon_core.package_identification:_identify(controller) by extensions ['colcon_meta']
[0.531s] Level 1:colcon.colcon_core.package_identification:_identify(controller) by extension 'colcon_meta'
[0.531s] Level 1:colcon.colcon_core.package_identification:_identify(controller) by extensions ['ros']
[0.531s] Level 1:colcon.colcon_core.package_identification:_identify(controller) by extension 'ros'
[0.533s] DEBUG:colcon.colcon_core.package_identification:Package 'controller' with type 'ros.ament_python' and name 'controller'
[0.533s] Level 1:colcon.colcon_core.package_identification:_identify(install) by extensions ['ignore', 'ignore_ament_install']
[0.533s] Level 1:colcon.colcon_core.package_identification:_identify(install) by extension 'ignore'
[0.533s] Level 1:colcon.colcon_core.package_identification:_identify(install) ignored
[0.533s] Level 1:colcon.colcon_core.package_identification:_identify(log) by extensions ['ignore', 'ignore_ament_install']
[0.533s] Level 1:colcon.colcon_core.package_identification:_identify(log) by extension 'ignore'
[0.533s] Level 1:colcon.colcon_core.package_identification:_identify(log) ignored
[0.534s] Level 1:colcon.colcon_core.package_discovery:discover_packages(recursive) using defaults
[0.534s] Level 1:colcon.colcon_core.package_discovery:discover_packages(ignore) discover
[0.534s] Level 1:colcon.colcon_core.package_discovery:discover_packages(ignore) using defaults
[0.534s] Level 1:colcon.colcon_core.package_discovery:discover_packages(path) discover
[0.534s] Level 1:colcon.colcon_core.package_discovery:discover_packages(path) using defaults
[0.563s] Level 1:colcon.colcon_core.package_discovery:discover_packages(prefix_path) check parameters
[0.563s] Level 1:colcon.colcon_core.package_discovery:discover_packages(prefix_path) discover
[0.567s] DEBUG:colcon.colcon_installed_package_information.package_discovery:Found 3 installed packages in /home/nkcong206/Documents/autonomous_car/install
[0.569s] DEBUG:colcon.colcon_installed_package_information.package_discovery:Found 227 installed packages in /opt/ros/eloquent
[0.571s] Level 1:colcon.colcon_core.package_discovery:discover_packages(prefix_path) using defaults
[0.655s] Level 5:colcon.colcon_core.verb:set package 'auto_car' build argument 'cmake_args' from command line to 'None'
[0.655s] Level 5:colcon.colcon_core.verb:set package 'auto_car' build argument 'cmake_target' from command line to 'None'
[0.655s] Level 5:colcon.colcon_core.verb:set package 'auto_car' build argument 'cmake_target_skip_unavailable' from command line to 'False'
[0.656s] Level 5:colcon.colcon_core.verb:set package 'auto_car' build argument 'cmake_clean_cache' from command line to 'False'
[0.656s] Level 5:colcon.colcon_core.verb:set package 'auto_car' build argument 'cmake_clean_first' from command line to 'False'
[0.656s] Level 5:colcon.colcon_core.verb:set package 'auto_car' build argument 'cmake_force_configure' from command line to 'False'
[0.656s] Level 5:colcon.colcon_core.verb:set package 'auto_car' build argument 'ament_cmake_args' from command line to 'None'
[0.656s] Level 5:colcon.colcon_core.verb:set package 'auto_car' build argument 'catkin_cmake_args' from command line to 'None'
[0.656s] Level 5:colcon.colcon_core.verb:set package 'auto_car' build argument 'catkin_skip_building_tests' from command line to 'False'
[0.656s] DEBUG:colcon.colcon_core.verb:Building package 'auto_car' with the following arguments: {'ament_cmake_args': None, 'build_base': '/home/nkcong206/Documents/autonomous_car/build/auto_car', 'catkin_cmake_args': None, 'catkin_skip_building_tests': False, 'cmake_args': None, 'cmake_clean_cache': False, 'cmake_clean_first': False, 'cmake_force_configure': False, 'cmake_target': None, 'cmake_target_skip_unavailable': False, 'install_base': '/home/nkcong206/Documents/autonomous_car/install/auto_car', 'merge_install': False, 'path': '/home/nkcong206/Documents/autonomous_car/collect_data/auto_car', 'symlink_install': True, 'test_result_base': None}
[0.656s] Level 5:colcon.colcon_core.verb:set package 'controller' build argument 'cmake_args' from command line to 'None'
[0.657s] Level 5:colcon.colcon_core.verb:set package 'controller' build argument 'cmake_target' from command line to 'None'
[0.657s] Level 5:colcon.colcon_core.verb:set package 'controller' build argument 'cmake_target_skip_unavailable' from command line to 'False'
[0.657s] Level 5:colcon.colcon_core.verb:set package 'controller' build argument 'cmake_clean_cache' from command line to 'False'
[0.657s] Level 5:colcon.colcon_core.verb:set package 'controller' build argument 'cmake_clean_first' from command line to 'False'
[0.657s] Level 5:colcon.colcon_core.verb:set package 'controller' build argument 'cmake_force_configure' from command line to 'False'
[0.657s] Level 5:colcon.colcon_core.verb:set package 'controller' build argument 'ament_cmake_args' from command line to 'None'
[0.657s] Level 5:colcon.colcon_core.verb:set package 'controller' build argument 'catkin_cmake_args' from command line to 'None'
[0.657s] Level 5:colcon.colcon_core.verb:set package 'controller' build argument 'catkin_skip_building_tests' from command line to 'False'
[0.657s] DEBUG:colcon.colcon_core.verb:Building package 'controller' with the following arguments: {'ament_cmake_args': None, 'build_base': '/home/nkcong206/Documents/autonomous_car/build/controller', 'catkin_cmake_args': None, 'catkin_skip_building_tests': False, 'cmake_args': None, 'cmake_clean_cache': False, 'cmake_clean_first': False, 'cmake_force_configure': False, 'cmake_target': None, 'cmake_target_skip_unavailable': False, 'install_base': '/home/nkcong206/Documents/autonomous_car/install/controller', 'merge_install': False, 'path': '/home/nkcong206/Documents/autonomous_car/controller', 'symlink_install': True, 'test_result_base': None}
[0.659s] Level 5:colcon.colcon_core.verb:set package 'rplidar_ros' build argument 'cmake_args' from command line to 'None'
[0.659s] Level 5:colcon.colcon_core.verb:set package 'rplidar_ros' build argument 'cmake_target' from command line to 'None'
[0.659s] Level 5:colcon.colcon_core.verb:set package 'rplidar_ros' build argument 'cmake_target_skip_unavailable' from command line to 'False'
[0.659s] Level 5:colcon.colcon_core.verb:set package 'rplidar_ros' build argument 'cmake_clean_cache' from command line to 'False'
[0.659s] Level 5:colcon.colcon_core.verb:set package 'rplidar_ros' build argument 'cmake_clean_first' from command line to 'False'
[0.659s] Level 5:colcon.colcon_core.verb:set package 'rplidar_ros' build argument 'cmake_force_configure' from command line to 'False'
[0.659s] Level 5:colcon.colcon_core.verb:set package 'rplidar_ros' build argument 'ament_cmake_args' from command line to 'None'
[0.659s] Level 5:colcon.colcon_core.verb:set package 'rplidar_ros' build argument 'catkin_cmake_args' from command line to 'None'
[0.659s] Level 5:colcon.colcon_core.verb:set package 'rplidar_ros' build argument 'catkin_skip_building_tests' from command line to 'False'
[0.659s] DEBUG:colcon.colcon_core.verb:Building package 'rplidar_ros' with the following arguments: {'ament_cmake_args': None, 'build_base': '/home/nkcong206/Documents/autonomous_car/build/rplidar_ros', 'catkin_cmake_args': None, 'catkin_skip_building_tests': False, 'cmake_args': None, 'cmake_clean_cache': False, 'cmake_clean_first': False, 'cmake_force_configure': False, 'cmake_target': None, 'cmake_target_skip_unavailable': False, 'install_base': '/home/nkcong206/Documents/autonomous_car/install/rplidar_ros', 'merge_install': False, 'path': '/home/nkcong206/Documents/autonomous_car/collect_data/rplidar_ros2', 'symlink_install': True, 'test_result_base': None}
[0.660s] INFO:colcon.colcon_core.executor:Executing jobs using 'parallel' executor
[0.661s] DEBUG:colcon.colcon_parallel_executor.executor.parallel:run_until_complete
[0.661s] INFO:colcon.colcon_ros.task.ament_python.build:Building ROS package in '/home/nkcong206/Documents/autonomous_car/collect_data/auto_car' with build type 'ament_python'
[0.662s] Level 1:colcon.colcon_core.shell:create_environment_hook('auto_car', 'ament_prefix_path')
[0.665s] INFO:colcon.colcon_core.plugin_system:Skipping extension 'colcon_core.shell.bat': Not used on non-Windows systems
[0.666s] INFO:colcon.colcon_core.shell:Creating environment hook '/home/nkcong206/Documents/autonomous_car/install/auto_car/share/auto_car/hook/ament_prefix_path.ps1'
[0.667s] INFO:colcon.colcon_core.shell:Creating environment descriptor '/home/nkcong206/Documents/autonomous_car/install/auto_car/share/auto_car/hook/ament_prefix_path.dsv'
[0.667s] INFO:colcon.colcon_core.shell:Creating environment hook '/home/nkcong206/Documents/autonomous_car/install/auto_car/share/auto_car/hook/ament_prefix_path.sh'
[0.668s] INFO:colcon.colcon_core.shell:Skip shell extension 'powershell' for command environment: Not usable outside of PowerShell
[0.668s] DEBUG:colcon.colcon_core.shell:Skip shell extension 'dsv' for command environment
[0.676s] INFO:colcon.colcon_ros.task.ament_python.build:Building ROS package in '/home/nkcong206/Documents/autonomous_car/controller' with build type 'ament_python'
[0.677s] Level 1:colcon.colcon_core.shell:create_environment_hook('controller', 'ament_prefix_path')
[0.679s] INFO:colcon.colcon_core.shell:Creating environment hook '/home/nkcong206/Documents/autonomous_car/install/controller/share/controller/hook/ament_prefix_path.ps1'
[0.680s] INFO:colcon.colcon_core.shell:Creating environment descriptor '/home/nkcong206/Documents/autonomous_car/install/controller/share/controller/hook/ament_prefix_path.dsv'
[0.681s] INFO:colcon.colcon_core.shell:Creating environment hook '/home/nkcong206/Documents/autonomous_car/install/controller/share/controller/hook/ament_prefix_path.sh'
[0.682s] INFO:colcon.colcon_core.shell:Skip shell extension 'powershell' for command environment: Not usable outside of PowerShell
[0.682s] DEBUG:colcon.colcon_core.shell:Skip shell extension 'dsv' for command environment
[0.689s] INFO:colcon.colcon_ros.task.ament_cmake.build:Building ROS package in '/home/nkcong206/Documents/autonomous_car/collect_data/rplidar_ros2' with build type 'ament_cmake'
[0.690s] INFO:colcon.colcon_cmake.task.cmake.build:Building CMake package in '/home/nkcong206/Documents/autonomous_car/collect_data/rplidar_ros2'
[0.692s] INFO:colcon.colcon_core.shell:Skip shell extension 'powershell' for command environment: Not usable outside of PowerShell
[0.692s] DEBUG:colcon.colcon_core.shell:Skip shell extension 'dsv' for command environment
[1.163s] INFO:colcon.colcon_core.task.python.build:Building Python package in '/home/nkcong206/Documents/autonomous_car/collect_data/auto_car'
[1.168s] INFO:colcon.colcon_core.shell:Skip shell extension 'powershell' for command environment: Not usable outside of PowerShell
[1.168s] DEBUG:colcon.colcon_core.shell:Skip shell extension 'dsv' for command environment
[1.619s] INFO:colcon.colcon_core.task.python.build:Building Python package in '/home/nkcong206/Documents/autonomous_car/controller'
[1.620s] INFO:colcon.colcon_core.shell:Skip shell extension 'powershell' for command environment: Not usable outside of PowerShell
[1.620s] DEBUG:colcon.colcon_core.shell:Skip shell extension 'dsv' for command environment
[1.634s] DEBUG:colcon.colcon_core.event_handler.log_command:Invoking command in '/home/nkcong206/Documents/autonomous_car/build/rplidar_ros': CMAKE_PREFIX_PATH=${CMAKE_PREFIX_PATH}:/home/nkcong206/Documents/autonomous_car/install/controller:/home/nkcong206/Documents/autonomous_car/install/auto_car:/opt/ros/eloquent /usr/local/bin/cmake --build /home/nkcong206/Documents/autonomous_car/build/rplidar_ros -- -j4 -l4
[1.833s] DEBUG:colcon.colcon_core.event_handler.log_command:Invoked command in '/home/nkcong206/Documents/autonomous_car/build/rplidar_ros' returned '0': CMAKE_PREFIX_PATH=${CMAKE_PREFIX_PATH}:/home/nkcong206/Documents/autonomous_car/install/controller:/home/nkcong206/Documents/autonomous_car/install/auto_car:/opt/ros/eloquent /usr/local/bin/cmake --build /home/nkcong206/Documents/autonomous_car/build/rplidar_ros -- -j4 -l4
[1.932s] DEBUG:colcon.colcon_core.event_handler.log_command:Invoking command in '/home/nkcong206/Documents/autonomous_car/build/rplidar_ros': CMAKE_PREFIX_PATH=${CMAKE_PREFIX_PATH}:/home/nkcong206/Documents/autonomous_car/install/controller:/home/nkcong206/Documents/autonomous_car/install/auto_car:/opt/ros/eloquent /usr/local/bin/cmake --install /home/nkcong206/Documents/autonomous_car/build/rplidar_ros
[1.984s] Level 1:colcon.colcon_core.environment:create_environment_scripts_only(rplidar_ros)
[1.990s] Level 1:colcon.colcon_core.environment:checking '/home/nkcong206/Documents/autonomous_car/install/rplidar_ros' for CMake module files
[1.992s] Level 1:colcon.colcon_core.environment:checking '/home/nkcong206/Documents/autonomous_car/install/rplidar_ros' for CMake config files
[1.993s] Level 1:colcon.colcon_core.shell:create_environment_hook('rplidar_ros', 'cmake_prefix_path')
[1.994s] DEBUG:colcon.colcon_core.event_handler.log_command:Invoked command in '/home/nkcong206/Documents/autonomous_car/build/rplidar_ros' returned '0': CMAKE_PREFIX_PATH=${CMAKE_PREFIX_PATH}:/home/nkcong206/Documents/autonomous_car/install/controller:/home/nkcong206/Documents/autonomous_car/install/auto_car:/opt/ros/eloquent /usr/local/bin/cmake --install /home/nkcong206/Documents/autonomous_car/build/rplidar_ros
[1.995s] INFO:colcon.colcon_core.shell:Creating environment hook '/home/nkcong206/Documents/autonomous_car/install/rplidar_ros/share/rplidar_ros/hook/cmake_prefix_path.ps1'
[1.996s] INFO:colcon.colcon_core.shell:Creating environment descriptor '/home/nkcong206/Documents/autonomous_car/install/rplidar_ros/share/rplidar_ros/hook/cmake_prefix_path.dsv'
[1.997s] INFO:colcon.colcon_core.shell:Creating environment hook '/home/nkcong206/Documents/autonomous_car/install/rplidar_ros/share/rplidar_ros/hook/cmake_prefix_path.sh'
[1.999s] Level 1:colcon.colcon_core.environment:checking '/home/nkcong206/Documents/autonomous_car/install/rplidar_ros/lib'
[1.999s] Level 1:colcon.colcon_core.shell:create_environment_hook('rplidar_ros', 'ld_library_path_lib')
[2.000s] INFO:colcon.colcon_core.shell:Creating environment hook '/home/nkcong206/Documents/autonomous_car/install/rplidar_ros/share/rplidar_ros/hook/ld_library_path_lib.ps1'
[2.001s] INFO:colcon.colcon_core.shell:Creating environment descriptor '/home/nkcong206/Documents/autonomous_car/install/rplidar_ros/share/rplidar_ros/hook/ld_library_path_lib.dsv'
[2.001s] INFO:colcon.colcon_core.shell:Creating environment hook '/home/nkcong206/Documents/autonomous_car/install/rplidar_ros/share/rplidar_ros/hook/ld_library_path_lib.sh'
[2.002s] Level 1:colcon.colcon_core.environment:checking '/home/nkcong206/Documents/autonomous_car/install/rplidar_ros/bin'
[2.002s] Level 1:colcon.colcon_core.environment:checking '/home/nkcong206/Documents/autonomous_car/install/rplidar_ros/lib/pkgconfig/rplidar_ros.pc'
[2.003s] Level 1:colcon.colcon_core.environment:checking '/home/nkcong206/Documents/autonomous_car/install/rplidar_ros/lib/python3.6/site-packages'
[2.003s] Level 1:colcon.colcon_core.environment:checking '/home/nkcong206/Documents/autonomous_car/install/rplidar_ros/bin'
[2.004s] INFO:colcon.colcon_core.shell:Creating package script '/home/nkcong206/Documents/autonomous_car/install/rplidar_ros/share/rplidar_ros/package.ps1'
[2.006s] INFO:colcon.colcon_core.shell:Creating package descriptor '/home/nkcong206/Documents/autonomous_car/install/rplidar_ros/share/rplidar_ros/package.dsv'
[2.007s] INFO:colcon.colcon_core.shell:Creating package script '/home/nkcong206/Documents/autonomous_car/install/rplidar_ros/share/rplidar_ros/package.sh'
[2.009s] INFO:colcon.colcon_core.shell:Creating package script '/home/nkcong206/Documents/autonomous_car/install/rplidar_ros/share/rplidar_ros/package.bash'
[2.011s] INFO:colcon.colcon_core.shell:Creating package script '/home/nkcong206/Documents/autonomous_car/install/rplidar_ros/share/rplidar_ros/package.zsh'
[2.013s] Level 1:colcon.colcon_core.environment:create_file_with_runtime_dependencies(/home/nkcong206/Documents/autonomous_car/install/rplidar_ros/share/colcon-core/packages/rplidar_ros)
[2.098s] Level 1:colcon.colcon_core.environment:create_environment_scripts_only(rplidar_ros)
[2.099s] Level 1:colcon.colcon_core.environment:checking '/home/nkcong206/Documents/autonomous_car/install/rplidar_ros' for CMake module files
[2.100s] Level 1:colcon.colcon_core.environment:checking '/home/nkcong206/Documents/autonomous_car/install/rplidar_ros' for CMake config files
[2.101s] Level 1:colcon.colcon_core.shell:create_environment_hook('rplidar_ros', 'cmake_prefix_path')
[2.101s] INFO:colcon.colcon_core.shell:Creating environment hook '/home/nkcong206/Documents/autonomous_car/install/rplidar_ros/share/rplidar_ros/hook/cmake_prefix_path.ps1'
[2.102s] INFO:colcon.colcon_core.shell:Creating environment descriptor '/home/nkcong206/Documents/autonomous_car/install/rplidar_ros/share/rplidar_ros/hook/cmake_prefix_path.dsv'
[2.102s] INFO:colcon.colcon_core.shell:Creating environment hook '/home/nkcong206/Documents/autonomous_car/install/rplidar_ros/share/rplidar_ros/hook/cmake_prefix_path.sh'
[2.104s] Level 1:colcon.colcon_core.environment:checking '/home/nkcong206/Documents/autonomous_car/install/rplidar_ros/lib'
[2.104s] Level 1:colcon.colcon_core.shell:create_environment_hook('rplidar_ros', 'ld_library_path_lib')
[2.104s] INFO:colcon.colcon_core.shell:Creating environment hook '/home/nkcong206/Documents/autonomous_car/install/rplidar_ros/share/rplidar_ros/hook/ld_library_path_lib.ps1'
[2.105s] INFO:colcon.colcon_core.shell:Creating environment descriptor '/home/nkcong206/Documents/autonomous_car/install/rplidar_ros/share/rplidar_ros/hook/ld_library_path_lib.dsv'
[2.105s] INFO:colcon.colcon_core.shell:Creating environment hook '/home/nkcong206/Documents/autonomous_car/install/rplidar_ros/share/rplidar_ros/hook/ld_library_path_lib.sh'
[2.106s] Level 1:colcon.colcon_core.environment:checking '/home/nkcong206/Documents/autonomous_car/install/rplidar_ros/bin'
[2.106s] Level 1:colcon.colcon_core.environment:checking '/home/nkcong206/Documents/autonomous_car/install/rplidar_ros/lib/pkgconfig/rplidar_ros.pc'
[2.107s] Level 1:colcon.colcon_core.environment:checking '/home/nkcong206/Documents/autonomous_car/install/rplidar_ros/lib/python3.6/site-packages'
[2.107s] Level 1:colcon.colcon_core.environment:checking '/home/nkcong206/Documents/autonomous_car/install/rplidar_ros/bin'
[2.108s] INFO:colcon.colcon_core.shell:Creating package script '/home/nkcong206/Documents/autonomous_car/install/rplidar_ros/share/rplidar_ros/package.ps1'
[2.109s] INFO:colcon.colcon_core.shell:Creating package descriptor '/home/nkcong206/Documents/autonomous_car/install/rplidar_ros/share/rplidar_ros/package.dsv'
[2.110s] INFO:colcon.colcon_core.shell:Creating package script '/home/nkcong206/Documents/autonomous_car/install/rplidar_ros/share/rplidar_ros/package.sh'
[2.111s] INFO:colcon.colcon_core.shell:Creating package script '/home/nkcong206/Documents/autonomous_car/install/rplidar_ros/share/rplidar_ros/package.bash'
[2.112s] INFO:colcon.colcon_core.shell:Creating package script '/home/nkcong206/Documents/autonomous_car/install/rplidar_ros/share/rplidar_ros/package.zsh'
[2.113s] Level 1:colcon.colcon_core.environment:create_file_with_runtime_dependencies(/home/nkcong206/Documents/autonomous_car/install/rplidar_ros/share/colcon-core/packages/rplidar_ros)
[2.431s] DEBUG:colcon.colcon_core.event_handler.log_command:Invoking command in '/home/nkcong206/Documents/autonomous_car/build/auto_car': PYTHONPATH=/home/nkcong206/Documents/autonomous_car/build/auto_car/prefix_override:/home/nkcong206/Documents/autonomous_car/install/auto_car/lib/python3.6/site-packages:${PYTHONPATH} /usr/bin/python3 setup.py develop --editable --build-directory /home/nkcong206/Documents/autonomous_car/build/auto_car/build --no-deps install_data
[2.471s] DEBUG:colcon.colcon_core.event_handler.log_command:Invoking command in '/home/nkcong206/Documents/autonomous_car/build/controller': PYTHONPATH=/home/nkcong206/Documents/autonomous_car/build/controller/prefix_override:/home/nkcong206/Documents/autonomous_car/install/controller/lib/python3.6/site-packages:${PYTHONPATH} /usr/bin/python3 setup.py develop --editable --build-directory /home/nkcong206/Documents/autonomous_car/build/controller/build --no-deps install_data
[3.090s] Level 1:colcon.colcon_core.shell:create_environment_hook('auto_car', 'pythonpath_develop')
[3.091s] INFO:colcon.colcon_core.shell:Creating environment hook '/home/nkcong206/Documents/autonomous_car/build/auto_car/share/auto_car/hook/pythonpath_develop.ps1'
[3.092s] DEBUG:colcon.colcon_core.event_handler.log_command:Invoked command in '/home/nkcong206/Documents/autonomous_car/build/auto_car' returned '0': PYTHONPATH=/home/nkcong206/Documents/autonomous_car/build/auto_car/prefix_override:/home/nkcong206/Documents/autonomous_car/install/auto_car/lib/python3.6/site-packages:${PYTHONPATH} /usr/bin/python3 setup.py develop --editable --build-directory /home/nkcong206/Documents/autonomous_car/build/auto_car/build --no-deps install_data
[3.093s] INFO:colcon.colcon_core.shell:Creating environment descriptor '/home/nkcong206/Documents/autonomous_car/build/auto_car/share/auto_car/hook/pythonpath_develop.dsv'
[3.094s] INFO:colcon.colcon_core.shell:Creating environment hook '/home/nkcong206/Documents/autonomous_car/build/auto_car/share/auto_car/hook/pythonpath_develop.sh'
[3.096s] Level 1:colcon.colcon_core.environment:checking '/home/nkcong206/Documents/autonomous_car/install/auto_car' for CMake module files
[3.097s] Level 1:colcon.colcon_core.environment:checking '/home/nkcong206/Documents/autonomous_car/install/auto_car' for CMake config files
[3.099s] Level 1:colcon.colcon_core.environment:checking '/home/nkcong206/Documents/autonomous_car/install/auto_car/lib'
[3.099s] Level 1:colcon.colcon_core.environment:checking '/home/nkcong206/Documents/autonomous_car/install/auto_car/bin'
[3.100s] Level 1:colcon.colcon_core.environment:checking '/home/nkcong206/Documents/autonomous_car/install/auto_car/lib/pkgconfig/auto_car.pc'
[3.100s] Level 1:colcon.colcon_core.environment:checking '/home/nkcong206/Documents/autonomous_car/install/auto_car/lib/python3.6/site-packages'
[3.100s] Level 1:colcon.colcon_core.shell:create_environment_hook('auto_car', 'pythonpath')
[3.102s] INFO:colcon.colcon_core.shell:Creating environment hook '/home/nkcong206/Documents/autonomous_car/install/auto_car/share/auto_car/hook/pythonpath.ps1'
[3.103s] INFO:colcon.colcon_core.shell:Creating environment descriptor '/home/nkcong206/Documents/autonomous_car/install/auto_car/share/auto_car/hook/pythonpath.dsv'
[3.104s] INFO:colcon.colcon_core.shell:Creating environment hook '/home/nkcong206/Documents/autonomous_car/install/auto_car/share/auto_car/hook/pythonpath.sh'
[3.106s] Level 1:colcon.colcon_core.environment:checking '/home/nkcong206/Documents/autonomous_car/install/auto_car/bin'
[3.106s] Level 1:colcon.colcon_core.environment:create_environment_scripts_only(auto_car)
[3.107s] INFO:colcon.colcon_core.shell:Creating package script '/home/nkcong206/Documents/autonomous_car/install/auto_car/share/auto_car/package.ps1'
[3.108s] INFO:colcon.colcon_core.shell:Creating package descriptor '/home/nkcong206/Documents/autonomous_car/install/auto_car/share/auto_car/package.dsv'
[3.109s] INFO:colcon.colcon_core.shell:Creating package script '/home/nkcong206/Documents/autonomous_car/install/auto_car/share/auto_car/package.sh'
[3.111s] INFO:colcon.colcon_core.shell:Creating package script '/home/nkcong206/Documents/autonomous_car/install/auto_car/share/auto_car/package.bash'
[3.112s] INFO:colcon.colcon_core.shell:Creating package script '/home/nkcong206/Documents/autonomous_car/install/auto_car/share/auto_car/package.zsh'
[3.112s] Level 1:colcon.colcon_core.environment:create_file_with_runtime_dependencies(/home/nkcong206/Documents/autonomous_car/install/auto_car/share/colcon-core/packages/auto_car)
[3.116s] Level 1:colcon.colcon_core.shell:create_environment_hook('controller', 'pythonpath_develop')
[3.117s] INFO:colcon.colcon_core.shell:Creating environment hook '/home/nkcong206/Documents/autonomous_car/build/controller/share/controller/hook/pythonpath_develop.ps1'
[3.118s] DEBUG:colcon.colcon_core.event_handler.log_command:Invoked command in '/home/nkcong206/Documents/autonomous_car/build/controller' returned '0': PYTHONPATH=/home/nkcong206/Documents/autonomous_car/build/controller/prefix_override:/home/nkcong206/Documents/autonomous_car/install/controller/lib/python3.6/site-packages:${PYTHONPATH} /usr/bin/python3 setup.py develop --editable --build-directory /home/nkcong206/Documents/autonomous_car/build/controller/build --no-deps install_data
[3.118s] INFO:colcon.colcon_core.shell:Creating environment descriptor '/home/nkcong206/Documents/autonomous_car/build/controller/share/controller/hook/pythonpath_develop.dsv'
[3.119s] INFO:colcon.colcon_core.shell:Creating environment hook '/home/nkcong206/Documents/autonomous_car/build/controller/share/controller/hook/pythonpath_develop.sh'
[3.120s] Level 1:colcon.colcon_core.environment:checking '/home/nkcong206/Documents/autonomous_car/install/controller' for CMake module files
[3.120s] Level 1:colcon.colcon_core.environment:checking '/home/nkcong206/Documents/autonomous_car/install/controller' for CMake config files
[3.122s] Level 1:colcon.colcon_core.environment:checking '/home/nkcong206/Documents/autonomous_car/install/controller/lib'
[3.122s] Level 1:colcon.colcon_core.environment:checking '/home/nkcong206/Documents/autonomous_car/install/controller/bin'
[3.122s] Level 1:colcon.colcon_core.environment:checking '/home/nkcong206/Documents/autonomous_car/install/controller/lib/pkgconfig/controller.pc'
[3.122s] Level 1:colcon.colcon_core.environment:checking '/home/nkcong206/Documents/autonomous_car/install/controller/lib/python3.6/site-packages'
[3.122s] Level 1:colcon.colcon_core.shell:create_environment_hook('controller', 'pythonpath')
[3.123s] INFO:colcon.colcon_core.shell:Creating environment hook '/home/nkcong206/Documents/autonomous_car/install/controller/share/controller/hook/pythonpath.ps1'
[3.123s] INFO:colcon.colcon_core.shell:Creating environment descriptor '/home/nkcong206/Documents/autonomous_car/install/controller/share/controller/hook/pythonpath.dsv'
[3.124s] INFO:colcon.colcon_core.shell:Creating environment hook '/home/nkcong206/Documents/autonomous_car/install/controller/share/controller/hook/pythonpath.sh'
[3.124s] Level 1:colcon.colcon_core.environment:checking '/home/nkcong206/Documents/autonomous_car/install/controller/bin'
[3.125s] Level 1:colcon.colcon_core.environment:create_environment_scripts_only(controller)
[3.125s] INFO:colcon.colcon_core.shell:Creating package script '/home/nkcong206/Documents/autonomous_car/install/controller/share/controller/package.ps1'
[3.126s] INFO:colcon.colcon_core.shell:Creating package descriptor '/home/nkcong206/Documents/autonomous_car/install/controller/share/controller/package.dsv'
[3.126s] INFO:colcon.colcon_core.shell:Creating package script '/home/nkcong206/Documents/autonomous_car/install/controller/share/controller/package.sh'
[3.127s] INFO:colcon.colcon_core.shell:Creating package script '/home/nkcong206/Documents/autonomous_car/install/controller/share/controller/package.bash'
[3.128s] INFO:colcon.colcon_core.shell:Creating package script '/home/nkcong206/Documents/autonomous_car/install/controller/share/controller/package.zsh'
[3.128s] Level 1:colcon.colcon_core.environment:create_file_with_runtime_dependencies(/home/nkcong206/Documents/autonomous_car/install/controller/share/colcon-core/packages/controller)
[3.128s] DEBUG:colcon.colcon_parallel_executor.executor.parallel:closing loop
[3.130s] DEBUG:colcon.colcon_parallel_executor.executor.parallel:loop closed
[3.130s] DEBUG:colcon.colcon_parallel_executor.executor.parallel:run_until_complete finished with '0'
[3.130s] DEBUG:colcon.colcon_core.event_reactor:joining thread
[3.142s] INFO:colcon.colcon_core.plugin_system:Skipping extension 'colcon_notification.desktop_notification.terminal_notifier': Not used on non-Darwin systems
[3.142s] INFO:colcon.colcon_core.plugin_system:Skipping extension 'colcon_notification.desktop_notification.win32': Not used on non-Windows systems
[3.142s] INFO:colcon.colcon_notification.desktop_notification:Sending desktop notification using 'notify2'
[3.146s] DEBUG:colcon.colcon_core.event_reactor:joined thread
[3.147s] INFO:colcon.colcon_core.shell:Creating prefix script '/home/nkcong206/Documents/autonomous_car/install/local_setup.ps1'
[3.149s] INFO:colcon.colcon_core.shell:Creating prefix util module '/home/nkcong206/Documents/autonomous_car/install/_local_setup_util_ps1.py'
[3.153s] INFO:colcon.colcon_core.shell:Creating prefix chain script '/home/nkcong206/Documents/autonomous_car/install/setup.ps1'
[3.155s] INFO:colcon.colcon_core.shell:Creating prefix script '/home/nkcong206/Documents/autonomous_car/install/local_setup.sh'
[3.157s] INFO:colcon.colcon_core.shell:Creating prefix util module '/home/nkcong206/Documents/autonomous_car/install/_local_setup_util_sh.py'
[3.158s] INFO:colcon.colcon_core.shell:Creating prefix chain script '/home/nkcong206/Documents/autonomous_car/install/setup.sh'
[3.161s] INFO:colcon.colcon_core.shell:Creating prefix script '/home/nkcong206/Documents/autonomous_car/install/local_setup.bash'
[3.162s] INFO:colcon.colcon_core.shell:Creating prefix chain script '/home/nkcong206/Documents/autonomous_car/install/setup.bash'
[3.164s] INFO:colcon.colcon_core.shell:Creating prefix script '/home/nkcong206/Documents/autonomous_car/install/local_setup.zsh'
[3.166s] INFO:colcon.colcon_core.shell:Creating prefix chain script '/home/nkcong206/Documents/autonomous_car/install/setup.zsh'
