[1.188s] Invoking command in '/home/nkcong206/Documents/autonomous_car/build/rplidar_ros': CMAKE_PREFIX_PATH=/opt/ros/eloquent /usr/local/bin/cmake /home/nkcong206/Documents/autonomous_car/collect_data/rplidar_ros2 -DAMENT_CMAKE_SYMLINK_INSTALL=1 -DCMAKE_INSTALL_PREFIX=/home/nkcong206/Documents/autonomous_car/install/rplidar_ros
[4.228s] -- The C compiler identification is GNU 7.5.0
[5.992s] -- The CXX compiler identification is GNU 7.5.0
[6.279s] -- Detecting C compiler ABI info
[6.573s] -- Detecting C compiler ABI info - done
[6.609s] -- Check for working C compiler: /usr/bin/cc - skipped
[6.623s] -- Detecting C compile features
[6.624s] -- Detecting C compile features - done
[6.676s] -- Detecting CXX compiler ABI info
[6.874s] -- Detecting CXX compiler ABI info - done
[6.920s] -- Check for working CXX compiler: /usr/bin/c++ - skipped
[6.921s] -- Detecting CXX compile features
[6.921s] -- Detecting CXX compile features - done
[6.945s] -- Found ament_cmake_auto: 0.8.3 (/opt/ros/eloquent/share/ament_cmake_auto/cmake)
[6.979s] [33mCMake Warning (dev) at /opt/ros/eloquent/share/ament_cmake_core/cmake/core/python.cmake:22 (find_package):
[6.980s]   Policy CMP0148 is not set: The FindPythonInterp and FindPythonLibs modules
[6.980s]   are removed.  Run "cmake --help-policy CMP0148" for policy details.  Use
[6.980s]   the cmake_policy command to set the policy and suppress this warning.
[6.980s] 
[6.980s] Call Stack (most recent call first):
[6.980s]   /opt/ros/eloquent/share/ament_cmake_core/cmake/core/all.cmake:53 (include)
[6.981s]   /opt/ros/eloquent/share/ament_cmake_core/cmake/ament_cmake_core-extras.cmake:17 (include)
[6.981s]   /opt/ros/eloquent/share/ament_cmake_core/cmake/ament_cmake_coreConfig.cmake:38 (include)
[6.981s]   /opt/ros/eloquent/share/ament_cmake/cmake/ament_cmake_export_dependencies-extras.cmake:15 (find_package)
[6.981s]   /opt/ros/eloquent/share/ament_cmake/cmake/ament_cmakeConfig.cmake:38 (include)
[6.981s]   /opt/ros/eloquent/share/ament_cmake_auto/cmake/ament_cmake_auto-extras.cmake:17 (find_package)
[6.981s]   /opt/ros/eloquent/share/ament_cmake_auto/cmake/ament_cmake_autoConfig.cmake:38 (include)
[6.981s]   CMakeLists.txt:27 (find_package)
[6.982s] This warning is for project developers.  Use -Wno-dev to suppress it.
[6.982s] [0m
[7.068s] -- Found PythonInterp: /usr/bin/python3 (found suitable version "3.6.9", minimum required is "3") 
[7.068s] -- Using PYTHON_EXECUTABLE: /usr/bin/python3
[7.582s] -- Override CMake install command with custom implementation using symlinks instead of copying resources
[7.774s] -- Found ament_cmake_ros: 0.8.0 (/opt/ros/eloquent/share/ament_cmake_ros/cmake)
[8.128s] -- Found rosidl_adapter: 0.8.3 (/opt/ros/eloquent/share/rosidl_adapter/cmake)
[8.417s] -- Found rmw_implementation_cmake: 0.8.1 (/opt/ros/eloquent/share/rmw_implementation_cmake/cmake)
[8.421s] -- Using RMW implementation 'rmw_fastrtps_cpp' as default
[8.467s] -- Performing Test CMAKE_HAVE_LIBC_PTHREAD
[8.720s] -- Performing Test CMAKE_HAVE_LIBC_PTHREAD - Failed
[8.720s] -- Looking for pthread_create in pthreads
[8.856s] -- Looking for pthread_create in pthreads - not found
[8.856s] -- Looking for pthread_create in pthread
[8.990s] -- Looking for pthread_create in pthread - found
[8.992s] -- Found Threads: TRUE  
[9.410s] -- Found poco_vendor:  (/opt/ros/eloquent/share/poco_vendor/cmake)
[9.885s] -- Configuring done (8.5s)
[10.695s] -- Generating done (0.7s)
[10.697s] -- Build files have been written to: /home/nkcong206/Documents/autonomous_car/build/rplidar_ros
[10.704s] Invoked command in '/home/nkcong206/Documents/autonomous_car/build/rplidar_ros' returned '0': CMAKE_PREFIX_PATH=/opt/ros/eloquent /usr/local/bin/cmake /home/nkcong206/Documents/autonomous_car/collect_data/rplidar_ros2 -DAMENT_CMAKE_SYMLINK_INSTALL=1 -DCMAKE_INSTALL_PREFIX=/home/nkcong206/Documents/autonomous_car/install/rplidar_ros
[10.709s] Invoking command in '/home/nkcong206/Documents/autonomous_car/build/rplidar_ros': CMAKE_PREFIX_PATH=/opt/ros/eloquent /usr/local/bin/cmake --build /home/nkcong206/Documents/autonomous_car/build/rplidar_ros -- -j4 -l4
[10.750s] [ 11%] [32mBuilding CXX object CMakeFiles/rplidarNode.dir/sdk/src/arch/linux/net_serial.cpp.o[0m
[10.751s] [ 11%] [32mBuilding CXX object CMakeFiles/rplidarNode.dir/src/node.cpp.o[0m
[10.754s] [ 16%] [32mBuilding CXX object CMakeFiles/rplidar_composition_node.dir/src/rplidar_node.cpp.o[0m
[10.755s] [ 22%] [32mBuilding CXX object CMakeFiles/rplidarNodeClient.dir/src/client.cpp.o[0m
[12.879s] [01m[K/home/nkcong206/Documents/autonomous_car/collect_data/rplidar_ros2/src/node.cpp:231:14:[m[K [01;35m[Kwarning: [m[Kinvalid suffix on literal; C++11 requires a space between literal and string macro [[01;35m[K-Wliteral-suffix[m[K]
[12.879s]      ROS_INFO([01;35m[K"[m[KRPLIDAR running on ROS package rplidar_ros. SDK Version:"RPLIDAR_SDK_VERSION"");
[12.879s]               [01;35m[K^[m[K
[12.953s] [01m[K/home/nkcong206/Documents/autonomous_car/collect_data/rplidar_ros2/sdk/src/arch/linux/net_serial.cpp:[m[K In member function ‘[01m[Kbool rp::arch::net::raw_serial::open(const char*, uint32_t, uint32_t)[m[K’:
[12.953s] [01m[K/home/nkcong206/Documents/autonomous_car/collect_data/rplidar_ros2/sdk/src/arch/linux/net_serial.cpp:97:74:[m[K [01;35m[Kwarning: [m[Kunused parameter ‘[01m[Kflags[m[K’ [[01;35m[K-Wunused-parameter[m[K]
[12.953s]  bool raw_serial::open(const char * portname, uint32_t baudrate, uint32_t [01;35m[Kflags[m[K)
[12.954s]                                                                           [01;35m[K^~~~~[m[K
[12.954s] [01m[K/home/nkcong206/Documents/autonomous_car/collect_data/rplidar_ros2/sdk/src/arch/linux/net_serial.cpp:[m[K In member function ‘[01m[Kvirtual void rp::arch::net::raw_serial::flush(_u32)[m[K’:
[12.954s] [01m[K/home/nkcong206/Documents/autonomous_car/collect_data/rplidar_ros2/sdk/src/arch/linux/net_serial.cpp:281:30:[m[K [01;35m[Kwarning: [m[Kunused parameter ‘[01m[Kflags[m[K’ [[01;35m[K-Wunused-parameter[m[K]
[12.954s]  void raw_serial::flush( _u32 [01;35m[Kflags[m[K)
[12.955s]                               [01;35m[K^~~~~[m[K
[12.955s] [01m[K/home/nkcong206/Documents/autonomous_car/collect_data/rplidar_ros2/sdk/src/arch/linux/net_serial.cpp:[m[K In member function ‘[01m[Kvirtual int rp::arch::net::raw_serial::waitforsent(_u32, size_t*)[m[K’:
[12.955s] [01m[K/home/nkcong206/Documents/autonomous_car/collect_data/rplidar_ros2/sdk/src/arch/linux/net_serial.cpp:286:34:[m[K [01;35m[Kwarning: [m[Kunused parameter ‘[01m[Ktimeout[m[K’ [[01;35m[K-Wunused-parameter[m[K]
[12.955s]  int raw_serial::waitforsent(_u32 [01;35m[Ktimeout[m[K, size_t * returned_size)
[12.955s]                                   [01;35m[K^~~~~~~[m[K
[12.955s] [01m[K/home/nkcong206/Documents/autonomous_car/collect_data/rplidar_ros2/sdk/src/arch/linux/net_serial.cpp:[m[K In member function ‘[01m[Kvirtual int rp::arch::net::raw_serial::waitforrecv(_u32, size_t*)[m[K’:
[12.955s] [01m[K/home/nkcong206/Documents/autonomous_car/collect_data/rplidar_ros2/sdk/src/arch/linux/net_serial.cpp:292:34:[m[K [01;35m[Kwarning: [m[Kunused parameter ‘[01m[Ktimeout[m[K’ [[01;35m[K-Wunused-parameter[m[K]
[12.956s]  int raw_serial::waitforrecv(_u32 [01;35m[Ktimeout[m[K, size_t * returned_size)
[12.956s]                                   [01;35m[K^~~~~~~[m[K
[13.244s] [ 27%] [32mBuilding CXX object CMakeFiles/rplidar_composition_node.dir/sdk/src/arch/linux/net_serial.cpp.o[0m
[13.823s] [01m[K/home/nkcong206/Documents/autonomous_car/collect_data/rplidar_ros2/sdk/src/arch/linux/net_serial.cpp:[m[K In member function ‘[01m[Kbool rp::arch::net::raw_serial::open(const char*, uint32_t, uint32_t)[m[K’:
[13.823s] [01m[K/home/nkcong206/Documents/autonomous_car/collect_data/rplidar_ros2/sdk/src/arch/linux/net_serial.cpp:97:74:[m[K [01;35m[Kwarning: [m[Kunused parameter ‘[01m[Kflags[m[K’ [[01;35m[K-Wunused-parameter[m[K]
[13.823s]  bool raw_serial::open(const char * portname, uint32_t baudrate, uint32_t [01;35m[Kflags[m[K)
[13.823s]                                                                           [01;35m[K^~~~~[m[K
[13.825s] [01m[K/home/nkcong206/Documents/autonomous_car/collect_data/rplidar_ros2/sdk/src/arch/linux/net_serial.cpp:[m[K In member function ‘[01m[Kvirtual void rp::arch::net::raw_serial::flush(_u32)[m[K’:
[13.825s] [01m[K/home/nkcong206/Documents/autonomous_car/collect_data/rplidar_ros2/sdk/src/arch/linux/net_serial.cpp:281:30:[m[K [01;35m[Kwarning: [m[Kunused parameter ‘[01m[Kflags[m[K’ [[01;35m[K-Wunused-parameter[m[K]
[13.825s]  void raw_serial::flush( _u32 [01;35m[Kflags[m[K)
[13.825s]                               [01;35m[K^~~~~[m[K
[13.826s] [01m[K/home/nkcong206/Documents/autonomous_car/collect_data/rplidar_ros2/sdk/src/arch/linux/net_serial.cpp:[m[K In member function ‘[01m[Kvirtual int rp::arch::net::raw_serial::waitforsent(_u32, size_t*)[m[K’:
[13.826s] [01m[K/home/nkcong206/Documents/autonomous_car/collect_data/rplidar_ros2/sdk/src/arch/linux/net_serial.cpp:286:34:[m[K [01;35m[Kwarning: [m[Kunused parameter ‘[01m[Ktimeout[m[K’ [[01;35m[K-Wunused-parameter[m[K]
[13.826s]  int raw_serial::waitforsent(_u32 [01;35m[Ktimeout[m[K, size_t * returned_size)
[13.827s]                                   [01;35m[K^~~~~~~[m[K
[13.827s] [01m[K/home/nkcong206/Documents/autonomous_car/collect_data/rplidar_ros2/sdk/src/arch/linux/net_serial.cpp:[m[K In member function ‘[01m[Kvirtual int rp::arch::net::raw_serial::waitforrecv(_u32, size_t*)[m[K’:
[13.827s] [01m[K/home/nkcong206/Documents/autonomous_car/collect_data/rplidar_ros2/sdk/src/arch/linux/net_serial.cpp:292:34:[m[K [01;35m[Kwarning: [m[Kunused parameter ‘[01m[Ktimeout[m[K’ [[01;35m[K-Wunused-parameter[m[K]
[13.828s]  int raw_serial::waitforrecv(_u32 [01;35m[Ktimeout[m[K, size_t * returned_size)
[13.828s]                                   [01;35m[K^~~~~~~[m[K
[14.037s] [ 33%] [32mBuilding CXX object CMakeFiles/rplidar_composition_node.dir/sdk/src/arch/linux/net_socket.cpp.o[0m
[14.891s] In file included from [01m[K/home/nkcong206/Documents/autonomous_car/collect_data/rplidar_ros2/./sdk/include/rplidar.h:39:0[m[K,
[14.892s]                  from [01m[K/home/nkcong206/Documents/autonomous_car/collect_data/rplidar_ros2/./sdk/src/sdkcommon.h:48[m[K,
[14.893s]                  from [01m[K/home/nkcong206/Documents/autonomous_car/collect_data/rplidar_ros2/sdk/src/arch/linux/net_socket.cpp:10[m[K:
[14.894s] [01m[K/home/nkcong206/Documents/autonomous_car/collect_data/rplidar_ros2/./sdk/include/rplidar_protocol.h:59:15:[m[K [01;35m[Kwarning: [m[KISO C++ forbids zero-size array ‘[01m[Kdata[m[K’ [[01;35m[K-Wpedantic[m[K]
[14.895s]      _u8 data[0[01;35m[K][m[K;
[14.896s]                [01;35m[K^[m[K
[14.898s] In file included from [01m[K/home/nkcong206/Documents/autonomous_car/collect_data/rplidar_ros2/./sdk/include/rplidar.h:40:0[m[K,
[14.899s]                  from [01m[K/home/nkcong206/Documents/autonomous_car/collect_data/rplidar_ros2/./sdk/src/sdkcommon.h:48[m[K,
[14.900s]                  from [01m[K/home/nkcong206/Documents/autonomous_car/collect_data/rplidar_ros2/sdk/src/arch/linux/net_socket.cpp:10[m[K:
[14.901s] [01m[K/home/nkcong206/Documents/autonomous_car/collect_data/rplidar_ros2/./sdk/include/rplidar_cmd.h:260:19:[m[K [01;35m[Kwarning: [m[KISO C++ forbids zero-size array ‘[01m[Kpayload[m[K’ [[01;35m[K-Wpedantic[m[K]
[14.902s]      _u8  payload[0[01;35m[K][m[K;
[14.903s]                    [01;35m[K^[m[K
[14.915s] [01m[K/home/nkcong206/Documents/autonomous_car/collect_data/rplidar_ros2/sdk/src/arch/linux/net_socket.cpp:[m[K In member function ‘[01m[Kvirtual u_result rp::net::SocketAddress::getAddressAsString(char*, size_t) const[m[K’:
[14.916s] [01m[K/home/nkcong206/Documents/autonomous_car/collect_data/rplidar_ros2/sdk/src/arch/linux/net_socket.cpp:170:17:[m[K [01;35m[Kwarning: [m[Kordered comparison of pointer with integer zero [[01;35m[K-Wextra[m[K]
[14.917s]      return ans<=[01;35m[K0[m[K?RESULT_OPERATION_FAIL:RESULT_OK;
[14.918s]                  [01;35m[K^[m[K
[14.927s] [01m[K/home/nkcong206/Documents/autonomous_car/collect_data/rplidar_ros2/sdk/src/arch/linux/net_socket.cpp:[m[K In member function ‘[01m[Kvirtual u_result rp::arch::net::StreamSocketImpl::send(const void*, size_t)[m[K’:
[14.928s] [01m[K/home/nkcong206/Documents/autonomous_car/collect_data/rplidar_ros2/sdk/src/arch/linux/net_socket.cpp:438:17:[m[K [01;35m[Kwarning: [m[Kcomparison between signed and unsigned integer expressions [[01;35m[K-Wsign-compare[m[K]
[14.929s]          if ([01;35m[Kans == (int)len[m[K) {
[14.930s]              [01;35m[K~~~~^~~~~~~~~~~[m[K
[14.962s] In file included from [01m[K/home/nkcong206/Documents/autonomous_car/collect_data/rplidar_ros2/./sdk/src/arch/linux/arch_linux.h:42:0[m[K,
[14.963s]                  from [01m[K/home/nkcong206/Documents/autonomous_car/collect_data/rplidar_ros2/./sdk/src/sdkcommon.h:40[m[K,
[14.964s]                  from [01m[K/home/nkcong206/Documents/autonomous_car/collect_data/rplidar_ros2/sdk/src/arch/linux/net_socket.cpp:10[m[K:
[14.966s] [01m[K/home/nkcong206/Documents/autonomous_car/collect_data/rplidar_ros2/sdk/src/arch/linux/net_socket.cpp:[m[K In member function ‘[01m[Kvirtual u_result rp::arch::net::DGramSocketImpl::sendTo(const rp::net::SocketAddress&, const void*, size_t)[m[K’:
[14.967s] [01m[K/home/nkcong206/Documents/autonomous_car/collect_data/rplidar_ros2/sdk/src/arch/linux/net_socket.cpp:726:24:[m[K [01;35m[Kwarning: [m[Kcomparison between signed and unsigned integer expressions [[01;35m[K-Wsign-compare[m[K]
[14.968s]              assert([01;35m[Kans == (int)l[m[Ken);
[14.969s]                     [01;35m[K~~~~^~~~~~~~~[m[K
[14.974s] In file included from [01m[K/home/nkcong206/Documents/autonomous_car/collect_data/rplidar_ros2/./sdk/include/rplidar.h:39:0[m[K,
[14.974s]                  from [01m[K/home/nkcong206/Documents/autonomous_car/collect_data/rplidar_ros2/include/rplidar_node.hpp:41[m[K,
[14.975s]                  from [01m[K/home/nkcong206/Documents/autonomous_car/collect_data/rplidar_ros2/src/rplidar_node.cpp:36[m[K:
[14.976s] [01m[K/home/nkcong206/Documents/autonomous_car/collect_data/rplidar_ros2/./sdk/include/rplidar_protocol.h:59:15:[m[K [01;35m[Kwarning: [m[KISO C++ forbids zero-size array ‘[01m[Kdata[m[K’ [[01;35m[K-Wpedantic[m[K]
[14.976s]      _u8 data[0[01;35m[K][m[K;
[14.976s]                [01;35m[K^[m[K
[14.976s] In file included from [01m[K/home/nkcong206/Documents/autonomous_car/collect_data/rplidar_ros2/./sdk/include/rplidar.h:40:0[m[K,
[14.976s]                  from [01m[K/home/nkcong206/Documents/autonomous_car/collect_data/rplidar_ros2/include/rplidar_node.hpp:41[m[K,
[14.977s]                  from [01m[K/home/nkcong206/Documents/autonomous_car/collect_data/rplidar_ros2/src/rplidar_node.cpp:36[m[K:
[14.977s] [01m[K/home/nkcong206/Documents/autonomous_car/collect_data/rplidar_ros2/./sdk/include/rplidar_cmd.h:260:19:[m[K [01;35m[Kwarning: [m[KISO C++ forbids zero-size array ‘[01m[Kpayload[m[K’ [[01;35m[K-Wpedantic[m[K]
[14.977s]      _u8  payload[0[01;35m[K][m[K;
[14.977s]                    [01;35m[K^[m[K
[15.040s] In file included from [01m[K/home/nkcong206/Documents/autonomous_car/collect_data/rplidar_ros2/./sdk/include/rplidar.h:39:0[m[K,
[15.040s]                  from [01m[K/home/nkcong206/Documents/autonomous_car/collect_data/rplidar_ros2/src/node.cpp:45[m[K:
[15.041s] [01m[K/home/nkcong206/Documents/autonomous_car/collect_data/rplidar_ros2/./sdk/include/rplidar_protocol.h:59:15:[m[K [01;35m[Kwarning: [m[KISO C++ forbids zero-size array ‘[01m[Kdata[m[K’ [[01;35m[K-Wpedantic[m[K]
[15.041s]      _u8 data[0[01;35m[K][m[K;
[15.041s]                [01;35m[K^[m[K
[15.042s] In file included from [01m[K/home/nkcong206/Documents/autonomous_car/collect_data/rplidar_ros2/./sdk/include/rplidar.h:40:0[m[K,
[15.042s]                  from [01m[K/home/nkcong206/Documents/autonomous_car/collect_data/rplidar_ros2/src/node.cpp:45[m[K:
[15.047s] [01m[K/home/nkcong206/Documents/autonomous_car/collect_data/rplidar_ros2/./sdk/include/rplidar_cmd.h:260:19:[m[K [01;35m[Kwarning: [m[KISO C++ forbids zero-size array ‘[01m[Kpayload[m[K’ [[01;35m[K-Wpedantic[m[K]
[15.047s]      _u8  payload[0[01;35m[K][m[K;
[15.047s]                    [01;35m[K^[m[K
[15.089s] [01m[K/home/nkcong206/Documents/autonomous_car/collect_data/rplidar_ros2/src/node.cpp:[m[K In function ‘[01m[Kbool stop_motor(std::shared_ptr<std_srvs::srv::Empty_Request_<std::allocator<void> > >, std::shared_ptr<std_srvs::srv::Empty_Response_<std::allocator<void> > >)[m[K’:
[15.090s] [01m[K/home/nkcong206/Documents/autonomous_car/collect_data/rplidar_ros2/src/node.cpp:166:70:[m[K [01;35m[Kwarning: [m[Kunused parameter ‘[01m[Kreq[m[K’ [[01;35m[K-Wunused-parameter[m[K]
[15.090s]  bool stop_motor(const std::shared_ptr<std_srvs::srv::Empty::Request> [01;35m[Kreq[m[K,
[15.090s]                                                                       [01;35m[K^~~[m[K
[15.091s] [01m[K/home/nkcong206/Documents/autonomous_car/collect_data/rplidar_ros2/src/node.cpp:167:65:[m[K [01;35m[Kwarning: [m[Kunused parameter ‘[01m[Kres[m[K’ [[01;35m[K-Wunused-parameter[m[K]
[15.091s]                  std::shared_ptr<std_srvs::srv::Empty::Response> [01;35m[Kres[m[K)
[15.091s]                                                                  [01;35m[K^~~[m[K
[15.091s] [01m[K/home/nkcong206/Documents/autonomous_car/collect_data/rplidar_ros2/src/node.cpp:[m[K In function ‘[01m[Kbool start_motor(std::shared_ptr<std_srvs::srv::Empty_Request_<std::allocator<void> > >, std::shared_ptr<std_srvs::srv::Empty_Response_<std::allocator<void> > >)[m[K’:
[15.091s] [01m[K/home/nkcong206/Documents/autonomous_car/collect_data/rplidar_ros2/src/node.cpp:178:71:[m[K [01;35m[Kwarning: [m[Kunused parameter ‘[01m[Kreq[m[K’ [[01;35m[K-Wunused-parameter[m[K]
[15.091s]  bool start_motor(const std::shared_ptr<std_srvs::srv::Empty::Request> [01;35m[Kreq[m[K,
[15.091s]                                                                        [01;35m[K^~~[m[K
[15.092s] [01m[K/home/nkcong206/Documents/autonomous_car/collect_data/rplidar_ros2/src/node.cpp:179:66:[m[K [01;35m[Kwarning: [m[Kunused parameter ‘[01m[Kres[m[K’ [[01;35m[K-Wunused-parameter[m[K]
[15.092s]                   std::shared_ptr<std_srvs::srv::Empty::Response> [01;35m[Kres[m[K)
[15.092s]                                                                   [01;35m[K^~~[m[K
[15.145s] [01m[K/home/nkcong206/Documents/autonomous_car/collect_data/rplidar_ros2/src/rplidar_node.cpp:[m[K In member function ‘[01m[Kvoid rplidar_ros::rplidar_node::stop_motor({anonymous}::EmptyRequest, {anonymous}::EmptyResponse)[m[K’:
[15.145s] [01m[K/home/nkcong206/Documents/autonomous_car/collect_data/rplidar_ros2/src/rplidar_node.cpp:245:50:[m[K [01;35m[Kwarning: [m[Kunused parameter ‘[01m[Kreq[m[K’ [[01;35m[K-Wunused-parameter[m[K]
[15.145s]  void rplidar_node::stop_motor(const EmptyRequest [01;35m[Kreq[m[K, EmptyResponse res)
[15.145s]                                                   [01;35m[K^~~[m[K
[15.148s] [01m[K/home/nkcong206/Documents/autonomous_car/collect_data/rplidar_ros2/src/rplidar_node.cpp:245:69:[m[K [01;35m[Kwarning: [m[Kunused parameter ‘[01m[Kres[m[K’ [[01;35m[K-Wunused-parameter[m[K]
[15.148s]  void rplidar_node::stop_motor(const EmptyRequest req, EmptyResponse [01;35m[Kres[m[K)
[15.149s]                                                                      [01;35m[K^~~[m[K
[15.149s] [01m[K/home/nkcong206/Documents/autonomous_car/collect_data/rplidar_ros2/src/rplidar_node.cpp:[m[K In member function ‘[01m[Kvoid rplidar_ros::rplidar_node::start_motor({anonymous}::EmptyRequest, {anonymous}::EmptyResponse)[m[K’:
[15.149s] [01m[K/home/nkcong206/Documents/autonomous_car/collect_data/rplidar_ros2/src/rplidar_node.cpp:256:51:[m[K [01;35m[Kwarning: [m[Kunused parameter ‘[01m[Kreq[m[K’ [[01;35m[K-Wunused-parameter[m[K]
[15.149s]  void rplidar_node::start_motor(const EmptyRequest [01;35m[Kreq[m[K, EmptyResponse res)
[15.149s]                                                    [01;35m[K^~~[m[K
[15.149s] [01m[K/home/nkcong206/Documents/autonomous_car/collect_data/rplidar_ros2/src/rplidar_node.cpp:256:70:[m[K [01;35m[Kwarning: [m[Kunused parameter ‘[01m[Kres[m[K’ [[01;35m[K-Wunused-parameter[m[K]
[15.150s]  void rplidar_node::start_motor(const EmptyRequest req, EmptyResponse [01;35m[Kres[m[K)
[15.150s]                                                                       [01;35m[K^~~[m[K
[15.156s] [01m[K/home/nkcong206/Documents/autonomous_car/collect_data/rplidar_ros2/src/rplidar_node.cpp:[m[K In member function ‘[01m[Kvoid rplidar_ros::rplidar_node::publish_loop()[m[K’:
[15.157s] [01m[K/home/nkcong206/Documents/autonomous_car/collect_data/rplidar_ros2/src/rplidar_node.cpp:343:97:[m[K [01;35m[Kwarning: [m[KISO C++ forbids variable length array ‘[01m[Kangle_compensate_nodes[m[K’ [[01;35m[K-Wvla[m[K]
[15.157s]  nse_measurement_node_hq_t angle_compensate_nodes[angle_compensate_nodes_count[01;35m[K][m[K;
[15.157s]                                                                               [01;35m[K^[m[K
[15.157s] [01m[K/home/nkcong206/Documents/autonomous_car/collect_data/rplidar_ros2/src/rplidar_node.cpp:353:25:[m[K [01;35m[Kwarning: [m[Kcomparison between signed and unsigned integer expressions [[01;35m[K-Wsign-compare[m[K]
[15.157s]            for (j = 0; [01;35m[Kj < m_angle_compensate_multiple[m[K; j++) {
[15.158s]                        [01;35m[K~~^~~~~~~~~~~~~~~~~~~~~~~~~~~~~[m[K
[15.158s] [01m[K/home/nkcong206/Documents/autonomous_car/collect_data/rplidar_ros2/src/rplidar_node.cpp:374:44:[m[K [01;35m[Kwarning: [m[Kcomparison between signed and unsigned integer expressions [[01;35m[K-Wsign-compare[m[K]
[15.159s]        for (size_t x = start_node, y = 0; [01;35m[Kx < end_node[m[K; ++x, ++y) {
[15.159s]                                           [01;35m[K~~^~~~~~~~~~[m[K
[15.159s] [01m[K/home/nkcong206/Documents/autonomous_car/collect_data/rplidar_ros2/src/rplidar_node.cpp:381:11:[m[K [01;35m[Kwarning: [m[Kunused variable ‘[01m[Kangle_min[m[K’ [[01;35m[K-Wunused-variable[m[K]
[15.159s]      float [01;35m[Kangle_min[m[K = deg_2_rad(0.0f);
[15.160s]            [01;35m[K^~~~~~~~~[m[K
[15.160s] [01m[K/home/nkcong206/Documents/autonomous_car/collect_data/rplidar_ros2/src/rplidar_node.cpp:382:11:[m[K [01;35m[Kwarning: [m[Kunused variable ‘[01m[Kangle_max[m[K’ [[01;35m[K-Wunused-variable[m[K]
[15.160s]      float [01;35m[Kangle_max[m[K = deg_2_rad(359.0f);
[15.160s]            [01;35m[K^~~~~~~~~[m[K
[15.176s] [01m[K/home/nkcong206/Documents/autonomous_car/collect_data/rplidar_ros2/src/node.cpp:[m[K In function ‘[01m[Kint main(int, char**)[m[K’:
[15.177s] [01m[K/home/nkcong206/Documents/autonomous_car/collect_data/rplidar_ros2/src/node.cpp:356:111:[m[K [01;35m[Kwarning: [m[KISO C++ forbids variable length array ‘[01m[Kangle_compensate_nodes[m[K’ [[01;35m[K-Wvla[m[K]
[15.177s]                      rplidar_response_measurement_node_hq_t angle_compensate_nodes[angle_compensate_nodes_count[01;35m[K][m[K;
[15.177s]                                                                                                                [01;35m[K^[m[K
[15.177s] [01m[K/home/nkcong206/Documents/autonomous_car/collect_data/rplidar_ros2/src/node.cpp:360:30:[m[K [01;35m[Kwarning: [m[Kcomparison between signed and unsigned integer expressions [[01;35m[K-Wsign-compare[m[K]
[15.177s]                      for( ; [01;35m[Ki < count[m[K; i++ ) {
[15.178s]                             [01;35m[K~~^~~~~~~[m[K
[15.367s] [ 38%] [32mBuilding CXX object CMakeFiles/rplidar_composition_node.dir/sdk/src/arch/linux/timer.cpp.o[0m
[16.014s] [ 44%] [32mBuilding CXX object CMakeFiles/rplidar_composition_node.dir/sdk/src/hal/thread.cpp.o[0m
[16.698s] In file included from [01m[K/home/nkcong206/Documents/autonomous_car/collect_data/rplidar_ros2/./sdk/include/rplidar.h:39:0[m[K,
[16.698s]                  from [01m[K/home/nkcong206/Documents/autonomous_car/collect_data/rplidar_ros2/./sdk/src/sdkcommon.h:48[m[K,
[16.698s]                  from [01m[K/home/nkcong206/Documents/autonomous_car/collect_data/rplidar_ros2/sdk/src/hal/thread.cpp:35[m[K:
[16.698s] [01m[K/home/nkcong206/Documents/autonomous_car/collect_data/rplidar_ros2/./sdk/include/rplidar_protocol.h:59:15:[m[K [01;35m[Kwarning: [m[KISO C++ forbids zero-size array ‘[01m[Kdata[m[K’ [[01;35m[K-Wpedantic[m[K]
[16.698s]      _u8 data[0[01;35m[K][m[K;
[16.699s]                [01;35m[K^[m[K
[16.700s] In file included from [01m[K/home/nkcong206/Documents/autonomous_car/collect_data/rplidar_ros2/./sdk/include/rplidar.h:40:0[m[K,
[16.700s]                  from [01m[K/home/nkcong206/Documents/autonomous_car/collect_data/rplidar_ros2/./sdk/src/sdkcommon.h:48[m[K,
[16.700s]                  from [01m[K/home/nkcong206/Documents/autonomous_car/collect_data/rplidar_ros2/sdk/src/hal/thread.cpp:35[m[K:
[16.701s] [01m[K/home/nkcong206/Documents/autonomous_car/collect_data/rplidar_ros2/./sdk/include/rplidar_cmd.h:260:19:[m[K [01;35m[Kwarning: [m[KISO C++ forbids zero-size array ‘[01m[Kpayload[m[K’ [[01;35m[K-Wpedantic[m[K]
[16.701s]      _u8  payload[0[01;35m[K][m[K;
[16.701s]                    [01;35m[K^[m[K
[16.707s] In file included from [01m[K/home/nkcong206/Documents/autonomous_car/collect_data/rplidar_ros2/sdk/src/hal/thread.cpp:43:0[m[K:
[16.708s] [01m[K/home/nkcong206/Documents/autonomous_car/collect_data/rplidar_ros2/./sdk/src/arch/linux/thread.hpp:[m[K In member function ‘[01m[Ku_result rp::hal::Thread::join(long unsigned int)[m[K’:
[16.708s] [01m[K/home/nkcong206/Documents/autonomous_car/collect_data/rplidar_ros2/./sdk/src/arch/linux/thread.hpp:129:37:[m[K [01;35m[Kwarning: [m[Kunused parameter ‘[01m[Ktimeout[m[K’ [[01;35m[K-Wunused-parameter[m[K]
[16.709s]  u_result Thread::join(unsigned long [01;35m[Ktimeout[m[K)
[16.709s]                                      [01;35m[K^~~~~~~[m[K
[16.936s] [ 50%] [32mBuilding CXX object CMakeFiles/rplidar_composition_node.dir/sdk/src/rplidar_driver.cpp.o[0m
[17.545s] In file included from [01m[K/home/nkcong206/Documents/autonomous_car/collect_data/rplidar_ros2/./sdk/include/rplidar.h:39:0[m[K,
[17.545s]                  from [01m[K/home/nkcong206/Documents/autonomous_car/collect_data/rplidar_ros2/sdk/src/sdkcommon.h:48[m[K,
[17.545s]                  from [01m[K/home/nkcong206/Documents/autonomous_car/collect_data/rplidar_ros2/sdk/src/rplidar_driver.cpp:35[m[K:
[17.546s] [01m[K/home/nkcong206/Documents/autonomous_car/collect_data/rplidar_ros2/./sdk/include/rplidar_protocol.h:59:15:[m[K [01;35m[Kwarning: [m[KISO C++ forbids zero-size array ‘[01m[Kdata[m[K’ [[01;35m[K-Wpedantic[m[K]
[17.546s]      _u8 data[0[01;35m[K][m[K;
[17.546s]                [01;35m[K^[m[K
[17.550s] In file included from [01m[K/home/nkcong206/Documents/autonomous_car/collect_data/rplidar_ros2/./sdk/include/rplidar.h:40:0[m[K,
[17.550s]                  from [01m[K/home/nkcong206/Documents/autonomous_car/collect_data/rplidar_ros2/sdk/src/sdkcommon.h:48[m[K,
[17.550s]                  from [01m[K/home/nkcong206/Documents/autonomous_car/collect_data/rplidar_ros2/sdk/src/rplidar_driver.cpp:35[m[K:
[17.550s] [01m[K/home/nkcong206/Documents/autonomous_car/collect_data/rplidar_ros2/./sdk/include/rplidar_cmd.h:260:19:[m[K [01;35m[Kwarning: [m[KISO C++ forbids zero-size array ‘[01m[Kpayload[m[K’ [[01;35m[K-Wpedantic[m[K]
[17.550s]      _u8  payload[0[01;35m[K][m[K;
[17.551s]                    [01;35m[K^[m[K
[17.602s] [01m[K/home/nkcong206/Documents/autonomous_car/collect_data/rplidar_ros2/sdk/src/rplidar_driver.cpp:[m[K In member function ‘[01m[Kvirtual u_result rp::standalone::rplidar::RPlidarDriverImplCommon::reset(_u32)[m[K’:
[17.602s] [01m[K/home/nkcong206/Documents/autonomous_car/collect_data/rplidar_ros2/sdk/src/rplidar_driver.cpp:121:46:[m[K [01;35m[Kwarning: [m[Kunused parameter ‘[01m[Ktimeout[m[K’ [[01;35m[K-Wunused-parameter[m[K]
[17.602s]  u_result RPlidarDriverImplCommon::reset(_u32 [01;35m[Ktimeout[m[K)
[17.602s]                                               [01;35m[K^~~~~~~[m[K
[17.607s] [01m[K/home/nkcong206/Documents/autonomous_car/collect_data/rplidar_ros2/sdk/src/rplidar_driver.cpp:[m[K In member function ‘[01m[Kvirtual u_result rp::standalone::rplidar::RPlidarDriverImplCommon::checkIfTofLidar(bool&, _u32)[m[K’:
[17.607s] [01m[K/home/nkcong206/Documents/autonomous_car/collect_data/rplidar_ros2/sdk/src/rplidar_driver.cpp:274:75:[m[K [01;35m[Kwarning: [m[Kunused parameter ‘[01m[Ktimeout[m[K’ [[01;35m[K-Wunused-parameter[m[K]
[17.607s]  u_result RPlidarDriverImplCommon::checkIfTofLidar(bool & isTofLidar, _u32 [01;35m[Ktimeout[m[K)
[17.609s]                                                                            [01;35m[K^~~~~~~[m[K
[17.622s] [01m[K/home/nkcong206/Documents/autonomous_car/collect_data/rplidar_ros2/sdk/src/rplidar_driver.cpp:[m[K In function ‘[01m[K_u32 rp::standalone::rplidar::_crc32cal(_u32, void*, _u16)[m[K’:
[17.622s] [01m[K/home/nkcong206/Documents/autonomous_car/collect_data/rplidar_ros2/sdk/src/rplidar_driver.cpp:996:23:[m[K [01;35m[Kwarning: [m[Ksuggest parentheses around ‘[01m[K-[m[K’ in operand of ‘[01m[K&[m[K’ [[01;35m[K-Wparentheses[m[K]
[17.623s]      _u8 leftBytes = [01;35m[K4 - len[m[K & 0x3;
[17.623s]                      [01;35m[K~~^~~~~[m[K
[17.627s] [01m[K/home/nkcong206/Documents/autonomous_car/collect_data/rplidar_ros2/sdk/src/rplidar_driver.cpp:[m[K In member function ‘[01m[Kvirtual void rp::standalone::rplidar::RPlidarDriverImplCommon::_ultraCapsuleToNormal(const rplidar_response_ultra_capsule_measurement_nodes_t&, rplidar_response_measurement_node_hq_t*, size_t&)[m[K’:
[17.628s] [01m[K/home/nkcong206/Documents/autonomous_car/collect_data/rplidar_ros2/sdk/src/rplidar_driver.cpp:1207:32:[m[K [01;35m[Kwarning: [m[Kcomparison between signed and unsigned integer expressions [[01;35m[K-Wsign-compare[m[K]
[17.628s]              if (([01;35m[Kdist_predict1 == 0xFFFFFE00[m[K) || (dist_predict1 == 0x1FF)) {
[17.628s]                   [01;35m[K~~~~~~~~~~~~~~^~~~~~~~~~~~~[m[K
[17.630s] [01m[K/home/nkcong206/Documents/autonomous_car/collect_data/rplidar_ros2/sdk/src/rplidar_driver.cpp:1215:32:[m[K [01;35m[Kwarning: [m[Kcomparison between signed and unsigned integer expressions [[01;35m[K-Wsign-compare[m[K]
[17.630s]              if (([01;35m[Kdist_predict2 == 0xFFFFFE00[m[K) || (dist_predict2 == 0x1FF)) {
[17.631s]                   [01;35m[K~~~~~~~~~~~~~~^~~~~~~~~~~~~[m[K
[17.642s] [01m[K/home/nkcong206/Documents/autonomous_car/collect_data/rplidar_ros2/sdk/src/rplidar_driver.cpp:[m[K In member function ‘[01m[Kvirtual u_result rp::standalone::rplidar::RPlidarDriverImplCommon::getAllSupportedScanModes(std::vector<rp::standalone::rplidar::RplidarScanMode>&, _u32)[m[K’:
[17.642s] [01m[K/home/nkcong206/Documents/autonomous_car/collect_data/rplidar_ros2/sdk/src/rplidar_driver.cpp:1453:105:[m[K [01;35m[Kwarning: [m[Kunused parameter ‘[01m[KtimeoutInMs[m[K’ [[01;35m[K-Wunused-parameter[m[K]
[17.643s]  u_result RPlidarDriverImplCommon::getAllSupportedScanModes(std::vector<RplidarScanMode>& outModes, _u32 [01;35m[KtimeoutInMs[m[K)
[17.643s]                                                                                                          [01;35m[K^~~~~~~~~~~[m[K
[17.647s] [01m[K/home/nkcong206/Documents/autonomous_car/collect_data/rplidar_ros2/sdk/src/rplidar_driver.cpp:[m[K In member function ‘[01m[Kvirtual u_result rp::standalone::rplidar::RPlidarDriverImplCommon::startScan(bool, bool, _u32, rp::standalone::rplidar::RplidarScanMode*)[m[K’:
[17.647s] [01m[K/home/nkcong206/Documents/autonomous_car/collect_data/rplidar_ros2/sdk/src/rplidar_driver.cpp:1550:83:[m[K [01;35m[Kwarning: [m[Kunused parameter ‘[01m[Koptions[m[K’ [[01;35m[K-Wunused-parameter[m[K]
[17.647s]  u_result RPlidarDriverImplCommon::startScan(bool force, bool useTypicalScan, _u32 [01;35m[Koptions[m[K, RplidarScanMode* outUsedScanMode)
[17.647s]                                                                                    [01;35m[K^~~~~~~[m[K
[17.652s] [01m[K/home/nkcong206/Documents/autonomous_car/collect_data/rplidar_ros2/sdk/src/rplidar_driver.cpp:[m[K In member function ‘[01m[Kvirtual u_result rp::standalone::rplidar::RPlidarDriverImplCommon::stop(_u32)[m[K’:
[17.652s] [01m[K/home/nkcong206/Documents/autonomous_car/collect_data/rplidar_ros2/sdk/src/rplidar_driver.cpp:1774:45:[m[K [01;35m[Kwarning: [m[Kunused parameter ‘[01m[Ktimeout[m[K’ [[01;35m[K-Wunused-parameter[m[K]
[17.652s]  u_result RPlidarDriverImplCommon::stop(_u32 [01;35m[Ktimeout[m[K)
[17.652s]                                              [01;35m[K^~~~~~~[m[K
[17.661s] [01m[K/home/nkcong206/Documents/autonomous_car/collect_data/rplidar_ros2/sdk/src/rplidar_driver.cpp:[m[K In member function ‘[01m[Kvirtual u_result rp::standalone::rplidar::RPlidarDriverImplCommon::setLidarSpinSpeed(_u16, _u32)[m[K’:
[17.661s] [01m[K/home/nkcong206/Documents/autonomous_car/collect_data/rplidar_ros2/sdk/src/rplidar_driver.cpp:2162:68:[m[K [01;35m[Kwarning: [m[Kunused parameter ‘[01m[Ktimeout[m[K’ [[01;35m[K-Wunused-parameter[m[K]
[17.661s]  u_result RPlidarDriverImplCommon::setLidarSpinSpeed(_u16 rpm, _u32 [01;35m[Ktimeout[m[K)
[17.661s]                                                                     [01;35m[K^~~~~~~[m[K
[17.665s] [01m[K/home/nkcong206/Documents/autonomous_car/collect_data/rplidar_ros2/sdk/src/rplidar_driver.cpp:[m[K In member function ‘[01m[Kvirtual u_result rp::standalone::rplidar::RPlidarDriverSerial::connect(const char*, _u32, _u32)[m[K’:
[17.666s] [01m[K/home/nkcong206/Documents/autonomous_car/collect_data/rplidar_ros2/sdk/src/rplidar_driver.cpp:2240:83:[m[K [01;35m[Kwarning: [m[Kunused parameter ‘[01m[Kflag[m[K’ [[01;35m[K-Wunused-parameter[m[K]
[17.666s]  u_result RPlidarDriverSerial::connect(const char * port_path, _u32 baudrate, _u32 [01;35m[Kflag[m[K)
[17.666s]                                                                                    [01;35m[K^~~~[m[K
[17.669s] [01m[K/home/nkcong206/Documents/autonomous_car/collect_data/rplidar_ros2/sdk/src/rplidar_driver.cpp:[m[K In member function ‘[01m[Kvirtual u_result rp::standalone::rplidar::RPlidarDriverTCP::connect(const char*, _u32, _u32)[m[K’:
[17.669s] [01m[K/home/nkcong206/Documents/autonomous_car/collect_data/rplidar_ros2/sdk/src/rplidar_driver.cpp:2282:72:[m[K [01;35m[Kwarning: [m[Kunused parameter ‘[01m[Kflag[m[K’ [[01;35m[K-Wunused-parameter[m[K]
[17.669s]  u_result RPlidarDriverTCP::connect(const char * ipStr, _u32 port, _u32 [01;35m[Kflag[m[K)
[17.670s]                                                                         [01;35m[K^~~~[m[K
[18.355s] [ 55%] [32mBuilding CXX object CMakeFiles/rplidarNode.dir/sdk/src/arch/linux/net_socket.cpp.o[0m
[18.528s] [ 61%] [32mBuilding CXX object CMakeFiles/rplidarNode.dir/sdk/src/arch/linux/timer.cpp.o[0m
[18.538s] [ 66%] [32m[1mLinking CXX executable rplidarNodeClient[0m
[18.818s] In file included from [01m[K/home/nkcong206/Documents/autonomous_car/collect_data/rplidar_ros2/./sdk/include/rplidar.h:39:0[m[K,
[18.819s]                  from [01m[K/home/nkcong206/Documents/autonomous_car/collect_data/rplidar_ros2/./sdk/src/sdkcommon.h:48[m[K,
[18.819s]                  from [01m[K/home/nkcong206/Documents/autonomous_car/collect_data/rplidar_ros2/sdk/src/arch/linux/net_socket.cpp:10[m[K:
[18.820s] [01m[K/home/nkcong206/Documents/autonomous_car/collect_data/rplidar_ros2/./sdk/include/rplidar_protocol.h:59:15:[m[K [01;35m[Kwarning: [m[KISO C++ forbids zero-size array ‘[01m[Kdata[m[K’ [[01;35m[K-Wpedantic[m[K]
[18.822s]      _u8 data[0[01;35m[K][m[K;
[18.822s]                [01;35m[K^[m[K
[18.823s] In file included from [01m[K/home/nkcong206/Documents/autonomous_car/collect_data/rplidar_ros2/./sdk/include/rplidar.h:40:0[m[K,
[18.823s]                  from [01m[K/home/nkcong206/Documents/autonomous_car/collect_data/rplidar_ros2/./sdk/src/sdkcommon.h:48[m[K,
[18.823s]                  from [01m[K/home/nkcong206/Documents/autonomous_car/collect_data/rplidar_ros2/sdk/src/arch/linux/net_socket.cpp:10[m[K:
[18.823s] [01m[K/home/nkcong206/Documents/autonomous_car/collect_data/rplidar_ros2/./sdk/include/rplidar_cmd.h:260:19:[m[K [01;35m[Kwarning: [m[KISO C++ forbids zero-size array ‘[01m[Kpayload[m[K’ [[01;35m[K-Wpedantic[m[K]
[18.823s]      _u8  payload[0[01;35m[K][m[K;
[18.823s]                    [01;35m[K^[m[K
[18.828s] [01m[K/home/nkcong206/Documents/autonomous_car/collect_data/rplidar_ros2/sdk/src/arch/linux/net_socket.cpp:[m[K In member function ‘[01m[Kvirtual u_result rp::net::SocketAddress::getAddressAsString(char*, size_t) const[m[K’:
[18.829s] [01m[K/home/nkcong206/Documents/autonomous_car/collect_data/rplidar_ros2/sdk/src/arch/linux/net_socket.cpp:170:17:[m[K [01;35m[Kwarning: [m[Kordered comparison of pointer with integer zero [[01;35m[K-Wextra[m[K]
[18.829s]      return ans<=[01;35m[K0[m[K?RESULT_OPERATION_FAIL:RESULT_OK;
[18.829s]                  [01;35m[K^[m[K
[18.837s] [01m[K/home/nkcong206/Documents/autonomous_car/collect_data/rplidar_ros2/sdk/src/arch/linux/net_socket.cpp:[m[K In member function ‘[01m[Kvirtual u_result rp::arch::net::StreamSocketImpl::send(const void*, size_t)[m[K’:
[18.837s] [01m[K/home/nkcong206/Documents/autonomous_car/collect_data/rplidar_ros2/sdk/src/arch/linux/net_socket.cpp:438:17:[m[K [01;35m[Kwarning: [m[Kcomparison between signed and unsigned integer expressions [[01;35m[K-Wsign-compare[m[K]
[18.837s]          if ([01;35m[Kans == (int)len[m[K) {
[18.837s]              [01;35m[K~~~~^~~~~~~~~~~[m[K
[18.841s] In file included from [01m[K/home/nkcong206/Documents/autonomous_car/collect_data/rplidar_ros2/./sdk/src/arch/linux/arch_linux.h:42:0[m[K,
[18.842s]                  from [01m[K/home/nkcong206/Documents/autonomous_car/collect_data/rplidar_ros2/./sdk/src/sdkcommon.h:40[m[K,
[18.842s]                  from [01m[K/home/nkcong206/Documents/autonomous_car/collect_data/rplidar_ros2/sdk/src/arch/linux/net_socket.cpp:10[m[K:
[18.842s] [01m[K/home/nkcong206/Documents/autonomous_car/collect_data/rplidar_ros2/sdk/src/arch/linux/net_socket.cpp:[m[K In member function ‘[01m[Kvirtual u_result rp::arch::net::DGramSocketImpl::sendTo(const rp::net::SocketAddress&, const void*, size_t)[m[K’:
[18.842s] [01m[K/home/nkcong206/Documents/autonomous_car/collect_data/rplidar_ros2/sdk/src/arch/linux/net_socket.cpp:726:24:[m[K [01;35m[Kwarning: [m[Kcomparison between signed and unsigned integer expressions [[01;35m[K-Wsign-compare[m[K]
[18.842s]              assert([01;35m[Kans == (int)l[m[Ken);
[18.843s]                     [01;35m[K~~~~^~~~~~~~~[m[K
[18.962s] [ 72%] [32m[1mLinking CXX shared library librplidar_composition_node.so[0m
[19.148s] [ 77%] [32mBuilding CXX object CMakeFiles/rplidarNode.dir/sdk/src/hal/thread.cpp.o[0m
[19.183s] [ 83%] [32mBuilding CXX object CMakeFiles/rplidarNode.dir/sdk/src/rplidar_driver.cpp.o[0m
[19.460s] [ 83%] Built target rplidarNodeClient
[19.483s] [ 83%] Built target rplidar_composition_node
[19.505s] [ 88%] [32mBuilding CXX object CMakeFiles/rplidar_composition.dir/src/standalone_rplidar.cpp.o[0m
[19.655s] In file included from [01m[K/home/nkcong206/Documents/autonomous_car/collect_data/rplidar_ros2/./sdk/include/rplidar.h:39:0[m[K,
[19.656s]                  from [01m[K/home/nkcong206/Documents/autonomous_car/collect_data/rplidar_ros2/./sdk/src/sdkcommon.h:48[m[K,
[19.656s]                  from [01m[K/home/nkcong206/Documents/autonomous_car/collect_data/rplidar_ros2/sdk/src/hal/thread.cpp:35[m[K:
[19.656s] [01m[K/home/nkcong206/Documents/autonomous_car/collect_data/rplidar_ros2/./sdk/include/rplidar_protocol.h:59:15:[m[K [01;35m[Kwarning: [m[KISO C++ forbids zero-size array ‘[01m[Kdata[m[K’ [[01;35m[K-Wpedantic[m[K]
[19.656s]      _u8 data[0[01;35m[K][m[K;
[19.657s]                [01;35m[K^[m[K
[19.657s] In file included from [01m[K/home/nkcong206/Documents/autonomous_car/collect_data/rplidar_ros2/./sdk/include/rplidar.h:40:0[m[K,
[19.657s]                  from [01m[K/home/nkcong206/Documents/autonomous_car/collect_data/rplidar_ros2/./sdk/src/sdkcommon.h:48[m[K,
[19.657s]                  from [01m[K/home/nkcong206/Documents/autonomous_car/collect_data/rplidar_ros2/sdk/src/hal/thread.cpp:35[m[K:
[19.657s] [01m[K/home/nkcong206/Documents/autonomous_car/collect_data/rplidar_ros2/./sdk/include/rplidar_cmd.h:260:19:[m[K [01;35m[Kwarning: [m[KISO C++ forbids zero-size array ‘[01m[Kpayload[m[K’ [[01;35m[K-Wpedantic[m[K]
[19.657s]      _u8  payload[0[01;35m[K][m[K;
[19.658s]                    [01;35m[K^[m[K
[19.660s] In file included from [01m[K/home/nkcong206/Documents/autonomous_car/collect_data/rplidar_ros2/./sdk/include/rplidar.h:39:0[m[K,
[19.660s]                  from [01m[K/home/nkcong206/Documents/autonomous_car/collect_data/rplidar_ros2/sdk/src/sdkcommon.h:48[m[K,
[19.660s]                  from [01m[K/home/nkcong206/Documents/autonomous_car/collect_data/rplidar_ros2/sdk/src/rplidar_driver.cpp:35[m[K:
[19.660s] [01m[K/home/nkcong206/Documents/autonomous_car/collect_data/rplidar_ros2/./sdk/include/rplidar_protocol.h:59:15:[m[K [01;35m[Kwarning: [m[KISO C++ forbids zero-size array ‘[01m[Kdata[m[K’ [[01;35m[K-Wpedantic[m[K]
[19.661s]      _u8 data[0[01;35m[K][m[K;
[19.661s]                [01;35m[K^[m[K
[19.661s] In file included from [01m[K/home/nkcong206/Documents/autonomous_car/collect_data/rplidar_ros2/sdk/src/hal/thread.cpp:43:0[m[K:
[19.661s] [01m[K/home/nkcong206/Documents/autonomous_car/collect_data/rplidar_ros2/./sdk/src/arch/linux/thread.hpp:[m[K In member function ‘[01m[Ku_result rp::hal::Thread::join(long unsigned int)[m[K’:
[19.661s] [01m[K/home/nkcong206/Documents/autonomous_car/collect_data/rplidar_ros2/./sdk/src/arch/linux/thread.hpp:129:37:[m[K [01;35m[Kwarning: [m[Kunused parameter ‘[01m[Ktimeout[m[K’ [[01;35m[K-Wunused-parameter[m[K]
[19.662s]  u_result Thread::join(unsigned long [01;35m[Ktimeout[m[K)
[19.662s]                                      [01;35m[K^~~~~~~[m[K
[19.671s] In file included from [01m[K/home/nkcong206/Documents/autonomous_car/collect_data/rplidar_ros2/./sdk/include/rplidar.h:40:0[m[K,
[19.672s]                  from [01m[K/home/nkcong206/Documents/autonomous_car/collect_data/rplidar_ros2/sdk/src/sdkcommon.h:48[m[K,
[19.672s]                  from [01m[K/home/nkcong206/Documents/autonomous_car/collect_data/rplidar_ros2/sdk/src/rplidar_driver.cpp:35[m[K:
[19.672s] [01m[K/home/nkcong206/Documents/autonomous_car/collect_data/rplidar_ros2/./sdk/include/rplidar_cmd.h:260:19:[m[K [01;35m[Kwarning: [m[KISO C++ forbids zero-size array ‘[01m[Kpayload[m[K’ [[01;35m[K-Wpedantic[m[K]
[19.673s]      _u8  payload[0[01;35m[K][m[K;
[19.673s]                    [01;35m[K^[m[K
[19.692s] [01m[K/home/nkcong206/Documents/autonomous_car/collect_data/rplidar_ros2/sdk/src/rplidar_driver.cpp:[m[K In member function ‘[01m[Kvirtual u_result rp::standalone::rplidar::RPlidarDriverImplCommon::reset(_u32)[m[K’:
[19.692s] [01m[K/home/nkcong206/Documents/autonomous_car/collect_data/rplidar_ros2/sdk/src/rplidar_driver.cpp:121:46:[m[K [01;35m[Kwarning: [m[Kunused parameter ‘[01m[Ktimeout[m[K’ [[01;35m[K-Wunused-parameter[m[K]
[19.693s]  u_result RPlidarDriverImplCommon::reset(_u32 [01;35m[Ktimeout[m[K)
[19.693s]                                               [01;35m[K^~~~~~~[m[K
[19.694s] [01m[K/home/nkcong206/Documents/autonomous_car/collect_data/rplidar_ros2/sdk/src/rplidar_driver.cpp:[m[K In member function ‘[01m[Kvirtual u_result rp::standalone::rplidar::RPlidarDriverImplCommon::checkIfTofLidar(bool&, _u32)[m[K’:
[19.695s] [01m[K/home/nkcong206/Documents/autonomous_car/collect_data/rplidar_ros2/sdk/src/rplidar_driver.cpp:274:75:[m[K [01;35m[Kwarning: [m[Kunused parameter ‘[01m[Ktimeout[m[K’ [[01;35m[K-Wunused-parameter[m[K]
[19.695s]  u_result RPlidarDriverImplCommon::checkIfTofLidar(bool & isTofLidar, _u32 [01;35m[Ktimeout[m[K)
[19.695s]                                                                            [01;35m[K^~~~~~~[m[K
[19.703s] [01m[K/home/nkcong206/Documents/autonomous_car/collect_data/rplidar_ros2/sdk/src/rplidar_driver.cpp:[m[K In function ‘[01m[K_u32 rp::standalone::rplidar::_crc32cal(_u32, void*, _u16)[m[K’:
[19.703s] [01m[K/home/nkcong206/Documents/autonomous_car/collect_data/rplidar_ros2/sdk/src/rplidar_driver.cpp:996:23:[m[K [01;35m[Kwarning: [m[Ksuggest parentheses around ‘[01m[K-[m[K’ in operand of ‘[01m[K&[m[K’ [[01;35m[K-Wparentheses[m[K]
[19.704s]      _u8 leftBytes = [01;35m[K4 - len[m[K & 0x3;
[19.704s]                      [01;35m[K~~^~~~~[m[K
[19.706s] [01m[K/home/nkcong206/Documents/autonomous_car/collect_data/rplidar_ros2/sdk/src/rplidar_driver.cpp:[m[K In member function ‘[01m[Kvirtual void rp::standalone::rplidar::RPlidarDriverImplCommon::_ultraCapsuleToNormal(const rplidar_response_ultra_capsule_measurement_nodes_t&, rplidar_response_measurement_node_hq_t*, size_t&)[m[K’:
[19.706s] [01m[K/home/nkcong206/Documents/autonomous_car/collect_data/rplidar_ros2/sdk/src/rplidar_driver.cpp:1207:32:[m[K [01;35m[Kwarning: [m[Kcomparison between signed and unsigned integer expressions [[01;35m[K-Wsign-compare[m[K]
[19.706s]              if (([01;35m[Kdist_predict1 == 0xFFFFFE00[m[K) || (dist_predict1 == 0x1FF)) {
[19.706s]                   [01;35m[K~~~~~~~~~~~~~~^~~~~~~~~~~~~[m[K
[19.706s] [01m[K/home/nkcong206/Documents/autonomous_car/collect_data/rplidar_ros2/sdk/src/rplidar_driver.cpp:1215:32:[m[K [01;35m[Kwarning: [m[Kcomparison between signed and unsigned integer expressions [[01;35m[K-Wsign-compare[m[K]
[19.707s]              if (([01;35m[Kdist_predict2 == 0xFFFFFE00[m[K) || (dist_predict2 == 0x1FF)) {
[19.707s]                   [01;35m[K~~~~~~~~~~~~~~^~~~~~~~~~~~~[m[K
[19.714s] [01m[K/home/nkcong206/Documents/autonomous_car/collect_data/rplidar_ros2/sdk/src/rplidar_driver.cpp:[m[K In member function ‘[01m[Kvirtual u_result rp::standalone::rplidar::RPlidarDriverImplCommon::getAllSupportedScanModes(std::vector<rp::standalone::rplidar::RplidarScanMode>&, _u32)[m[K’:
[19.714s] [01m[K/home/nkcong206/Documents/autonomous_car/collect_data/rplidar_ros2/sdk/src/rplidar_driver.cpp:1453:105:[m[K [01;35m[Kwarning: [m[Kunused parameter ‘[01m[KtimeoutInMs[m[K’ [[01;35m[K-Wunused-parameter[m[K]
[19.714s]  u_result RPlidarDriverImplCommon::getAllSupportedScanModes(std::vector<RplidarScanMode>& outModes, _u32 [01;35m[KtimeoutInMs[m[K)
[19.714s]                                                                                                          [01;35m[K^~~~~~~~~~~[m[K
[19.715s] [01m[K/home/nkcong206/Documents/autonomous_car/collect_data/rplidar_ros2/sdk/src/rplidar_driver.cpp:[m[K In member function ‘[01m[Kvirtual u_result rp::standalone::rplidar::RPlidarDriverImplCommon::startScan(bool, bool, _u32, rp::standalone::rplidar::RplidarScanMode*)[m[K’:
[19.715s] [01m[K/home/nkcong206/Documents/autonomous_car/collect_data/rplidar_ros2/sdk/src/rplidar_driver.cpp:1550:83:[m[K [01;35m[Kwarning: [m[Kunused parameter ‘[01m[Koptions[m[K’ [[01;35m[K-Wunused-parameter[m[K]
[19.716s]  u_result RPlidarDriverImplCommon::startScan(bool force, bool useTypicalScan, _u32 [01;35m[Koptions[m[K, RplidarScanMode* outUsedScanMode)
[19.716s]                                                                                    [01;35m[K^~~~~~~[m[K
[19.718s] [01m[K/home/nkcong206/Documents/autonomous_car/collect_data/rplidar_ros2/sdk/src/rplidar_driver.cpp:[m[K In member function ‘[01m[Kvirtual u_result rp::standalone::rplidar::RPlidarDriverImplCommon::stop(_u32)[m[K’:
[19.718s] [01m[K/home/nkcong206/Documents/autonomous_car/collect_data/rplidar_ros2/sdk/src/rplidar_driver.cpp:1774:45:[m[K [01;35m[Kwarning: [m[Kunused parameter ‘[01m[Ktimeout[m[K’ [[01;35m[K-Wunused-parameter[m[K]
[19.718s]  u_result RPlidarDriverImplCommon::stop(_u32 [01;35m[Ktimeout[m[K)
[19.718s]                                              [01;35m[K^~~~~~~[m[K
[19.723s] [01m[K/home/nkcong206/Documents/autonomous_car/collect_data/rplidar_ros2/sdk/src/rplidar_driver.cpp:[m[K In member function ‘[01m[Kvirtual u_result rp::standalone::rplidar::RPlidarDriverImplCommon::setLidarSpinSpeed(_u16, _u32)[m[K’:
[19.723s] [01m[K/home/nkcong206/Documents/autonomous_car/collect_data/rplidar_ros2/sdk/src/rplidar_driver.cpp:2162:68:[m[K [01;35m[Kwarning: [m[Kunused parameter ‘[01m[Ktimeout[m[K’ [[01;35m[K-Wunused-parameter[m[K]
[19.723s]  u_result RPlidarDriverImplCommon::setLidarSpinSpeed(_u16 rpm, _u32 [01;35m[Ktimeout[m[K)
[19.724s]                                                                     [01;35m[K^~~~~~~[m[K
[19.725s] [01m[K/home/nkcong206/Documents/autonomous_car/collect_data/rplidar_ros2/sdk/src/rplidar_driver.cpp:[m[K In member function ‘[01m[Kvirtual u_result rp::standalone::rplidar::RPlidarDriverSerial::connect(const char*, _u32, _u32)[m[K’:
[19.725s] [01m[K/home/nkcong206/Documents/autonomous_car/collect_data/rplidar_ros2/sdk/src/rplidar_driver.cpp:2240:83:[m[K [01;35m[Kwarning: [m[Kunused parameter ‘[01m[Kflag[m[K’ [[01;35m[K-Wunused-parameter[m[K]
[19.725s]  u_result RPlidarDriverSerial::connect(const char * port_path, _u32 baudrate, _u32 [01;35m[Kflag[m[K)
[19.725s]                                                                                    [01;35m[K^~~~[m[K
[19.726s] [01m[K/home/nkcong206/Documents/autonomous_car/collect_data/rplidar_ros2/sdk/src/rplidar_driver.cpp:[m[K In member function ‘[01m[Kvirtual u_result rp::standalone::rplidar::RPlidarDriverTCP::connect(const char*, _u32, _u32)[m[K’:
[19.726s] [01m[K/home/nkcong206/Documents/autonomous_car/collect_data/rplidar_ros2/sdk/src/rplidar_driver.cpp:2282:72:[m[K [01;35m[Kwarning: [m[Kunused parameter ‘[01m[Kflag[m[K’ [[01;35m[K-Wunused-parameter[m[K]
[19.726s]  u_result RPlidarDriverTCP::connect(const char * ipStr, _u32 port, _u32 [01;35m[Kflag[m[K)
[19.726s]                                                                         [01;35m[K^~~~[m[K
[20.166s] [ 94%] [32m[1mLinking CXX executable rplidarNode[0m
[20.628s] [ 94%] Built target rplidarNode
[21.210s] In file included from [01m[K/home/nkcong206/Documents/autonomous_car/collect_data/rplidar_ros2/./sdk/include/rplidar.h:39:0[m[K,
[21.211s]                  from [01m[K/home/nkcong206/Documents/autonomous_car/collect_data/rplidar_ros2/include/rplidar_node.hpp:41[m[K,
[21.211s]                  from [01m[K/home/nkcong206/Documents/autonomous_car/collect_data/rplidar_ros2/src/standalone_rplidar.cpp:16[m[K:
[21.211s] [01m[K/home/nkcong206/Documents/autonomous_car/collect_data/rplidar_ros2/./sdk/include/rplidar_protocol.h:59:15:[m[K [01;35m[Kwarning: [m[KISO C++ forbids zero-size array ‘[01m[Kdata[m[K’ [[01;35m[K-Wpedantic[m[K]
[21.211s]      _u8 data[0[01;35m[K][m[K;
[21.211s]                [01;35m[K^[m[K
[21.211s] In file included from [01m[K/home/nkcong206/Documents/autonomous_car/collect_data/rplidar_ros2/./sdk/include/rplidar.h:40:0[m[K,
[21.212s]                  from [01m[K/home/nkcong206/Documents/autonomous_car/collect_data/rplidar_ros2/include/rplidar_node.hpp:41[m[K,
[21.212s]                  from [01m[K/home/nkcong206/Documents/autonomous_car/collect_data/rplidar_ros2/src/standalone_rplidar.cpp:16[m[K:
[21.212s] [01m[K/home/nkcong206/Documents/autonomous_car/collect_data/rplidar_ros2/./sdk/include/rplidar_cmd.h:260:19:[m[K [01;35m[Kwarning: [m[KISO C++ forbids zero-size array ‘[01m[Kpayload[m[K’ [[01;35m[K-Wpedantic[m[K]
[21.212s]      _u8  payload[0[01;35m[K][m[K;
[21.212s]                    [01;35m[K^[m[K
[21.421s] In file included from [01m[K/home/nkcong206/Documents/autonomous_car/collect_data/rplidar_ros2/src/standalone_rplidar.cpp:16:0[m[K:
[21.422s] [01m[K/home/nkcong206/Documents/autonomous_car/collect_data/rplidar_ros2/include/rplidar_node.hpp:76:14:[m[K [01;35m[Kwarning: [m[K‘[01m[Kfloat rplidar_ros::getAngle(const rplidar_response_measurement_node_hq_t&)[m[K’ defined but not used [[01;35m[K-Wunused-function[m[K]
[21.422s]  static float [01;35m[KgetAngle[m[K(const rplidar_response_measurement_node_hq_t& node)
[21.422s]               [01;35m[K^~~~~~~~[m[K
[21.574s] [100%] [32m[1mLinking CXX executable rplidar_composition[0m
[21.808s] [100%] Built target rplidar_composition
[21.816s] Invoked command in '/home/nkcong206/Documents/autonomous_car/build/rplidar_ros' returned '0': CMAKE_PREFIX_PATH=/opt/ros/eloquent /usr/local/bin/cmake --build /home/nkcong206/Documents/autonomous_car/build/rplidar_ros -- -j4 -l4
[21.880s] Invoking command in '/home/nkcong206/Documents/autonomous_car/build/rplidar_ros': CMAKE_PREFIX_PATH=/opt/ros/eloquent /usr/local/bin/cmake --install /home/nkcong206/Documents/autonomous_car/build/rplidar_ros
[21.886s] -- Install configuration: ""
[21.886s] -- Execute custom install script
[21.887s] -- Symlinking: /home/nkcong206/Documents/autonomous_car/install/rplidar_ros/lib/rplidar_ros/rplidarNode
[21.892s] -- Symlinking: /home/nkcong206/Documents/autonomous_car/install/rplidar_ros/lib/rplidar_ros/rplidarNodeClient
[21.897s] -- Symlinking: /home/nkcong206/Documents/autonomous_car/install/rplidar_ros/lib/rplidar_ros/rplidar_composition
[21.902s] -- Symlinking: /home/nkcong206/Documents/autonomous_car/install/rplidar_ros/share/rplidar_ros/launch/rplidar.launch.py
[21.907s] -- Symlinking: /home/nkcong206/Documents/autonomous_car/install/rplidar_ros/share/rplidar_ros/launch/rplidar_a3.launch.py
[21.913s] -- Symlinking: /home/nkcong206/Documents/autonomous_car/install/rplidar_ros/share/rplidar_ros/launch/rplidar_s1.launch.py
[21.917s] -- Symlinking: /home/nkcong206/Documents/autonomous_car/install/rplidar_ros/share/rplidar_ros/launch/rplidar_s1_tcp.launch.py
[21.922s] -- Symlinking: /home/nkcong206/Documents/autonomous_car/install/rplidar_ros/share/rplidar_ros/launch/test_rplidar.launch.py
[21.928s] -- Symlinking: /home/nkcong206/Documents/autonomous_car/install/rplidar_ros/share/rplidar_ros/launch/test_rplidar_a3.launch.py
[21.932s] -- Symlinking: /home/nkcong206/Documents/autonomous_car/install/rplidar_ros/share/rplidar_ros/launch/view_rplidar.launch.py
[21.937s] -- Symlinking: /home/nkcong206/Documents/autonomous_car/install/rplidar_ros/share/rplidar_ros/launch/view_rplidar_a3.launch.py
[21.942s] -- Symlinking: /home/nkcong206/Documents/autonomous_car/install/rplidar_ros/share/rplidar_ros/launch/view_rplidar_s1.launch.py
[21.948s] -- Symlinking: /home/nkcong206/Documents/autonomous_car/install/rplidar_ros/share/rplidar_ros/launch/view_rplidar_s1_tcp.launch.py
[21.953s] -- Symlinking: /home/nkcong206/Documents/autonomous_car/install/rplidar_ros/share/rplidar_ros/rviz/rplidar.rviz
[21.959s] -- Symlinking: /home/nkcong206/Documents/autonomous_car/install/rplidar_ros/lib/librplidar_composition_node.so
[21.963s] -- Symlinking: /home/nkcong206/Documents/autonomous_car/install/rplidar_ros/include/rplidar_node.hpp
[21.969s] -- Symlinking: /home/nkcong206/Documents/autonomous_car/install/rplidar_ros/include/visibility.h
[21.974s] -- Up-to-date symlink: /home/nkcong206/Documents/autonomous_car/install/rplidar_ros/lib/rplidar_ros/rplidarNode
[21.974s] -- Up-to-date symlink: /home/nkcong206/Documents/autonomous_car/install/rplidar_ros/lib/rplidar_ros/rplidarNodeClient
[21.975s] -- Up-to-date symlink: /home/nkcong206/Documents/autonomous_car/install/rplidar_ros/lib/rplidar_ros/rplidar_composition
[21.975s] -- Symlinking: /home/nkcong206/Documents/autonomous_car/install/rplidar_ros/share/ament_index/resource_index/package_run_dependencies/rplidar_ros
[21.980s] -- Symlinking: /home/nkcong206/Documents/autonomous_car/install/rplidar_ros/share/ament_index/resource_index/parent_prefix_path/rplidar_ros
[21.986s] -- Symlinking: /home/nkcong206/Documents/autonomous_car/install/rplidar_ros/share/rplidar_ros/environment/ament_prefix_path.sh
[21.991s] -- Symlinking: /home/nkcong206/Documents/autonomous_car/install/rplidar_ros/share/rplidar_ros/environment/ament_prefix_path.dsv
[21.996s] -- Symlinking: /home/nkcong206/Documents/autonomous_car/install/rplidar_ros/share/rplidar_ros/environment/path.sh
[22.001s] -- Symlinking: /home/nkcong206/Documents/autonomous_car/install/rplidar_ros/share/rplidar_ros/environment/path.dsv
[22.007s] -- Symlinking: /home/nkcong206/Documents/autonomous_car/install/rplidar_ros/share/rplidar_ros/local_setup.bash
[22.012s] -- Symlinking: /home/nkcong206/Documents/autonomous_car/install/rplidar_ros/share/rplidar_ros/local_setup.sh
[22.017s] -- Symlinking: /home/nkcong206/Documents/autonomous_car/install/rplidar_ros/share/rplidar_ros/local_setup.zsh
[22.022s] -- Symlinking: /home/nkcong206/Documents/autonomous_car/install/rplidar_ros/share/rplidar_ros/local_setup.dsv
[22.027s] -- Symlinking: /home/nkcong206/Documents/autonomous_car/install/rplidar_ros/share/rplidar_ros/package.dsv
[22.032s] -- Symlinking: /home/nkcong206/Documents/autonomous_car/install/rplidar_ros/share/ament_index/resource_index/packages/rplidar_ros
[22.038s] -- Symlinking: /home/nkcong206/Documents/autonomous_car/install/rplidar_ros/share/rplidar_ros/cmake/ament_cmake_export_dependencies-extras.cmake
[22.043s] -- Symlinking: /home/nkcong206/Documents/autonomous_car/install/rplidar_ros/share/rplidar_ros/cmake/ament_cmake_export_include_directories-extras.cmake
[22.048s] -- Symlinking: /home/nkcong206/Documents/autonomous_car/install/rplidar_ros/share/rplidar_ros/cmake/rplidar_rosConfig.cmake
[22.053s] -- Symlinking: /home/nkcong206/Documents/autonomous_car/install/rplidar_ros/share/rplidar_ros/cmake/rplidar_rosConfig-version.cmake
[22.059s] -- Symlinking: /home/nkcong206/Documents/autonomous_car/install/rplidar_ros/share/rplidar_ros/package.xml
[22.067s] Invoked command in '/home/nkcong206/Documents/autonomous_car/build/rplidar_ros' returned '0': CMAKE_PREFIX_PATH=/opt/ros/eloquent /usr/local/bin/cmake --install /home/nkcong206/Documents/autonomous_car/build/rplidar_ros
