[2.002s] Invoking command in '/home/soda/Documents/autonomous_car/controller': PYTHONPATH=/home/soda/Documents/autonomous_car/install/controller/lib/python3.6/site-packages:${PYTHONPATH} /usr/bin/python3 setup.py egg_info --egg-base ../build/controller build --build-base /home/soda/Documents/autonomous_car/build/controller/build install --prefix /home/soda/Documents/autonomous_car/install/controller --record /home/soda/Documents/autonomous_car/build/controller/install.log --single-version-externally-managed
[3.843s] running egg_info
[3.847s] writing ../build/controller/controller.egg-info/PKG-INFO
[3.848s] writing dependency_links to ../build/controller/controller.egg-info/dependency_links.txt
[3.849s] writing entry points to ../build/controller/controller.egg-info/entry_points.txt
[3.850s] writing requirements to ../build/controller/controller.egg-info/requires.txt
[3.850s] writing top-level names to ../build/controller/controller.egg-info/top_level.txt
[3.865s] reading manifest file '../build/controller/controller.egg-info/SOURCES.txt'
[3.872s] writing manifest file '../build/controller/controller.egg-info/SOURCES.txt'
[3.873s] running build
[3.874s] running build_py
[3.877s] running install
[3.877s] /home/soda/.local/lib/python3.6/site-packages/setuptools/command/install.py:37: SetuptoolsDeprecationWarning: setup.py install is deprecated. Use build and pip and other standards-based tools.
[3.878s]   setuptools.SetuptoolsDeprecationWarning,
[3.879s] running install_lib
[3.885s] running install_data
[3.888s] running install_egg_info
[3.895s] removing '/home/soda/Documents/autonomous_car/install/controller/lib/python3.6/site-packages/controller-0.0.0-py3.6.egg-info' (and everything under it)
[3.896s] Copying ../build/controller/controller.egg-info to /home/soda/Documents/autonomous_car/install/controller/lib/python3.6/site-packages/controller-0.0.0-py3.6.egg-info
[3.900s] running install_scripts
[3.982s] Installing controller script to /home/soda/Documents/autonomous_car/install/controller/lib/controller
[3.984s] Installing gps script to /home/soda/Documents/autonomous_car/install/controller/lib/controller
[3.985s] Installing led script to /home/soda/Documents/autonomous_car/install/controller/lib/controller
[3.985s] Installing socketio script to /home/soda/Documents/autonomous_car/install/controller/lib/controller
[3.986s] writing list of installed files to '/home/soda/Documents/autonomous_car/build/controller/install.log'
[4.102s] Invoked command in '/home/soda/Documents/autonomous_car/controller' returned '0': PYTHONPATH=/home/soda/Documents/autonomous_car/install/controller/lib/python3.6/site-packages:${PYTHONPATH} /usr/bin/python3 setup.py egg_info --egg-base ../build/controller build --build-base /home/soda/Documents/autonomous_car/build/controller/build install --prefix /home/soda/Documents/autonomous_car/install/controller --record /home/soda/Documents/autonomous_car/build/controller/install.log --single-version-externally-managed
