[0.646s] DEBUG:colcon:Command line arguments: ['/usr/bin/colcon', 'build', '--symlink-install']
[0.646s] DEBUG:colcon:Parsed command line arguments: Namespace(allow_overriding=[], ament_cmake_args=None, base_paths=['.'], build_base='build', catkin_cmake_args=None, catkin_skip_building_tests=False, cmake_args=None, cmake_clean_cache=False, cmake_clean_first=False, cmake_force_configure=False, cmake_target=None, cmake_target_skip_unavailable=False, continue_on_error=False, event_handlers=None, executor='parallel', ignore_user_meta=False, install_base='install', log_base=None, log_level=None, main=<bound method BuildVerb.main of <colcon_core.verb.build.BuildVerb object at 0x7f9376320b70>>, merge_install=False, metas=['./colcon.meta'], packages_above=None, packages_above_and_dependencies=None, packages_above_depth=None, packages_end=None, packages_ignore=None, packages_ignore_regex=None, packages_select=None, packages_select_build_failed=False, packages_select_by_dep=None, packages_select_regex=None, packages_select_test_failures=False, packages_skip=None, packages_skip_build_finished=False, packages_skip_by_dep=None, packages_skip_regex=None, packages_skip_test_passed=False, packages_skip_up_to=None, packages_start=None, packages_up_to=None, packages_up_to_regex=None, parallel_workers=4, paths=None, symlink_install=True, test_result_base=None, verb_extension=<colcon_core.verb.build.BuildVerb object at 0x7f9376320b70>, verb_name='build', verb_parser=<colcon_defaults.argument_parser.defaults.DefaultArgumentsDecorator object at 0x7f9375b845c0>)
[0.889s] Level 1:colcon.colcon_core.package_discovery:discover_packages(colcon_meta) check parameters
[0.890s] Level 1:colcon.colcon_core.package_discovery:discover_packages(recursive) check parameters
[0.890s] Level 1:colcon.colcon_core.package_discovery:discover_packages(ignore) check parameters
[0.890s] Level 1:colcon.colcon_core.package_discovery:discover_packages(path) check parameters
[0.890s] Level 1:colcon.colcon_core.package_discovery:discover_packages(colcon_meta) discover
[0.891s] Level 1:colcon.colcon_core.package_discovery:discover_packages(recursive) discover
[0.891s] INFO:colcon.colcon_core.package_discovery:Crawling recursively for packages in '/home/nkcong206/Documents/autonomous_car'
[0.892s] Level 1:colcon.colcon_core.package_identification:_identify(.) by extensions ['ignore', 'ignore_ament_install']
[0.892s] Level 1:colcon.colcon_core.package_identification:_identify(.) by extension 'ignore'
[0.892s] Level 1:colcon.colcon_core.package_identification:_identify(.) by extension 'ignore_ament_install'
[0.892s] Level 1:colcon.colcon_core.package_identification:_identify(.) by extensions ['colcon_pkg']
[0.893s] Level 1:colcon.colcon_core.package_identification:_identify(.) by extension 'colcon_pkg'
[0.893s] Level 1:colcon.colcon_core.package_identification:_identify(.) by extensions ['colcon_meta']
[0.893s] Level 1:colcon.colcon_core.package_identification:_identify(.) by extension 'colcon_meta'
[0.893s] Level 1:colcon.colcon_core.package_identification:_identify(.) by extensions ['ros']
[0.893s] Level 1:colcon.colcon_core.package_identification:_identify(.) by extension 'ros'
[0.922s] Level 1:colcon.colcon_core.package_identification:_identify(.) by extensions ['cmake', 'python']
[0.922s] Level 1:colcon.colcon_core.package_identification:_identify(.) by extension 'cmake'
[0.922s] Level 1:colcon.colcon_core.package_identification:_identify(.) by extension 'python'
[0.922s] Level 1:colcon.colcon_core.package_identification:_identify(.) by extensions ['python_setup_py']
[0.922s] Level 1:colcon.colcon_core.package_identification:_identify(.) by extension 'python_setup_py'
[0.922s] Level 1:colcon.colcon_core.package_identification:_identify(build) by extensions ['ignore', 'ignore_ament_install']
[0.923s] Level 1:colcon.colcon_core.package_identification:_identify(build) by extension 'ignore'
[0.923s] Level 1:colcon.colcon_core.package_identification:_identify(build) ignored
[0.923s] Level 1:colcon.colcon_core.package_identification:_identify(collect_data) by extensions ['ignore', 'ignore_ament_install']
[0.923s] Level 1:colcon.colcon_core.package_identification:_identify(collect_data) by extension 'ignore'
[0.923s] Level 1:colcon.colcon_core.package_identification:_identify(collect_data) by extension 'ignore_ament_install'
[0.923s] Level 1:colcon.colcon_core.package_identification:_identify(collect_data) by extensions ['colcon_pkg']
[0.924s] Level 1:colcon.colcon_core.package_identification:_identify(collect_data) by extension 'colcon_pkg'
[0.924s] Level 1:colcon.colcon_core.package_identification:_identify(collect_data) by extensions ['colcon_meta']
[0.924s] Level 1:colcon.colcon_core.package_identification:_identify(collect_data) by extension 'colcon_meta'
[0.924s] Level 1:colcon.colcon_core.package_identification:_identify(collect_data) by extensions ['ros']
[0.924s] Level 1:colcon.colcon_core.package_identification:_identify(collect_data) by extension 'ros'
[0.924s] Level 1:colcon.colcon_core.package_identification:_identify(collect_data) by extensions ['cmake', 'python']
[0.924s] Level 1:colcon.colcon_core.package_identification:_identify(collect_data) by extension 'cmake'
[0.924s] Level 1:colcon.colcon_core.package_identification:_identify(collect_data) by extension 'python'
[0.924s] Level 1:colcon.colcon_core.package_identification:_identify(collect_data) by extensions ['python_setup_py']
[0.924s] Level 1:colcon.colcon_core.package_identification:_identify(collect_data) by extension 'python_setup_py'
[0.924s] Level 1:colcon.colcon_core.package_identification:_identify(collect_data/auto_car) by extensions ['ignore', 'ignore_ament_install']
[0.924s] Level 1:colcon.colcon_core.package_identification:_identify(collect_data/auto_car) by extension 'ignore'
[0.925s] Level 1:colcon.colcon_core.package_identification:_identify(collect_data/auto_car) by extension 'ignore_ament_install'
[0.925s] Level 1:colcon.colcon_core.package_identification:_identify(collect_data/auto_car) by extensions ['colcon_pkg']
[0.925s] Level 1:colcon.colcon_core.package_identification:_identify(collect_data/auto_car) by extension 'colcon_pkg'
[0.925s] Level 1:colcon.colcon_core.package_identification:_identify(collect_data/auto_car) by extensions ['colcon_meta']
[0.925s] Level 1:colcon.colcon_core.package_identification:_identify(collect_data/auto_car) by extension 'colcon_meta'
[0.925s] Level 1:colcon.colcon_core.package_identification:_identify(collect_data/auto_car) by extensions ['ros']
[0.925s] Level 1:colcon.colcon_core.package_identification:_identify(collect_data/auto_car) by extension 'ros'
[1.028s] DEBUG:colcon.colcon_core.package_identification:Package 'collect_data/auto_car' with type 'ros.ament_python' and name 'auto_car'
[1.029s] Level 1:colcon.colcon_core.package_identification:_identify(collect_data/rplidar_ros2) by extensions ['ignore', 'ignore_ament_install']
[1.029s] Level 1:colcon.colcon_core.package_identification:_identify(collect_data/rplidar_ros2) by extension 'ignore'
[1.030s] Level 1:colcon.colcon_core.package_identification:_identify(collect_data/rplidar_ros2) by extension 'ignore_ament_install'
[1.030s] Level 1:colcon.colcon_core.package_identification:_identify(collect_data/rplidar_ros2) by extensions ['colcon_pkg']
[1.031s] Level 1:colcon.colcon_core.package_identification:_identify(collect_data/rplidar_ros2) by extension 'colcon_pkg'
[1.031s] Level 1:colcon.colcon_core.package_identification:_identify(collect_data/rplidar_ros2) by extensions ['colcon_meta']
[1.031s] Level 1:colcon.colcon_core.package_identification:_identify(collect_data/rplidar_ros2) by extension 'colcon_meta'
[1.031s] Level 1:colcon.colcon_core.package_identification:_identify(collect_data/rplidar_ros2) by extensions ['ros']
[1.032s] Level 1:colcon.colcon_core.package_identification:_identify(collect_data/rplidar_ros2) by extension 'ros'
[1.036s] DEBUG:colcon.colcon_core.package_identification:Package 'collect_data/rplidar_ros2' with type 'ros.ament_cmake' and name 'rplidar_ros'
[1.037s] Level 1:colcon.colcon_core.package_identification:_identify(collect_data/tools) by extensions ['ignore', 'ignore_ament_install']
[1.037s] Level 1:colcon.colcon_core.package_identification:_identify(collect_data/tools) by extension 'ignore'
[1.038s] Level 1:colcon.colcon_core.package_identification:_identify(collect_data/tools) by extension 'ignore_ament_install'
[1.038s] Level 1:colcon.colcon_core.package_identification:_identify(collect_data/tools) by extensions ['colcon_pkg']
[1.038s] Level 1:colcon.colcon_core.package_identification:_identify(collect_data/tools) by extension 'colcon_pkg'
[1.039s] Level 1:colcon.colcon_core.package_identification:_identify(collect_data/tools) by extensions ['colcon_meta']
[1.039s] Level 1:colcon.colcon_core.package_identification:_identify(collect_data/tools) by extension 'colcon_meta'
[1.039s] Level 1:colcon.colcon_core.package_identification:_identify(collect_data/tools) by extensions ['ros']
[1.039s] Level 1:colcon.colcon_core.package_identification:_identify(collect_data/tools) by extension 'ros'
[1.040s] Level 1:colcon.colcon_core.package_identification:_identify(collect_data/tools) by extensions ['cmake', 'python']
[1.040s] Level 1:colcon.colcon_core.package_identification:_identify(collect_data/tools) by extension 'cmake'
[1.041s] Level 1:colcon.colcon_core.package_identification:_identify(collect_data/tools) by extension 'python'
[1.041s] Level 1:colcon.colcon_core.package_identification:_identify(collect_data/tools) by extensions ['python_setup_py']
[1.041s] Level 1:colcon.colcon_core.package_identification:_identify(collect_data/tools) by extension 'python_setup_py'
[1.042s] Level 1:colcon.colcon_core.package_identification:_identify(collect_data/tools/driving) by extensions ['ignore', 'ignore_ament_install']
[1.042s] Level 1:colcon.colcon_core.package_identification:_identify(collect_data/tools/driving) by extension 'ignore'
[1.042s] Level 1:colcon.colcon_core.package_identification:_identify(collect_data/tools/driving) by extension 'ignore_ament_install'
[1.043s] Level 1:colcon.colcon_core.package_identification:_identify(collect_data/tools/driving) by extensions ['colcon_pkg']
[1.043s] Level 1:colcon.colcon_core.package_identification:_identify(collect_data/tools/driving) by extension 'colcon_pkg'
[1.043s] Level 1:colcon.colcon_core.package_identification:_identify(collect_data/tools/driving) by extensions ['colcon_meta']
[1.043s] Level 1:colcon.colcon_core.package_identification:_identify(collect_data/tools/driving) by extension 'colcon_meta'
[1.044s] Level 1:colcon.colcon_core.package_identification:_identify(collect_data/tools/driving) by extensions ['ros']
[1.044s] Level 1:colcon.colcon_core.package_identification:_identify(collect_data/tools/driving) by extension 'ros'
[1.044s] Level 1:colcon.colcon_core.package_identification:_identify(collect_data/tools/driving) by extensions ['cmake', 'python']
[1.044s] Level 1:colcon.colcon_core.package_identification:_identify(collect_data/tools/driving) by extension 'cmake'
[1.045s] Level 1:colcon.colcon_core.package_identification:_identify(collect_data/tools/driving) by extension 'python'
[1.045s] Level 1:colcon.colcon_core.package_identification:_identify(collect_data/tools/driving) by extensions ['python_setup_py']
[1.045s] Level 1:colcon.colcon_core.package_identification:_identify(collect_data/tools/driving) by extension 'python_setup_py'
[1.046s] Level 1:colcon.colcon_core.package_identification:_identify(collect_data/tools/object) by extensions ['ignore', 'ignore_ament_install']
[1.046s] Level 1:colcon.colcon_core.package_identification:_identify(collect_data/tools/object) by extension 'ignore'
[1.046s] Level 1:colcon.colcon_core.package_identification:_identify(collect_data/tools/object) by extension 'ignore_ament_install'
[1.047s] Level 1:colcon.colcon_core.package_identification:_identify(collect_data/tools/object) by extensions ['colcon_pkg']
[1.047s] Level 1:colcon.colcon_core.package_identification:_identify(collect_data/tools/object) by extension 'colcon_pkg'
[1.047s] Level 1:colcon.colcon_core.package_identification:_identify(collect_data/tools/object) by extensions ['colcon_meta']
[1.047s] Level 1:colcon.colcon_core.package_identification:_identify(collect_data/tools/object) by extension 'colcon_meta'
[1.048s] Level 1:colcon.colcon_core.package_identification:_identify(collect_data/tools/object) by extensions ['ros']
[1.048s] Level 1:colcon.colcon_core.package_identification:_identify(collect_data/tools/object) by extension 'ros'
[1.048s] Level 1:colcon.colcon_core.package_identification:_identify(collect_data/tools/object) by extensions ['cmake', 'python']
[1.048s] Level 1:colcon.colcon_core.package_identification:_identify(collect_data/tools/object) by extension 'cmake'
[1.049s] Level 1:colcon.colcon_core.package_identification:_identify(collect_data/tools/object) by extension 'python'
[1.049s] Level 1:colcon.colcon_core.package_identification:_identify(collect_data/tools/object) by extensions ['python_setup_py']
[1.049s] Level 1:colcon.colcon_core.package_identification:_identify(collect_data/tools/object) by extension 'python_setup_py'
[1.049s] Level 1:colcon.colcon_core.package_identification:_identify(controller) by extensions ['ignore', 'ignore_ament_install']
[1.050s] Level 1:colcon.colcon_core.package_identification:_identify(controller) by extension 'ignore'
[1.050s] Level 1:colcon.colcon_core.package_identification:_identify(controller) by extension 'ignore_ament_install'
[1.050s] Level 1:colcon.colcon_core.package_identification:_identify(controller) by extensions ['colcon_pkg']
[1.050s] Level 1:colcon.colcon_core.package_identification:_identify(controller) by extension 'colcon_pkg'
[1.050s] Level 1:colcon.colcon_core.package_identification:_identify(controller) by extensions ['colcon_meta']
[1.050s] Level 1:colcon.colcon_core.package_identification:_identify(controller) by extension 'colcon_meta'
[1.051s] Level 1:colcon.colcon_core.package_identification:_identify(controller) by extensions ['ros']
[1.051s] Level 1:colcon.colcon_core.package_identification:_identify(controller) by extension 'ros'
[1.054s] DEBUG:colcon.colcon_core.package_identification:Package 'controller' with type 'ros.ament_python' and name 'controller'
[1.054s] Level 1:colcon.colcon_core.package_identification:_identify(install) by extensions ['ignore', 'ignore_ament_install']
[1.054s] Level 1:colcon.colcon_core.package_identification:_identify(install) by extension 'ignore'
[1.055s] Level 1:colcon.colcon_core.package_identification:_identify(install) ignored
[1.055s] Level 1:colcon.colcon_core.package_identification:_identify(log) by extensions ['ignore', 'ignore_ament_install']
[1.055s] Level 1:colcon.colcon_core.package_identification:_identify(log) by extension 'ignore'
[1.055s] Level 1:colcon.colcon_core.package_identification:_identify(log) ignored
[1.055s] Level 1:colcon.colcon_core.package_discovery:discover_packages(recursive) using defaults
[1.056s] Level 1:colcon.colcon_core.package_discovery:discover_packages(ignore) discover
[1.056s] Level 1:colcon.colcon_core.package_discovery:discover_packages(ignore) using defaults
[1.056s] Level 1:colcon.colcon_core.package_discovery:discover_packages(path) discover
[1.056s] Level 1:colcon.colcon_core.package_discovery:discover_packages(path) using defaults
[1.179s] Level 1:colcon.colcon_core.package_discovery:discover_packages(prefix_path) check parameters
[1.179s] Level 1:colcon.colcon_core.package_discovery:discover_packages(prefix_path) discover
[1.197s] DEBUG:colcon.colcon_installed_package_information.package_discovery:Found 227 installed packages in /opt/ros/eloquent
[1.199s] Level 1:colcon.colcon_core.package_discovery:discover_packages(prefix_path) using defaults
[1.295s] Level 5:colcon.colcon_core.verb:set package 'auto_car' build argument 'cmake_args' from command line to 'None'
[1.295s] Level 5:colcon.colcon_core.verb:set package 'auto_car' build argument 'cmake_target' from command line to 'None'
[1.295s] Level 5:colcon.colcon_core.verb:set package 'auto_car' build argument 'cmake_target_skip_unavailable' from command line to 'False'
[1.295s] Level 5:colcon.colcon_core.verb:set package 'auto_car' build argument 'cmake_clean_cache' from command line to 'False'
[1.295s] Level 5:colcon.colcon_core.verb:set package 'auto_car' build argument 'cmake_clean_first' from command line to 'False'
[1.295s] Level 5:colcon.colcon_core.verb:set package 'auto_car' build argument 'cmake_force_configure' from command line to 'False'
[1.295s] Level 5:colcon.colcon_core.verb:set package 'auto_car' build argument 'ament_cmake_args' from command line to 'None'
[1.295s] Level 5:colcon.colcon_core.verb:set package 'auto_car' build argument 'catkin_cmake_args' from command line to 'None'
[1.295s] Level 5:colcon.colcon_core.verb:set package 'auto_car' build argument 'catkin_skip_building_tests' from command line to 'False'
[1.295s] DEBUG:colcon.colcon_core.verb:Building package 'auto_car' with the following arguments: {'ament_cmake_args': None, 'build_base': '/home/nkcong206/Documents/autonomous_car/build/auto_car', 'catkin_cmake_args': None, 'catkin_skip_building_tests': False, 'cmake_args': None, 'cmake_clean_cache': False, 'cmake_clean_first': False, 'cmake_force_configure': False, 'cmake_target': None, 'cmake_target_skip_unavailable': False, 'install_base': '/home/nkcong206/Documents/autonomous_car/install/auto_car', 'merge_install': False, 'path': '/home/nkcong206/Documents/autonomous_car/collect_data/auto_car', 'symlink_install': True, 'test_result_base': None}
[1.296s] Level 5:colcon.colcon_core.verb:set package 'controller' build argument 'cmake_args' from command line to 'None'
[1.296s] Level 5:colcon.colcon_core.verb:set package 'controller' build argument 'cmake_target' from command line to 'None'
[1.296s] Level 5:colcon.colcon_core.verb:set package 'controller' build argument 'cmake_target_skip_unavailable' from command line to 'False'
[1.296s] Level 5:colcon.colcon_core.verb:set package 'controller' build argument 'cmake_clean_cache' from command line to 'False'
[1.296s] Level 5:colcon.colcon_core.verb:set package 'controller' build argument 'cmake_clean_first' from command line to 'False'
[1.296s] Level 5:colcon.colcon_core.verb:set package 'controller' build argument 'cmake_force_configure' from command line to 'False'
[1.296s] Level 5:colcon.colcon_core.verb:set package 'controller' build argument 'ament_cmake_args' from command line to 'None'
[1.296s] Level 5:colcon.colcon_core.verb:set package 'controller' build argument 'catkin_cmake_args' from command line to 'None'
[1.296s] Level 5:colcon.colcon_core.verb:set package 'controller' build argument 'catkin_skip_building_tests' from command line to 'False'
[1.296s] DEBUG:colcon.colcon_core.verb:Building package 'controller' with the following arguments: {'ament_cmake_args': None, 'build_base': '/home/nkcong206/Documents/autonomous_car/build/controller', 'catkin_cmake_args': None, 'catkin_skip_building_tests': False, 'cmake_args': None, 'cmake_clean_cache': False, 'cmake_clean_first': False, 'cmake_force_configure': False, 'cmake_target': None, 'cmake_target_skip_unavailable': False, 'install_base': '/home/nkcong206/Documents/autonomous_car/install/controller', 'merge_install': False, 'path': '/home/nkcong206/Documents/autonomous_car/controller', 'symlink_install': True, 'test_result_base': None}
[1.297s] Level 5:colcon.colcon_core.verb:set package 'rplidar_ros' build argument 'cmake_args' from command line to 'None'
[1.297s] Level 5:colcon.colcon_core.verb:set package 'rplidar_ros' build argument 'cmake_target' from command line to 'None'
[1.297s] Level 5:colcon.colcon_core.verb:set package 'rplidar_ros' build argument 'cmake_target_skip_unavailable' from command line to 'False'
[1.297s] Level 5:colcon.colcon_core.verb:set package 'rplidar_ros' build argument 'cmake_clean_cache' from command line to 'False'
[1.297s] Level 5:colcon.colcon_core.verb:set package 'rplidar_ros' build argument 'cmake_clean_first' from command line to 'False'
[1.297s] Level 5:colcon.colcon_core.verb:set package 'rplidar_ros' build argument 'cmake_force_configure' from command line to 'False'
[1.297s] Level 5:colcon.colcon_core.verb:set package 'rplidar_ros' build argument 'ament_cmake_args' from command line to 'None'
[1.297s] Level 5:colcon.colcon_core.verb:set package 'rplidar_ros' build argument 'catkin_cmake_args' from command line to 'None'
[1.297s] Level 5:colcon.colcon_core.verb:set package 'rplidar_ros' build argument 'catkin_skip_building_tests' from command line to 'False'
[1.298s] DEBUG:colcon.colcon_core.verb:Building package 'rplidar_ros' with the following arguments: {'ament_cmake_args': None, 'build_base': '/home/nkcong206/Documents/autonomous_car/build/rplidar_ros', 'catkin_cmake_args': None, 'catkin_skip_building_tests': False, 'cmake_args': None, 'cmake_clean_cache': False, 'cmake_clean_first': False, 'cmake_force_configure': False, 'cmake_target': None, 'cmake_target_skip_unavailable': False, 'install_base': '/home/nkcong206/Documents/autonomous_car/install/rplidar_ros', 'merge_install': False, 'path': '/home/nkcong206/Documents/autonomous_car/collect_data/rplidar_ros2', 'symlink_install': True, 'test_result_base': None}
[1.298s] INFO:colcon.colcon_core.executor:Executing jobs using 'parallel' executor
[1.299s] DEBUG:colcon.colcon_parallel_executor.executor.parallel:run_until_complete
[1.300s] INFO:colcon.colcon_ros.task.ament_python.build:Building ROS package in '/home/nkcong206/Documents/autonomous_car/collect_data/auto_car' with build type 'ament_python'
[1.300s] Level 1:colcon.colcon_core.shell:create_environment_hook('auto_car', 'ament_prefix_path')
[1.319s] INFO:colcon.colcon_core.plugin_system:Skipping extension 'colcon_core.shell.bat': Not used on non-Windows systems
[1.319s] INFO:colcon.colcon_core.shell:Creating environment hook '/home/nkcong206/Documents/autonomous_car/install/auto_car/share/auto_car/hook/ament_prefix_path.ps1'
[1.332s] INFO:colcon.colcon_core.shell:Creating environment descriptor '/home/nkcong206/Documents/autonomous_car/install/auto_car/share/auto_car/hook/ament_prefix_path.dsv'
[1.347s] INFO:colcon.colcon_core.shell:Creating environment hook '/home/nkcong206/Documents/autonomous_car/install/auto_car/share/auto_car/hook/ament_prefix_path.sh'
[1.349s] INFO:colcon.colcon_core.shell:Skip shell extension 'powershell' for command environment: Not usable outside of PowerShell
[1.349s] DEBUG:colcon.colcon_core.shell:Skip shell extension 'dsv' for command environment
[1.357s] INFO:colcon.colcon_ros.task.ament_python.build:Building ROS package in '/home/nkcong206/Documents/autonomous_car/controller' with build type 'ament_python'
[1.358s] Level 1:colcon.colcon_core.shell:create_environment_hook('controller', 'ament_prefix_path')
[1.360s] INFO:colcon.colcon_core.shell:Creating environment hook '/home/nkcong206/Documents/autonomous_car/install/controller/share/controller/hook/ament_prefix_path.ps1'
[1.362s] INFO:colcon.colcon_core.shell:Creating environment descriptor '/home/nkcong206/Documents/autonomous_car/install/controller/share/controller/hook/ament_prefix_path.dsv'
[1.362s] INFO:colcon.colcon_core.shell:Creating environment hook '/home/nkcong206/Documents/autonomous_car/install/controller/share/controller/hook/ament_prefix_path.sh'
[1.363s] INFO:colcon.colcon_core.shell:Skip shell extension 'powershell' for command environment: Not usable outside of PowerShell
[1.363s] DEBUG:colcon.colcon_core.shell:Skip shell extension 'dsv' for command environment
[1.371s] INFO:colcon.colcon_ros.task.ament_cmake.build:Building ROS package in '/home/nkcong206/Documents/autonomous_car/collect_data/rplidar_ros2' with build type 'ament_cmake'
[1.372s] INFO:colcon.colcon_cmake.task.cmake.build:Building CMake package in '/home/nkcong206/Documents/autonomous_car/collect_data/rplidar_ros2'
[1.374s] INFO:colcon.colcon_core.shell:Skip shell extension 'powershell' for command environment: Not usable outside of PowerShell
[1.374s] DEBUG:colcon.colcon_core.shell:Skip shell extension 'dsv' for command environment
[2.125s] INFO:colcon.colcon_core.task.python.build:Building Python package in '/home/nkcong206/Documents/autonomous_car/collect_data/auto_car'
[2.126s] INFO:colcon.colcon_core.shell:Skip shell extension 'powershell' for command environment: Not usable outside of PowerShell
[2.126s] DEBUG:colcon.colcon_core.shell:Skip shell extension 'dsv' for command environment
[2.548s] INFO:colcon.colcon_core.task.python.build:Building Python package in '/home/nkcong206/Documents/autonomous_car/controller'
[2.549s] INFO:colcon.colcon_core.shell:Skip shell extension 'powershell' for command environment: Not usable outside of PowerShell
[2.549s] DEBUG:colcon.colcon_core.shell:Skip shell extension 'dsv' for command environment
[2.560s] DEBUG:colcon.colcon_core.event_handler.log_command:Invoking command in '/home/nkcong206/Documents/autonomous_car/build/rplidar_ros': CMAKE_PREFIX_PATH=/opt/ros/eloquent /usr/local/bin/cmake /home/nkcong206/Documents/autonomous_car/collect_data/rplidar_ros2 -DAMENT_CMAKE_SYMLINK_INSTALL=1 -DCMAKE_INSTALL_PREFIX=/home/nkcong206/Documents/autonomous_car/install/rplidar_ros
[4.957s] DEBUG:colcon.colcon_core.event_handler.log_command:Invoking command in '/home/nkcong206/Documents/autonomous_car/build/controller': PYTHONPATH=/home/nkcong206/Documents/autonomous_car/build/controller/prefix_override:/home/nkcong206/Documents/autonomous_car/install/controller/lib/python3.6/site-packages:${PYTHONPATH} /usr/bin/python3 setup.py develop --editable --build-directory /home/nkcong206/Documents/autonomous_car/build/controller/build --no-deps install_data
[4.987s] DEBUG:colcon.colcon_core.event_handler.log_command:Invoking command in '/home/nkcong206/Documents/autonomous_car/build/auto_car': PYTHONPATH=/home/nkcong206/Documents/autonomous_car/build/auto_car/prefix_override:/home/nkcong206/Documents/autonomous_car/install/auto_car/lib/python3.6/site-packages:${PYTHONPATH} /usr/bin/python3 setup.py develop --editable --build-directory /home/nkcong206/Documents/autonomous_car/build/auto_car/build --no-deps install_data
[5.947s] Level 1:colcon.colcon_core.shell:create_environment_hook('auto_car', 'pythonpath_develop')
[5.948s] INFO:colcon.colcon_core.shell:Creating environment hook '/home/nkcong206/Documents/autonomous_car/build/auto_car/share/auto_car/hook/pythonpath_develop.ps1'
[5.950s] DEBUG:colcon.colcon_core.event_handler.log_command:Invoked command in '/home/nkcong206/Documents/autonomous_car/build/auto_car' returned '0': PYTHONPATH=/home/nkcong206/Documents/autonomous_car/build/auto_car/prefix_override:/home/nkcong206/Documents/autonomous_car/install/auto_car/lib/python3.6/site-packages:${PYTHONPATH} /usr/bin/python3 setup.py develop --editable --build-directory /home/nkcong206/Documents/autonomous_car/build/auto_car/build --no-deps install_data
[5.951s] INFO:colcon.colcon_core.shell:Creating environment descriptor '/home/nkcong206/Documents/autonomous_car/build/auto_car/share/auto_car/hook/pythonpath_develop.dsv'
[5.951s] INFO:colcon.colcon_core.shell:Creating environment hook '/home/nkcong206/Documents/autonomous_car/build/auto_car/share/auto_car/hook/pythonpath_develop.sh'
[6.326s] Level 1:colcon.colcon_core.environment:checking '/home/nkcong206/Documents/autonomous_car/install/auto_car' for CMake module files
[6.327s] Level 1:colcon.colcon_core.environment:checking '/home/nkcong206/Documents/autonomous_car/install/auto_car' for CMake config files
[6.330s] Level 1:colcon.colcon_core.environment:checking '/home/nkcong206/Documents/autonomous_car/install/auto_car/lib'
[6.330s] Level 1:colcon.colcon_core.environment:checking '/home/nkcong206/Documents/autonomous_car/install/auto_car/bin'
[6.330s] Level 1:colcon.colcon_core.environment:checking '/home/nkcong206/Documents/autonomous_car/install/auto_car/lib/pkgconfig/auto_car.pc'
[6.331s] Level 1:colcon.colcon_core.environment:checking '/home/nkcong206/Documents/autonomous_car/install/auto_car/lib/python3.6/site-packages'
[6.331s] Level 1:colcon.colcon_core.shell:create_environment_hook('auto_car', 'pythonpath')
[6.331s] INFO:colcon.colcon_core.shell:Creating environment hook '/home/nkcong206/Documents/autonomous_car/install/auto_car/share/auto_car/hook/pythonpath.ps1'
[6.332s] INFO:colcon.colcon_core.shell:Creating environment descriptor '/home/nkcong206/Documents/autonomous_car/install/auto_car/share/auto_car/hook/pythonpath.dsv'
[6.333s] INFO:colcon.colcon_core.shell:Creating environment hook '/home/nkcong206/Documents/autonomous_car/install/auto_car/share/auto_car/hook/pythonpath.sh'
[6.335s] Level 1:colcon.colcon_core.environment:checking '/home/nkcong206/Documents/autonomous_car/install/auto_car/bin'
[6.335s] Level 1:colcon.colcon_core.environment:create_environment_scripts_only(auto_car)
[6.336s] INFO:colcon.colcon_core.shell:Creating package script '/home/nkcong206/Documents/autonomous_car/install/auto_car/share/auto_car/package.ps1'
[6.359s] INFO:colcon.colcon_core.shell:Creating package descriptor '/home/nkcong206/Documents/autonomous_car/install/auto_car/share/auto_car/package.dsv'
[6.396s] INFO:colcon.colcon_core.shell:Creating package script '/home/nkcong206/Documents/autonomous_car/install/auto_car/share/auto_car/package.sh'
[6.399s] INFO:colcon.colcon_core.shell:Creating package script '/home/nkcong206/Documents/autonomous_car/install/auto_car/share/auto_car/package.bash'
[6.433s] INFO:colcon.colcon_core.shell:Creating package script '/home/nkcong206/Documents/autonomous_car/install/auto_car/share/auto_car/package.zsh'
[6.442s] Level 1:colcon.colcon_core.environment:create_file_with_runtime_dependencies(/home/nkcong206/Documents/autonomous_car/install/auto_car/share/colcon-core/packages/auto_car)
[6.444s] Level 1:colcon.colcon_core.shell:create_environment_hook('controller', 'pythonpath_develop')
[6.447s] INFO:colcon.colcon_core.shell:Creating environment hook '/home/nkcong206/Documents/autonomous_car/build/controller/share/controller/hook/pythonpath_develop.ps1'
[6.448s] INFO:colcon.colcon_core.shell:Creating environment descriptor '/home/nkcong206/Documents/autonomous_car/build/controller/share/controller/hook/pythonpath_develop.dsv'
[6.449s] INFO:colcon.colcon_core.shell:Creating environment hook '/home/nkcong206/Documents/autonomous_car/build/controller/share/controller/hook/pythonpath_develop.sh'
[6.450s] Level 1:colcon.colcon_core.environment:checking '/home/nkcong206/Documents/autonomous_car/install/controller' for CMake module files
[6.451s] Level 1:colcon.colcon_core.environment:checking '/home/nkcong206/Documents/autonomous_car/install/controller' for CMake config files
[6.446s] DEBUG:colcon.colcon_core.event_handler.log_command:Invoked command in '/home/nkcong206/Documents/autonomous_car/build/controller' returned '0': PYTHONPATH=/home/nkcong206/Documents/autonomous_car/build/controller/prefix_override:/home/nkcong206/Documents/autonomous_car/install/controller/lib/python3.6/site-packages:${PYTHONPATH} /usr/bin/python3 setup.py develop --editable --build-directory /home/nkcong206/Documents/autonomous_car/build/controller/build --no-deps install_data
[6.454s] Level 1:colcon.colcon_core.environment:checking '/home/nkcong206/Documents/autonomous_car/install/controller/lib'
[6.454s] Level 1:colcon.colcon_core.environment:checking '/home/nkcong206/Documents/autonomous_car/install/controller/bin'
[6.455s] Level 1:colcon.colcon_core.environment:checking '/home/nkcong206/Documents/autonomous_car/install/controller/lib/pkgconfig/controller.pc'
[6.455s] Level 1:colcon.colcon_core.environment:checking '/home/nkcong206/Documents/autonomous_car/install/controller/lib/python3.6/site-packages'
[6.456s] Level 1:colcon.colcon_core.shell:create_environment_hook('controller', 'pythonpath')
[6.457s] INFO:colcon.colcon_core.shell:Creating environment hook '/home/nkcong206/Documents/autonomous_car/install/controller/share/controller/hook/pythonpath.ps1'
[6.459s] INFO:colcon.colcon_core.shell:Creating environment descriptor '/home/nkcong206/Documents/autonomous_car/install/controller/share/controller/hook/pythonpath.dsv'
[6.460s] INFO:colcon.colcon_core.shell:Creating environment hook '/home/nkcong206/Documents/autonomous_car/install/controller/share/controller/hook/pythonpath.sh'
[6.462s] Level 1:colcon.colcon_core.environment:checking '/home/nkcong206/Documents/autonomous_car/install/controller/bin'
[6.462s] Level 1:colcon.colcon_core.environment:create_environment_scripts_only(controller)
[6.464s] INFO:colcon.colcon_core.shell:Creating package script '/home/nkcong206/Documents/autonomous_car/install/controller/share/controller/package.ps1'
[6.466s] INFO:colcon.colcon_core.shell:Creating package descriptor '/home/nkcong206/Documents/autonomous_car/install/controller/share/controller/package.dsv'
[6.467s] INFO:colcon.colcon_core.shell:Creating package script '/home/nkcong206/Documents/autonomous_car/install/controller/share/controller/package.sh'
[6.470s] INFO:colcon.colcon_core.shell:Creating package script '/home/nkcong206/Documents/autonomous_car/install/controller/share/controller/package.bash'
[6.472s] INFO:colcon.colcon_core.shell:Creating package script '/home/nkcong206/Documents/autonomous_car/install/controller/share/controller/package.zsh'
[6.474s] Level 1:colcon.colcon_core.environment:create_file_with_runtime_dependencies(/home/nkcong206/Documents/autonomous_car/install/controller/share/colcon-core/packages/controller)
[12.076s] DEBUG:colcon.colcon_core.event_handler.log_command:Invoked command in '/home/nkcong206/Documents/autonomous_car/build/rplidar_ros' returned '0': CMAKE_PREFIX_PATH=/opt/ros/eloquent /usr/local/bin/cmake /home/nkcong206/Documents/autonomous_car/collect_data/rplidar_ros2 -DAMENT_CMAKE_SYMLINK_INSTALL=1 -DCMAKE_INSTALL_PREFIX=/home/nkcong206/Documents/autonomous_car/install/rplidar_ros
[12.081s] DEBUG:colcon.colcon_core.event_handler.log_command:Invoking command in '/home/nkcong206/Documents/autonomous_car/build/rplidar_ros': CMAKE_PREFIX_PATH=/opt/ros/eloquent /usr/local/bin/cmake --build /home/nkcong206/Documents/autonomous_car/build/rplidar_ros -- -j4 -l4
[23.188s] DEBUG:colcon.colcon_core.event_handler.log_command:Invoked command in '/home/nkcong206/Documents/autonomous_car/build/rplidar_ros' returned '0': CMAKE_PREFIX_PATH=/opt/ros/eloquent /usr/local/bin/cmake --build /home/nkcong206/Documents/autonomous_car/build/rplidar_ros -- -j4 -l4
[23.253s] DEBUG:colcon.colcon_core.event_handler.log_command:Invoking command in '/home/nkcong206/Documents/autonomous_car/build/rplidar_ros': CMAKE_PREFIX_PATH=/opt/ros/eloquent /usr/local/bin/cmake --install /home/nkcong206/Documents/autonomous_car/build/rplidar_ros
[23.437s] Level 1:colcon.colcon_core.environment:create_environment_scripts_only(rplidar_ros)
[23.438s] Level 1:colcon.colcon_core.environment:checking '/home/nkcong206/Documents/autonomous_car/install/rplidar_ros' for CMake module files
[23.439s] DEBUG:colcon.colcon_core.event_handler.log_command:Invoked command in '/home/nkcong206/Documents/autonomous_car/build/rplidar_ros' returned '0': CMAKE_PREFIX_PATH=/opt/ros/eloquent /usr/local/bin/cmake --install /home/nkcong206/Documents/autonomous_car/build/rplidar_ros
[23.440s] Level 1:colcon.colcon_core.environment:checking '/home/nkcong206/Documents/autonomous_car/install/rplidar_ros' for CMake config files
[23.440s] Level 1:colcon.colcon_core.shell:create_environment_hook('rplidar_ros', 'cmake_prefix_path')
[23.441s] INFO:colcon.colcon_core.shell:Creating environment hook '/home/nkcong206/Documents/autonomous_car/install/rplidar_ros/share/rplidar_ros/hook/cmake_prefix_path.ps1'
[23.442s] INFO:colcon.colcon_core.shell:Creating environment descriptor '/home/nkcong206/Documents/autonomous_car/install/rplidar_ros/share/rplidar_ros/hook/cmake_prefix_path.dsv'
[23.442s] INFO:colcon.colcon_core.shell:Creating environment hook '/home/nkcong206/Documents/autonomous_car/install/rplidar_ros/share/rplidar_ros/hook/cmake_prefix_path.sh'
[23.443s] Level 1:colcon.colcon_core.environment:checking '/home/nkcong206/Documents/autonomous_car/install/rplidar_ros/lib'
[23.443s] Level 1:colcon.colcon_core.shell:create_environment_hook('rplidar_ros', 'ld_library_path_lib')
[23.444s] INFO:colcon.colcon_core.shell:Creating environment hook '/home/nkcong206/Documents/autonomous_car/install/rplidar_ros/share/rplidar_ros/hook/ld_library_path_lib.ps1'
[23.445s] INFO:colcon.colcon_core.shell:Creating environment descriptor '/home/nkcong206/Documents/autonomous_car/install/rplidar_ros/share/rplidar_ros/hook/ld_library_path_lib.dsv'
[23.445s] INFO:colcon.colcon_core.shell:Creating environment hook '/home/nkcong206/Documents/autonomous_car/install/rplidar_ros/share/rplidar_ros/hook/ld_library_path_lib.sh'
[23.446s] Level 1:colcon.colcon_core.environment:checking '/home/nkcong206/Documents/autonomous_car/install/rplidar_ros/bin'
[23.446s] Level 1:colcon.colcon_core.environment:checking '/home/nkcong206/Documents/autonomous_car/install/rplidar_ros/lib/pkgconfig/rplidar_ros.pc'
[23.447s] Level 1:colcon.colcon_core.environment:checking '/home/nkcong206/Documents/autonomous_car/install/rplidar_ros/lib/python3.6/site-packages'
[23.447s] Level 1:colcon.colcon_core.environment:checking '/home/nkcong206/Documents/autonomous_car/install/rplidar_ros/bin'
[23.448s] INFO:colcon.colcon_core.shell:Creating package script '/home/nkcong206/Documents/autonomous_car/install/rplidar_ros/share/rplidar_ros/package.ps1'
[23.449s] INFO:colcon.colcon_core.shell:Creating package descriptor '/home/nkcong206/Documents/autonomous_car/install/rplidar_ros/share/rplidar_ros/package.dsv'
[23.449s] INFO:colcon.colcon_core.shell:Creating package script '/home/nkcong206/Documents/autonomous_car/install/rplidar_ros/share/rplidar_ros/package.sh'
[23.450s] INFO:colcon.colcon_core.shell:Creating package script '/home/nkcong206/Documents/autonomous_car/install/rplidar_ros/share/rplidar_ros/package.bash'
[23.450s] INFO:colcon.colcon_core.shell:Creating package script '/home/nkcong206/Documents/autonomous_car/install/rplidar_ros/share/rplidar_ros/package.zsh'
[23.451s] Level 1:colcon.colcon_core.environment:create_file_with_runtime_dependencies(/home/nkcong206/Documents/autonomous_car/install/rplidar_ros/share/colcon-core/packages/rplidar_ros)
[23.509s] Level 1:colcon.colcon_core.environment:create_environment_scripts_only(rplidar_ros)
[23.510s] Level 1:colcon.colcon_core.environment:checking '/home/nkcong206/Documents/autonomous_car/install/rplidar_ros' for CMake module files
[23.511s] Level 1:colcon.colcon_core.environment:checking '/home/nkcong206/Documents/autonomous_car/install/rplidar_ros' for CMake config files
[23.511s] Level 1:colcon.colcon_core.shell:create_environment_hook('rplidar_ros', 'cmake_prefix_path')
[23.511s] INFO:colcon.colcon_core.shell:Creating environment hook '/home/nkcong206/Documents/autonomous_car/install/rplidar_ros/share/rplidar_ros/hook/cmake_prefix_path.ps1'
[23.512s] INFO:colcon.colcon_core.shell:Creating environment descriptor '/home/nkcong206/Documents/autonomous_car/install/rplidar_ros/share/rplidar_ros/hook/cmake_prefix_path.dsv'
[23.513s] INFO:colcon.colcon_core.shell:Creating environment hook '/home/nkcong206/Documents/autonomous_car/install/rplidar_ros/share/rplidar_ros/hook/cmake_prefix_path.sh'
[23.514s] Level 1:colcon.colcon_core.environment:checking '/home/nkcong206/Documents/autonomous_car/install/rplidar_ros/lib'
[23.514s] Level 1:colcon.colcon_core.shell:create_environment_hook('rplidar_ros', 'ld_library_path_lib')
[23.515s] INFO:colcon.colcon_core.shell:Creating environment hook '/home/nkcong206/Documents/autonomous_car/install/rplidar_ros/share/rplidar_ros/hook/ld_library_path_lib.ps1'
[23.516s] INFO:colcon.colcon_core.shell:Creating environment descriptor '/home/nkcong206/Documents/autonomous_car/install/rplidar_ros/share/rplidar_ros/hook/ld_library_path_lib.dsv'
[23.516s] INFO:colcon.colcon_core.shell:Creating environment hook '/home/nkcong206/Documents/autonomous_car/install/rplidar_ros/share/rplidar_ros/hook/ld_library_path_lib.sh'
[23.517s] Level 1:colcon.colcon_core.environment:checking '/home/nkcong206/Documents/autonomous_car/install/rplidar_ros/bin'
[23.517s] Level 1:colcon.colcon_core.environment:checking '/home/nkcong206/Documents/autonomous_car/install/rplidar_ros/lib/pkgconfig/rplidar_ros.pc'
[23.517s] Level 1:colcon.colcon_core.environment:checking '/home/nkcong206/Documents/autonomous_car/install/rplidar_ros/lib/python3.6/site-packages'
[23.517s] Level 1:colcon.colcon_core.environment:checking '/home/nkcong206/Documents/autonomous_car/install/rplidar_ros/bin'
[23.518s] INFO:colcon.colcon_core.shell:Creating package script '/home/nkcong206/Documents/autonomous_car/install/rplidar_ros/share/rplidar_ros/package.ps1'
[23.519s] INFO:colcon.colcon_core.shell:Creating package descriptor '/home/nkcong206/Documents/autonomous_car/install/rplidar_ros/share/rplidar_ros/package.dsv'
[23.519s] INFO:colcon.colcon_core.shell:Creating package script '/home/nkcong206/Documents/autonomous_car/install/rplidar_ros/share/rplidar_ros/package.sh'
[23.520s] INFO:colcon.colcon_core.shell:Creating package script '/home/nkcong206/Documents/autonomous_car/install/rplidar_ros/share/rplidar_ros/package.bash'
[23.520s] INFO:colcon.colcon_core.shell:Creating package script '/home/nkcong206/Documents/autonomous_car/install/rplidar_ros/share/rplidar_ros/package.zsh'
[23.521s] Level 1:colcon.colcon_core.environment:create_file_with_runtime_dependencies(/home/nkcong206/Documents/autonomous_car/install/rplidar_ros/share/colcon-core/packages/rplidar_ros)
[23.521s] DEBUG:colcon.colcon_parallel_executor.executor.parallel:closing loop
[23.523s] DEBUG:colcon.colcon_parallel_executor.executor.parallel:loop closed
[23.524s] DEBUG:colcon.colcon_parallel_executor.executor.parallel:run_until_complete finished with '0'
[23.524s] DEBUG:colcon.colcon_core.event_reactor:joining thread
[23.642s] INFO:colcon.colcon_core.plugin_system:Skipping extension 'colcon_notification.desktop_notification.terminal_notifier': Not used on non-Darwin systems
[23.643s] INFO:colcon.colcon_core.plugin_system:Skipping extension 'colcon_notification.desktop_notification.win32': Not used on non-Windows systems
[23.643s] INFO:colcon.colcon_notification.desktop_notification:Sending desktop notification using 'notify2'
[23.650s] DEBUG:colcon.colcon_core.event_reactor:joined thread
[23.650s] INFO:colcon.colcon_core.shell:Creating prefix script '/home/nkcong206/Documents/autonomous_car/install/local_setup.ps1'
[23.667s] INFO:colcon.colcon_core.shell:Creating prefix util module '/home/nkcong206/Documents/autonomous_car/install/_local_setup_util_ps1.py'
[23.695s] INFO:colcon.colcon_core.shell:Creating prefix chain script '/home/nkcong206/Documents/autonomous_car/install/setup.ps1'
[23.745s] INFO:colcon.colcon_core.shell:Creating prefix script '/home/nkcong206/Documents/autonomous_car/install/local_setup.sh'
[23.769s] INFO:colcon.colcon_core.shell:Creating prefix util module '/home/nkcong206/Documents/autonomous_car/install/_local_setup_util_sh.py'
[23.770s] INFO:colcon.colcon_core.shell:Creating prefix chain script '/home/nkcong206/Documents/autonomous_car/install/setup.sh'
[23.792s] INFO:colcon.colcon_core.shell:Creating prefix script '/home/nkcong206/Documents/autonomous_car/install/local_setup.bash'
[23.865s] INFO:colcon.colcon_core.shell:Creating prefix chain script '/home/nkcong206/Documents/autonomous_car/install/setup.bash'
[23.904s] INFO:colcon.colcon_core.shell:Creating prefix script '/home/nkcong206/Documents/autonomous_car/install/local_setup.zsh'
[23.940s] INFO:colcon.colcon_core.shell:Creating prefix chain script '/home/nkcong206/Documents/autonomous_car/install/setup.zsh'
