/home/soda/Documents/autonomous_car/install/controller/lib/python3.6/site-packages/controller/controller_o.py
/home/soda/Documents/autonomous_car/install/controller/lib/python3.6/site-packages/controller/ledSignal.py
/home/soda/Documents/autonomous_car/install/controller/lib/python3.6/site-packages/controller/led_display.py
/home/soda/Documents/autonomous_car/install/controller/lib/python3.6/site-packages/controller/__init__.py
/home/soda/Documents/autonomous_car/install/controller/lib/python3.6/site-packages/controller/controller.py
/home/soda/Documents/autonomous_car/install/controller/lib/python3.6/site-packages/controller/socketio_node.py
/home/soda/Documents/autonomous_car/install/controller/lib/python3.6/site-packages/controller/gps.py
/home/soda/Documents/autonomous_car/install/controller/lib/python3.6/site-packages/controller/socketio_node_o.py
/home/soda/Documents/autonomous_car/install/controller/lib/python3.6/site-packages/controller/ps4.py
/home/soda/Documents/autonomous_car/install/controller/lib/python3.6/site-packages/controller/__pycache__/controller_o.cpython-36.pyc
/home/soda/Documents/autonomous_car/install/controller/lib/python3.6/site-packages/controller/__pycache__/ledSignal.cpython-36.pyc
/home/soda/Documents/autonomous_car/install/controller/lib/python3.6/site-packages/controller/__pycache__/led_display.cpython-36.pyc
/home/soda/Documents/autonomous_car/install/controller/lib/python3.6/site-packages/controller/__pycache__/__init__.cpython-36.pyc
/home/soda/Documents/autonomous_car/install/controller/lib/python3.6/site-packages/controller/__pycache__/controller.cpython-36.pyc
/home/soda/Documents/autonomous_car/install/controller/lib/python3.6/site-packages/controller/__pycache__/socketio_node.cpython-36.pyc
/home/soda/Documents/autonomous_car/install/controller/lib/python3.6/site-packages/controller/__pycache__/gps.cpython-36.pyc
/home/soda/Documents/autonomous_car/install/controller/lib/python3.6/site-packages/controller/__pycache__/socketio_node_o.cpython-36.pyc
/home/soda/Documents/autonomous_car/install/controller/lib/python3.6/site-packages/controller/__pycache__/ps4.cpython-36.pyc
/home/soda/Documents/autonomous_car/install/controller/share/ament_index/resource_index/packages/controller
/home/soda/Documents/autonomous_car/install/controller/share/controller/package.xml
/home/soda/Documents/autonomous_car/install/controller/lib/python3.6/site-packages/controller-0.0.0-py3.6.egg-info/PKG-INFO
/home/soda/Documents/autonomous_car/install/controller/lib/python3.6/site-packages/controller-0.0.0-py3.6.egg-info/zip-safe
/home/soda/Documents/autonomous_car/install/controller/lib/python3.6/site-packages/controller-0.0.0-py3.6.egg-info/requires.txt
/home/soda/Documents/autonomous_car/install/controller/lib/python3.6/site-packages/controller-0.0.0-py3.6.egg-info/dependency_links.txt
/home/soda/Documents/autonomous_car/install/controller/lib/python3.6/site-packages/controller-0.0.0-py3.6.egg-info/SOURCES.txt
/home/soda/Documents/autonomous_car/install/controller/lib/python3.6/site-packages/controller-0.0.0-py3.6.egg-info/entry_points.txt
/home/soda/Documents/autonomous_car/install/controller/lib/python3.6/site-packages/controller-0.0.0-py3.6.egg-info/top_level.txt
/home/soda/Documents/autonomous_car/install/controller/lib/controller/controller
/home/soda/Documents/autonomous_car/install/controller/lib/controller/gps
/home/soda/Documents/autonomous_car/install/controller/lib/controller/led
/home/soda/Documents/autonomous_car/install/controller/lib/controller/socketio
