running develop
running egg_info
creating auto_car.egg-info
writing auto_car.egg-info/PKG-INFO
writing dependency_links to auto_car.egg-info/dependency_links.txt
writing entry points to auto_car.egg-info/entry_points.txt
writing requirements to auto_car.egg-info/requires.txt
writing top-level names to auto_car.egg-info/top_level.txt
writing manifest file 'auto_car.egg-info/SOURCES.txt'
reading manifest file 'auto_car.egg-info/SOURCES.txt'
writing manifest file 'auto_car.egg-info/SOURCES.txt'
running build_ext
Creating /home/nkcong206/Documents/autonomous_car/install/auto_car/lib/python3.6/site-packages/auto-car.egg-link (link to .)
Installing drive_controller script to /home/nkcong206/Documents/autonomous_car/install/auto_car/lib/auto_car
Installing ps4 script to /home/nkcong206/Documents/autonomous_car/install/auto_car/lib/auto_car

Installed /home/nkcong206/Documents/autonomous_car/build/auto_car
running install_data
creating /home/nkcong206/Documents/autonomous_car/install/auto_car/share/ament_index
creating /home/nkcong206/Documents/autonomous_car/install/auto_car/share/ament_index/resource_index
creating /home/nkcong206/Documents/autonomous_car/install/auto_car/share/ament_index/resource_index/packages
copying resource/auto_car -> /home/nkcong206/Documents/autonomous_car/install/auto_car/share/ament_index/resource_index/packages
copying package.xml -> /home/nkcong206/Documents/autonomous_car/install/auto_car/share/auto_car
creating /home/nkcong206/Documents/autonomous_car/install/auto_car/share/auto_car/launch
copying launch/driver.launch.py -> /home/nkcong206/Documents/autonomous_car/install/auto_car/share/auto_car/launch
creating /home/nkcong206/Documents/autonomous_car/install/auto_car/share/auto_car/urdf
copying urdf/auto_car.urdf -> /home/nkcong206/Documents/autonomous_car/install/auto_car/share/auto_car/urdf
creating /home/nkcong206/Documents/autonomous_car/install/auto_car/share/auto_car/rviz
copying rviz/driver.rviz -> /home/nkcong206/Documents/autonomous_car/install/auto_car/share/auto_car/rviz
