[2.874s] DEBUG:colcon:Command line arguments: ['/usr/bin/colcon', 'build', '--symlink-install']
[2.875s] DEBUG:colcon:Parsed command line arguments: Namespace(ament_cmake_args=None, base_paths=['.'], build_base='build', catkin_cmake_args=None, catkin_skip_building_tests=False, cmake_args=None, cmake_clean_cache=False, cmake_clean_first=False, cmake_force_configure=False, cmake_target=None, cmake_target_skip_unavailable=False, continue_on_error=False, event_handlers=None, executor='parallel', ignore_user_meta=False, install_base='install', log_base=None, log_level=None, main=<bound method BuildVerb.main of <colcon_core.verb.build.BuildVerb object at 0x7f81606b00>>, merge_install=False, metas=['./colcon.meta'], packages_above=None, packages_above_and_dependencies=None, packages_above_depth=None, packages_end=None, packages_ignore=None, packages_ignore_regex=None, packages_select=None, packages_select_build_failed=False, packages_select_by_dep=None, packages_select_regex=None, packages_select_test_failures=False, packages_skip=None, packages_skip_build_finished=False, packages_skip_by_dep=None, packages_skip_regex=None, packages_skip_test_passed=False, packages_skip_up_to=None, packages_start=None, packages_up_to=None, packages_up_to_regex=None, parallel_workers=4, paths=None, symlink_install=True, test_result_base=None, verb_extension=<colcon_core.verb.build.BuildVerb object at 0x7f81606b00>, verb_name='build', verb_parser=<colcon_defaults.argument_parser.defaults.DefaultArgumentsDecorator object at 0x7f8149f710>)
[2.924s] Level 1:colcon.colcon_core.package_discovery:discover_packages(colcon_meta) check parameters
[2.925s] Level 1:colcon.colcon_core.package_discovery:discover_packages(recursive) check parameters
[2.925s] Level 1:colcon.colcon_core.package_discovery:discover_packages(ignore) check parameters
[2.925s] Level 1:colcon.colcon_core.package_discovery:discover_packages(path) check parameters
[2.925s] Level 1:colcon.colcon_core.package_discovery:discover_packages(colcon_meta) discover
[2.927s] Level 1:colcon.colcon_core.package_discovery:discover_packages(recursive) discover
[2.928s] INFO:colcon.colcon_core.package_discovery:Crawling recursively for packages in '/home/soda/Documents/nkcong/rplidar_ros2'
[2.929s] Level 1:colcon.colcon_core.package_identification:_identify(.) by extensions ['ignore', 'ignore_ament_install']
[2.933s] Level 1:colcon.colcon_core.package_identification:_identify(.) by extension 'ignore'
[2.934s] Level 1:colcon.colcon_core.package_identification:_identify(.) by extension 'ignore_ament_install'
[2.934s] Level 1:colcon.colcon_core.package_identification:_identify(.) by extensions ['colcon_pkg']
[2.935s] Level 1:colcon.colcon_core.package_identification:_identify(.) by extension 'colcon_pkg'
[2.935s] Level 1:colcon.colcon_core.package_identification:_identify(.) by extensions ['colcon_meta']
[2.935s] Level 1:colcon.colcon_core.package_identification:_identify(.) by extension 'colcon_meta'
[2.935s] Level 1:colcon.colcon_core.package_identification:_identify(.) by extensions ['ros']
[2.936s] Level 1:colcon.colcon_core.package_identification:_identify(.) by extension 'ros'
[3.228s] DEBUG:colcon.colcon_core.package_identification:Package '.' with type 'ros.ament_cmake' and name 'rplidar_ros'
[3.228s] Level 1:colcon.colcon_core.package_discovery:discover_packages(recursive) using defaults
[3.231s] Level 1:colcon.colcon_core.package_discovery:discover_packages(ignore) discover
[3.231s] Level 1:colcon.colcon_core.package_discovery:discover_packages(ignore) using defaults
[3.231s] Level 1:colcon.colcon_core.package_discovery:discover_packages(path) discover
[3.232s] Level 1:colcon.colcon_core.package_discovery:discover_packages(path) using defaults
[3.492s] Level 5:colcon.colcon_core.verb:set package 'rplidar_ros' build argument 'cmake_args' from command line to 'None'
[3.493s] Level 5:colcon.colcon_core.verb:set package 'rplidar_ros' build argument 'cmake_target' from command line to 'None'
[3.494s] Level 5:colcon.colcon_core.verb:set package 'rplidar_ros' build argument 'cmake_target_skip_unavailable' from command line to 'False'
[3.494s] Level 5:colcon.colcon_core.verb:set package 'rplidar_ros' build argument 'cmake_clean_cache' from command line to 'False'
[3.494s] Level 5:colcon.colcon_core.verb:set package 'rplidar_ros' build argument 'cmake_clean_first' from command line to 'False'
[3.495s] Level 5:colcon.colcon_core.verb:set package 'rplidar_ros' build argument 'cmake_force_configure' from command line to 'False'
[3.495s] Level 5:colcon.colcon_core.verb:set package 'rplidar_ros' build argument 'ament_cmake_args' from command line to 'None'
[3.495s] Level 5:colcon.colcon_core.verb:set package 'rplidar_ros' build argument 'catkin_cmake_args' from command line to 'None'
[3.495s] Level 5:colcon.colcon_core.verb:set package 'rplidar_ros' build argument 'catkin_skip_building_tests' from command line to 'False'
[3.496s] DEBUG:colcon.colcon_core.verb:Building package 'rplidar_ros' with the following arguments: {'ament_cmake_args': None, 'build_base': '/home/soda/Documents/nkcong/rplidar_ros2/build/rplidar_ros', 'catkin_cmake_args': None, 'catkin_skip_building_tests': False, 'cmake_args': None, 'cmake_clean_cache': False, 'cmake_clean_first': False, 'cmake_force_configure': False, 'cmake_target': None, 'cmake_target_skip_unavailable': False, 'install_base': '/home/soda/Documents/nkcong/rplidar_ros2/install/rplidar_ros', 'merge_install': False, 'path': '/home/soda/Documents/nkcong/rplidar_ros2', 'symlink_install': True, 'test_result_base': None}
[3.499s] INFO:colcon.colcon_core.executor:Executing jobs using 'parallel' executor
[3.517s] DEBUG:colcon.colcon_parallel_executor.executor.parallel:run_until_complete
[3.518s] INFO:colcon.colcon_ros.task.ament_cmake.build:Building ROS package in '/home/soda/Documents/nkcong/rplidar_ros2' with build type 'ament_cmake'
[3.519s] INFO:colcon.colcon_cmake.task.cmake.build:Building CMake package in '/home/soda/Documents/nkcong/rplidar_ros2'
[3.552s] INFO:colcon.colcon_core.plugin_system:Skipping extension 'colcon_core.shell.bat': Not used on non-Windows systems
[3.554s] INFO:colcon.colcon_core.shell:Skip shell extension 'powershell' for command environment: Not usable outside of PowerShell
[3.555s] DEBUG:colcon.colcon_core.shell:Skip shell extension 'dsv' for command environment
[3.578s] DEBUG:colcon.colcon_core.shell:Ignoring prefix path '/opt/ros/eloquent'
[3.607s] DEBUG:colcon.colcon_core.event_handler.log_command:Invoking command in '/home/soda/Documents/nkcong/rplidar_ros2/build/rplidar_ros': CMAKE_PREFIX_PATH=/opt/ros/eloquent /usr/bin/cmake /home/soda/Documents/nkcong/rplidar_ros2 -DAMENT_CMAKE_SYMLINK_INSTALL=1 -DCMAKE_INSTALL_PREFIX=/home/soda/Documents/nkcong/rplidar_ros2/install/rplidar_ros
[14.280s] DEBUG:colcon.colcon_core.event_handler.log_command:Invoked command in '/home/soda/Documents/nkcong/rplidar_ros2/build/rplidar_ros' returned '0': CMAKE_PREFIX_PATH=/opt/ros/eloquent /usr/bin/cmake /home/soda/Documents/nkcong/rplidar_ros2 -DAMENT_CMAKE_SYMLINK_INSTALL=1 -DCMAKE_INSTALL_PREFIX=/home/soda/Documents/nkcong/rplidar_ros2/install/rplidar_ros
[14.292s] DEBUG:colcon.colcon_core.event_handler.log_command:Invoking command in '/home/soda/Documents/nkcong/rplidar_ros2/build/rplidar_ros': CMAKE_PREFIX_PATH=/opt/ros/eloquent /usr/bin/cmake --build /home/soda/Documents/nkcong/rplidar_ros2/build/rplidar_ros -- -j4 -l4
[44.964s] DEBUG:colcon.colcon_core.event_handler.log_command:Invoked command in '/home/soda/Documents/nkcong/rplidar_ros2/build/rplidar_ros' returned '0': CMAKE_PREFIX_PATH=/opt/ros/eloquent /usr/bin/cmake --build /home/soda/Documents/nkcong/rplidar_ros2/build/rplidar_ros -- -j4 -l4
[45.169s] DEBUG:colcon.colcon_core.event_handler.log_command:Invoking command in '/home/soda/Documents/nkcong/rplidar_ros2/build/rplidar_ros': CMAKE_PREFIX_PATH=/opt/ros/eloquent /usr/bin/cmake --build /home/soda/Documents/nkcong/rplidar_ros2/build/rplidar_ros --target install -- -j4 -l4
[46.884s] Level 1:colcon.colcon_core.environment:create_environment_scripts_only(rplidar_ros)
[46.891s] DEBUG:colcon.colcon_core.event_handler.log_command:Invoked command in '/home/soda/Documents/nkcong/rplidar_ros2/build/rplidar_ros' returned '0': CMAKE_PREFIX_PATH=/opt/ros/eloquent /usr/bin/cmake --build /home/soda/Documents/nkcong/rplidar_ros2/build/rplidar_ros --target install -- -j4 -l4
[46.927s] Level 1:colcon.colcon_core.environment:checking '/home/soda/Documents/nkcong/rplidar_ros2/install/rplidar_ros' for CMake module files
[46.931s] Level 1:colcon.colcon_core.environment:checking '/home/soda/Documents/nkcong/rplidar_ros2/install/rplidar_ros' for CMake config files
[46.933s] Level 1:colcon.colcon_core.shell:create_environment_hook('rplidar_ros', 'cmake_prefix_path')
[46.937s] INFO:colcon.colcon_core.shell:Creating environment hook '/home/soda/Documents/nkcong/rplidar_ros2/install/rplidar_ros/share/rplidar_ros/hook/cmake_prefix_path.ps1'
[46.942s] INFO:colcon.colcon_core.shell:Creating environment descriptor '/home/soda/Documents/nkcong/rplidar_ros2/install/rplidar_ros/share/rplidar_ros/hook/cmake_prefix_path.dsv'
[46.946s] INFO:colcon.colcon_core.shell:Creating environment hook '/home/soda/Documents/nkcong/rplidar_ros2/install/rplidar_ros/share/rplidar_ros/hook/cmake_prefix_path.sh'
[46.952s] Level 1:colcon.colcon_core.environment:checking '/home/soda/Documents/nkcong/rplidar_ros2/install/rplidar_ros/lib'
[46.952s] Level 1:colcon.colcon_core.shell:create_environment_hook('rplidar_ros', 'ld_library_path_lib')
[46.957s] INFO:colcon.colcon_core.shell:Creating environment hook '/home/soda/Documents/nkcong/rplidar_ros2/install/rplidar_ros/share/rplidar_ros/hook/ld_library_path_lib.ps1'
[46.958s] INFO:colcon.colcon_core.shell:Creating environment descriptor '/home/soda/Documents/nkcong/rplidar_ros2/install/rplidar_ros/share/rplidar_ros/hook/ld_library_path_lib.dsv'
[46.960s] INFO:colcon.colcon_core.shell:Creating environment hook '/home/soda/Documents/nkcong/rplidar_ros2/install/rplidar_ros/share/rplidar_ros/hook/ld_library_path_lib.sh'
[46.961s] Level 1:colcon.colcon_core.environment:checking '/home/soda/Documents/nkcong/rplidar_ros2/install/rplidar_ros/bin'
[46.962s] Level 1:colcon.colcon_core.environment:checking '/home/soda/Documents/nkcong/rplidar_ros2/install/rplidar_ros/lib/pkgconfig/rplidar_ros.pc'
[46.962s] Level 1:colcon.colcon_core.environment:checking '/home/soda/Documents/nkcong/rplidar_ros2/install/rplidar_ros/lib/python3.6/site-packages'
[46.967s] INFO:colcon.colcon_core.shell:Creating package script '/home/soda/Documents/nkcong/rplidar_ros2/install/rplidar_ros/share/rplidar_ros/package.ps1'
[46.972s] INFO:colcon.colcon_core.shell:Creating package descriptor '/home/soda/Documents/nkcong/rplidar_ros2/install/rplidar_ros/share/rplidar_ros/package.dsv'
[46.975s] INFO:colcon.colcon_core.shell:Creating package script '/home/soda/Documents/nkcong/rplidar_ros2/install/rplidar_ros/share/rplidar_ros/package.sh'
[46.981s] INFO:colcon.colcon_core.shell:Creating package script '/home/soda/Documents/nkcong/rplidar_ros2/install/rplidar_ros/share/rplidar_ros/package.bash'
[46.994s] INFO:colcon.colcon_core.shell:Creating package script '/home/soda/Documents/nkcong/rplidar_ros2/install/rplidar_ros/share/rplidar_ros/package.zsh'
[47.000s] Level 1:colcon.colcon_core.environment:create_file_with_runtime_dependencies(/home/soda/Documents/nkcong/rplidar_ros2/install/rplidar_ros/share/colcon-core/packages/rplidar_ros)
[47.156s] Level 1:colcon.colcon_core.environment:create_environment_scripts_only(rplidar_ros)
[47.163s] Level 1:colcon.colcon_core.environment:checking '/home/soda/Documents/nkcong/rplidar_ros2/install/rplidar_ros' for CMake module files
[47.167s] Level 1:colcon.colcon_core.environment:checking '/home/soda/Documents/nkcong/rplidar_ros2/install/rplidar_ros' for CMake config files
[47.168s] Level 1:colcon.colcon_core.shell:create_environment_hook('rplidar_ros', 'cmake_prefix_path')
[47.173s] INFO:colcon.colcon_core.shell:Creating environment hook '/home/soda/Documents/nkcong/rplidar_ros2/install/rplidar_ros/share/rplidar_ros/hook/cmake_prefix_path.ps1'
[47.175s] INFO:colcon.colcon_core.shell:Creating environment descriptor '/home/soda/Documents/nkcong/rplidar_ros2/install/rplidar_ros/share/rplidar_ros/hook/cmake_prefix_path.dsv'
[47.176s] INFO:colcon.colcon_core.shell:Creating environment hook '/home/soda/Documents/nkcong/rplidar_ros2/install/rplidar_ros/share/rplidar_ros/hook/cmake_prefix_path.sh'
[47.180s] Level 1:colcon.colcon_core.environment:checking '/home/soda/Documents/nkcong/rplidar_ros2/install/rplidar_ros/lib'
[47.181s] Level 1:colcon.colcon_core.shell:create_environment_hook('rplidar_ros', 'ld_library_path_lib')
[47.185s] INFO:colcon.colcon_core.shell:Creating environment hook '/home/soda/Documents/nkcong/rplidar_ros2/install/rplidar_ros/share/rplidar_ros/hook/ld_library_path_lib.ps1'
[47.187s] INFO:colcon.colcon_core.shell:Creating environment descriptor '/home/soda/Documents/nkcong/rplidar_ros2/install/rplidar_ros/share/rplidar_ros/hook/ld_library_path_lib.dsv'
[47.189s] INFO:colcon.colcon_core.shell:Creating environment hook '/home/soda/Documents/nkcong/rplidar_ros2/install/rplidar_ros/share/rplidar_ros/hook/ld_library_path_lib.sh'
[47.191s] Level 1:colcon.colcon_core.environment:checking '/home/soda/Documents/nkcong/rplidar_ros2/install/rplidar_ros/bin'
[47.191s] Level 1:colcon.colcon_core.environment:checking '/home/soda/Documents/nkcong/rplidar_ros2/install/rplidar_ros/lib/pkgconfig/rplidar_ros.pc'
[47.192s] Level 1:colcon.colcon_core.environment:checking '/home/soda/Documents/nkcong/rplidar_ros2/install/rplidar_ros/lib/python3.6/site-packages'
[47.197s] INFO:colcon.colcon_core.shell:Creating package script '/home/soda/Documents/nkcong/rplidar_ros2/install/rplidar_ros/share/rplidar_ros/package.ps1'
[47.200s] INFO:colcon.colcon_core.shell:Creating package descriptor '/home/soda/Documents/nkcong/rplidar_ros2/install/rplidar_ros/share/rplidar_ros/package.dsv'
[47.203s] INFO:colcon.colcon_core.shell:Creating package script '/home/soda/Documents/nkcong/rplidar_ros2/install/rplidar_ros/share/rplidar_ros/package.sh'
[47.205s] INFO:colcon.colcon_core.shell:Creating package script '/home/soda/Documents/nkcong/rplidar_ros2/install/rplidar_ros/share/rplidar_ros/package.bash'
[47.207s] INFO:colcon.colcon_core.shell:Creating package script '/home/soda/Documents/nkcong/rplidar_ros2/install/rplidar_ros/share/rplidar_ros/package.zsh'
[47.209s] Level 1:colcon.colcon_core.environment:create_file_with_runtime_dependencies(/home/soda/Documents/nkcong/rplidar_ros2/install/rplidar_ros/share/colcon-core/packages/rplidar_ros)
[47.211s] DEBUG:colcon.colcon_parallel_executor.executor.parallel:closing loop
[47.212s] DEBUG:colcon.colcon_parallel_executor.executor.parallel:loop closed
[47.213s] DEBUG:colcon.colcon_parallel_executor.executor.parallel:run_until_complete finished with '0'
[47.213s] DEBUG:colcon.colcon_core.event_reactor:joining thread
[47.281s] INFO:colcon.colcon_core.plugin_system:Skipping extension 'colcon_notification.desktop_notification.notify_send': Could not find 'notify-send'
[47.282s] INFO:colcon.colcon_core.plugin_system:Skipping extension 'colcon_notification.desktop_notification.terminal_notifier': Not used on non-Darwin systems
[47.282s] INFO:colcon.colcon_core.plugin_system:Skipping extension 'colcon_notification.desktop_notification.win32': Not used on non-Windows systems
[47.283s] INFO:colcon.colcon_notification.desktop_notification:Sending desktop notification using 'notify2'
[47.538s] DEBUG:colcon.colcon_core.event_reactor:joined thread
[47.544s] INFO:colcon.colcon_core.shell:Creating prefix script '/home/soda/Documents/nkcong/rplidar_ros2/install/local_setup.ps1'
[47.552s] INFO:colcon.colcon_core.shell:Creating prefix util module '/home/soda/Documents/nkcong/rplidar_ros2/install/_local_setup_util_ps1.py'
[47.573s] INFO:colcon.colcon_core.shell:Creating prefix chain script '/home/soda/Documents/nkcong/rplidar_ros2/install/setup.ps1'
[47.591s] INFO:colcon.colcon_core.shell:Creating prefix script '/home/soda/Documents/nkcong/rplidar_ros2/install/local_setup.sh'
[47.595s] INFO:colcon.colcon_core.shell:Creating prefix util module '/home/soda/Documents/nkcong/rplidar_ros2/install/_local_setup_util_sh.py'
[47.597s] INFO:colcon.colcon_core.shell:Creating prefix chain script '/home/soda/Documents/nkcong/rplidar_ros2/install/setup.sh'
[47.613s] INFO:colcon.colcon_core.shell:Creating prefix script '/home/soda/Documents/nkcong/rplidar_ros2/install/local_setup.bash'
[47.617s] INFO:colcon.colcon_core.shell:Creating prefix chain script '/home/soda/Documents/nkcong/rplidar_ros2/install/setup.bash'
[47.636s] INFO:colcon.colcon_core.shell:Creating prefix script '/home/soda/Documents/nkcong/rplidar_ros2/install/local_setup.zsh'
[47.639s] INFO:colcon.colcon_core.shell:Creating prefix chain script '/home/soda/Documents/nkcong/rplidar_ros2/install/setup.zsh'
