[0.927s] Invoking command in '/home/nkcong206/Documents/autonomous_car/build/rplidar_ros': CMAKE_PREFIX_PATH=${CMAKE_PREFIX_PATH}:/home/nkcong206/Documents/autonomous_car/install/controller:/home/nkcong206/Documents/autonomous_car/install/auto_car:/opt/ros/eloquent /usr/local/bin/cmake --build /home/nkcong206/Documents/autonomous_car/build/rplidar_ros -- -j4 -l4
[1.000s] [ 38%] Built target rplidarNode
[1.008s] [ 77%] Built target rplidar_composition_node
[1.018s] [ 88%] Built target rplidarNodeClient
[1.040s] [100%] Built target rplidar_composition
[1.050s] Invoked command in '/home/nkcong206/Documents/autonomous_car/build/rplidar_ros' returned '0': CMAKE_PREFIX_PATH=${CMAKE_PREFIX_PATH}:/home/nkcong206/Documents/autonomous_car/install/controller:/home/nkcong206/Documents/autonomous_car/install/auto_car:/opt/ros/eloquent /usr/local/bin/cmake --build /home/nkcong206/Documents/autonomous_car/build/rplidar_ros -- -j4 -l4
[1.141s] Invoking command in '/home/nkcong206/Documents/autonomous_car/build/rplidar_ros': CMAKE_PREFIX_PATH=${CMAKE_PREFIX_PATH}:/home/nkcong206/Documents/autonomous_car/install/controller:/home/nkcong206/Documents/autonomous_car/install/auto_car:/opt/ros/eloquent /usr/local/bin/cmake --install /home/nkcong206/Documents/autonomous_car/build/rplidar_ros
[1.148s] -- Install configuration: ""
[1.150s] -- Execute custom install script
[1.150s] -- Up-to-date symlink: /home/nkcong206/Documents/autonomous_car/install/rplidar_ros/lib/rplidar_ros/rplidarNode
[1.150s] -- Up-to-date symlink: /home/nkcong206/Documents/autonomous_car/install/rplidar_ros/lib/rplidar_ros/rplidarNodeClient
[1.152s] -- Up-to-date symlink: /home/nkcong206/Documents/autonomous_car/install/rplidar_ros/lib/rplidar_ros/rplidar_composition
[1.152s] -- Up-to-date symlink: /home/nkcong206/Documents/autonomous_car/install/rplidar_ros/share/rplidar_ros/launch/rplidar.launch.py
[1.152s] -- Up-to-date symlink: /home/nkcong206/Documents/autonomous_car/install/rplidar_ros/share/rplidar_ros/launch/rplidar_a3.launch.py
[1.152s] -- Up-to-date symlink: /home/nkcong206/Documents/autonomous_car/install/rplidar_ros/share/rplidar_ros/launch/rplidar_s1.launch.py
[1.153s] -- Up-to-date symlink: /home/nkcong206/Documents/autonomous_car/install/rplidar_ros/share/rplidar_ros/launch/rplidar_s1_tcp.launch.py
[1.154s] -- Up-to-date symlink: /home/nkcong206/Documents/autonomous_car/install/rplidar_ros/share/rplidar_ros/launch/test_rplidar.launch.py
[1.154s] -- Up-to-date symlink: /home/nkcong206/Documents/autonomous_car/install/rplidar_ros/share/rplidar_ros/launch/test_rplidar_a3.launch.py
[1.154s] -- Up-to-date symlink: /home/nkcong206/Documents/autonomous_car/install/rplidar_ros/share/rplidar_ros/launch/view_rplidar.launch.py
[1.154s] -- Up-to-date symlink: /home/nkcong206/Documents/autonomous_car/install/rplidar_ros/share/rplidar_ros/launch/view_rplidar_a3.launch.py
[1.155s] -- Up-to-date symlink: /home/nkcong206/Documents/autonomous_car/install/rplidar_ros/share/rplidar_ros/launch/view_rplidar_s1.launch.py
[1.156s] -- Up-to-date symlink: /home/nkcong206/Documents/autonomous_car/install/rplidar_ros/share/rplidar_ros/launch/view_rplidar_s1_tcp.launch.py
[1.156s] -- Up-to-date symlink: /home/nkcong206/Documents/autonomous_car/install/rplidar_ros/share/rplidar_ros/rviz/rplidar.rviz
[1.157s] -- Up-to-date symlink: /home/nkcong206/Documents/autonomous_car/install/rplidar_ros/lib/librplidar_composition_node.so
[1.158s] -- Up-to-date symlink: /home/nkcong206/Documents/autonomous_car/install/rplidar_ros/include/rplidar_node.hpp
[1.158s] -- Up-to-date symlink: /home/nkcong206/Documents/autonomous_car/install/rplidar_ros/include/visibility.h
[1.158s] -- Up-to-date symlink: /home/nkcong206/Documents/autonomous_car/install/rplidar_ros/lib/rplidar_ros/rplidarNode
[1.160s] -- Up-to-date symlink: /home/nkcong206/Documents/autonomous_car/install/rplidar_ros/lib/rplidar_ros/rplidarNodeClient
[1.160s] -- Up-to-date symlink: /home/nkcong206/Documents/autonomous_car/install/rplidar_ros/lib/rplidar_ros/rplidar_composition
[1.161s] -- Up-to-date symlink: /home/nkcong206/Documents/autonomous_car/install/rplidar_ros/share/ament_index/resource_index/package_run_dependencies/rplidar_ros
[1.162s] -- Up-to-date symlink: /home/nkcong206/Documents/autonomous_car/install/rplidar_ros/share/ament_index/resource_index/parent_prefix_path/rplidar_ros
[1.162s] -- Up-to-date symlink: /home/nkcong206/Documents/autonomous_car/install/rplidar_ros/share/rplidar_ros/environment/ament_prefix_path.sh
[1.163s] -- Up-to-date symlink: /home/nkcong206/Documents/autonomous_car/install/rplidar_ros/share/rplidar_ros/environment/ament_prefix_path.dsv
[1.163s] -- Up-to-date symlink: /home/nkcong206/Documents/autonomous_car/install/rplidar_ros/share/rplidar_ros/environment/path.sh
[1.163s] -- Up-to-date symlink: /home/nkcong206/Documents/autonomous_car/install/rplidar_ros/share/rplidar_ros/environment/path.dsv
[1.163s] -- Up-to-date symlink: /home/nkcong206/Documents/autonomous_car/install/rplidar_ros/share/rplidar_ros/local_setup.bash
[1.163s] -- Up-to-date symlink: /home/nkcong206/Documents/autonomous_car/install/rplidar_ros/share/rplidar_ros/local_setup.sh
[1.164s] -- Up-to-date symlink: /home/nkcong206/Documents/autonomous_car/install/rplidar_ros/share/rplidar_ros/local_setup.zsh
[1.164s] -- Up-to-date symlink: /home/nkcong206/Documents/autonomous_car/install/rplidar_ros/share/rplidar_ros/local_setup.dsv
[1.164s] -- Symlinking: /home/nkcong206/Documents/autonomous_car/install/rplidar_ros/share/rplidar_ros/package.dsv
[1.171s] -- Up-to-date symlink: /home/nkcong206/Documents/autonomous_car/install/rplidar_ros/share/ament_index/resource_index/packages/rplidar_ros
[1.171s] -- Up-to-date symlink: /home/nkcong206/Documents/autonomous_car/install/rplidar_ros/share/rplidar_ros/cmake/ament_cmake_export_dependencies-extras.cmake
[1.171s] -- Up-to-date symlink: /home/nkcong206/Documents/autonomous_car/install/rplidar_ros/share/rplidar_ros/cmake/ament_cmake_export_include_directories-extras.cmake
[1.172s] -- Up-to-date symlink: /home/nkcong206/Documents/autonomous_car/install/rplidar_ros/share/rplidar_ros/cmake/rplidar_rosConfig.cmake
[1.172s] -- Up-to-date symlink: /home/nkcong206/Documents/autonomous_car/install/rplidar_ros/share/rplidar_ros/cmake/rplidar_rosConfig-version.cmake
[1.172s] -- Up-to-date symlink: /home/nkcong206/Documents/autonomous_car/install/rplidar_ros/share/rplidar_ros/package.xml
[1.182s] Invoked command in '/home/nkcong206/Documents/autonomous_car/build/rplidar_ros' returned '0': CMAKE_PREFIX_PATH=${CMAKE_PREFIX_PATH}:/home/nkcong206/Documents/autonomous_car/install/controller:/home/nkcong206/Documents/autonomous_car/install/auto_car:/opt/ros/eloquent /usr/local/bin/cmake --install /home/nkcong206/Documents/autonomous_car/build/rplidar_ros
