[0.943s] Invoking command in '/home/nkcong206/Documents/autonomous_car/build/rplidar_ros': CMAKE_PREFIX_PATH=${CMAKE_PREFIX_PATH}:/home/nkcong206/Documents/autonomous_car/install/controller:/home/nkcong206/Documents/autonomous_car/install/auto_car:/opt/ros/eloquent /usr/local/bin/cmake --build /home/nkcong206/Documents/autonomous_car/build/rplidar_ros -- -j4 -l4
[1.058s] [ 11%] Built target rplidarNodeClient
[1.069s] [ 50%] Built target rplidar_composition_node
[1.076s] [ 88%] Built target rplidarNode
[1.111s] [100%] Built target rplidar_composition
[1.142s] Invoked command in '/home/nkcong206/Documents/autonomous_car/build/rplidar_ros' returned '0': CMAKE_PREFIX_PATH=${CMAKE_PREFIX_PATH}:/home/nkcong206/Documents/autonomous_car/install/controller:/home/nkcong206/Documents/autonomous_car/install/auto_car:/opt/ros/eloquent /usr/local/bin/cmake --build /home/nkcong206/Documents/autonomous_car/build/rplidar_ros -- -j4 -l4
[1.241s] Invoking command in '/home/nkcong206/Documents/autonomous_car/build/rplidar_ros': CMAKE_PREFIX_PATH=${CMAKE_PREFIX_PATH}:/home/nkcong206/Documents/autonomous_car/install/controller:/home/nkcong206/Documents/autonomous_car/install/auto_car:/opt/ros/eloquent /usr/local/bin/cmake --install /home/nkcong206/Documents/autonomous_car/build/rplidar_ros
[1.252s] -- Install configuration: ""
[1.253s] -- Execute custom install script
[1.254s] -- Up-to-date symlink: /home/nkcong206/Documents/autonomous_car/install/rplidar_ros/lib/rplidar_ros/rplidarNode
[1.255s] -- Up-to-date symlink: /home/nkcong206/Documents/autonomous_car/install/rplidar_ros/lib/rplidar_ros/rplidarNodeClient
[1.256s] -- Up-to-date symlink: /home/nkcong206/Documents/autonomous_car/install/rplidar_ros/lib/rplidar_ros/rplidar_composition
[1.257s] -- Up-to-date symlink: /home/nkcong206/Documents/autonomous_car/install/rplidar_ros/share/rplidar_ros/launch/rplidar.launch.py
[1.258s] -- Up-to-date symlink: /home/nkcong206/Documents/autonomous_car/install/rplidar_ros/share/rplidar_ros/launch/rplidar_a3.launch.py
[1.258s] -- Up-to-date symlink: /home/nkcong206/Documents/autonomous_car/install/rplidar_ros/share/rplidar_ros/launch/rplidar_s1.launch.py
[1.259s] -- Up-to-date symlink: /home/nkcong206/Documents/autonomous_car/install/rplidar_ros/share/rplidar_ros/launch/rplidar_s1_tcp.launch.py
[1.260s] -- Up-to-date symlink: /home/nkcong206/Documents/autonomous_car/install/rplidar_ros/share/rplidar_ros/launch/test_rplidar.launch.py
[1.260s] -- Up-to-date symlink: /home/nkcong206/Documents/autonomous_car/install/rplidar_ros/share/rplidar_ros/launch/test_rplidar_a3.launch.py
[1.261s] -- Up-to-date symlink: /home/nkcong206/Documents/autonomous_car/install/rplidar_ros/share/rplidar_ros/launch/view_rplidar.launch.py
[1.262s] -- Up-to-date symlink: /home/nkcong206/Documents/autonomous_car/install/rplidar_ros/share/rplidar_ros/launch/view_rplidar_a3.launch.py
[1.263s] -- Up-to-date symlink: /home/nkcong206/Documents/autonomous_car/install/rplidar_ros/share/rplidar_ros/launch/view_rplidar_s1.launch.py
[1.263s] -- Up-to-date symlink: /home/nkcong206/Documents/autonomous_car/install/rplidar_ros/share/rplidar_ros/launch/view_rplidar_s1_tcp.launch.py
[1.264s] -- Up-to-date symlink: /home/nkcong206/Documents/autonomous_car/install/rplidar_ros/share/rplidar_ros/rviz/rplidar.rviz
[1.265s] -- Up-to-date symlink: /home/nkcong206/Documents/autonomous_car/install/rplidar_ros/lib/librplidar_composition_node.so
[1.266s] -- Up-to-date symlink: /home/nkcong206/Documents/autonomous_car/install/rplidar_ros/include/rplidar_node.hpp
[1.267s] -- Up-to-date symlink: /home/nkcong206/Documents/autonomous_car/install/rplidar_ros/include/visibility.h
[1.268s] -- Up-to-date symlink: /home/nkcong206/Documents/autonomous_car/install/rplidar_ros/lib/rplidar_ros/rplidarNode
[1.269s] -- Up-to-date symlink: /home/nkcong206/Documents/autonomous_car/install/rplidar_ros/lib/rplidar_ros/rplidarNodeClient
[1.270s] -- Up-to-date symlink: /home/nkcong206/Documents/autonomous_car/install/rplidar_ros/lib/rplidar_ros/rplidar_composition
[1.271s] -- Up-to-date symlink: /home/nkcong206/Documents/autonomous_car/install/rplidar_ros/share/ament_index/resource_index/package_run_dependencies/rplidar_ros
[1.271s] -- Up-to-date symlink: /home/nkcong206/Documents/autonomous_car/install/rplidar_ros/share/ament_index/resource_index/parent_prefix_path/rplidar_ros
[1.272s] -- Up-to-date symlink: /home/nkcong206/Documents/autonomous_car/install/rplidar_ros/share/rplidar_ros/environment/ament_prefix_path.sh
[1.273s] -- Up-to-date symlink: /home/nkcong206/Documents/autonomous_car/install/rplidar_ros/share/rplidar_ros/environment/ament_prefix_path.dsv
[1.274s] -- Up-to-date symlink: /home/nkcong206/Documents/autonomous_car/install/rplidar_ros/share/rplidar_ros/environment/path.sh
[1.275s] -- Up-to-date symlink: /home/nkcong206/Documents/autonomous_car/install/rplidar_ros/share/rplidar_ros/environment/path.dsv
[1.275s] -- Up-to-date symlink: /home/nkcong206/Documents/autonomous_car/install/rplidar_ros/share/rplidar_ros/local_setup.bash
[1.276s] -- Up-to-date symlink: /home/nkcong206/Documents/autonomous_car/install/rplidar_ros/share/rplidar_ros/local_setup.sh
[1.277s] -- Up-to-date symlink: /home/nkcong206/Documents/autonomous_car/install/rplidar_ros/share/rplidar_ros/local_setup.zsh
[1.278s] -- Up-to-date symlink: /home/nkcong206/Documents/autonomous_car/install/rplidar_ros/share/rplidar_ros/local_setup.dsv
[1.279s] -- Symlinking: /home/nkcong206/Documents/autonomous_car/install/rplidar_ros/share/rplidar_ros/package.dsv
[1.287s] -- Up-to-date symlink: /home/nkcong206/Documents/autonomous_car/install/rplidar_ros/share/ament_index/resource_index/packages/rplidar_ros
[1.287s] -- Up-to-date symlink: /home/nkcong206/Documents/autonomous_car/install/rplidar_ros/share/rplidar_ros/cmake/ament_cmake_export_dependencies-extras.cmake
[1.288s] -- Up-to-date symlink: /home/nkcong206/Documents/autonomous_car/install/rplidar_ros/share/rplidar_ros/cmake/ament_cmake_export_include_directories-extras.cmake
[1.289s] -- Up-to-date symlink: /home/nkcong206/Documents/autonomous_car/install/rplidar_ros/share/rplidar_ros/cmake/rplidar_rosConfig.cmake
[1.290s] -- Up-to-date symlink: /home/nkcong206/Documents/autonomous_car/install/rplidar_ros/share/rplidar_ros/cmake/rplidar_rosConfig-version.cmake
[1.291s] -- Up-to-date symlink: /home/nkcong206/Documents/autonomous_car/install/rplidar_ros/share/rplidar_ros/package.xml
[1.303s] Invoked command in '/home/nkcong206/Documents/autonomous_car/build/rplidar_ros' returned '0': CMAKE_PREFIX_PATH=${CMAKE_PREFIX_PATH}:/home/nkcong206/Documents/autonomous_car/install/controller:/home/nkcong206/Documents/autonomous_car/install/auto_car:/opt/ros/eloquent /usr/local/bin/cmake --install /home/nkcong206/Documents/autonomous_car/build/rplidar_ros
