[2.047s] Invoking command in '/home/soda/Documents/nkcong/auto_car/build/auto_car': PYTHONPATH=/home/soda/Documents/nkcong/auto_car/install/auto_car/lib/python3.6/site-packages:${PYTHONPATH} /usr/bin/python3 setup.py develop --prefix /home/soda/Documents/nkcong/auto_car/install/auto_car --editable --build-directory /home/soda/Documents/nkcong/auto_car/build/auto_car/build --no-deps install_data --install-dir /home/soda/Documents/nkcong/auto_car/install/auto_car
[4.018s] running develop
[4.024s] /home/soda/.local/lib/python3.6/site-packages/setuptools/command/easy_install.py:159: EasyInstallDeprecationWarning: easy_install command is deprecated. Use build and pip and other standards-based tools.
[4.024s]   EasyInstallDeprecationWarning,
[4.031s] /home/soda/.local/lib/python3.6/site-packages/setuptools/command/install.py:37: SetuptoolsDeprecationWarning: setup.py install is deprecated. Use build and pip and other standards-based tools.
[4.031s]   setuptools.SetuptoolsDeprecationWarning,
[4.409s] /home/soda/.local/lib/python3.6/site-packages/pkg_resources/__init__.py:119: PkgResourcesDeprecationWarning: 0.18ubuntu0.18.04.1 is an invalid version and will not be supported in a future release
[4.409s]   PkgResourcesDeprecationWarning,
[5.129s] running egg_info
[5.130s] writing auto_car.egg-info/PKG-INFO
[5.132s] writing dependency_links to auto_car.egg-info/dependency_links.txt
[5.133s] writing entry points to auto_car.egg-info/entry_points.txt
[5.135s] writing requirements to auto_car.egg-info/requires.txt
[5.135s] writing top-level names to auto_car.egg-info/top_level.txt
[5.157s] reading manifest file 'auto_car.egg-info/SOURCES.txt'
[5.163s] writing manifest file 'auto_car.egg-info/SOURCES.txt'
[5.447s] running build_ext
[5.448s] Creating /home/soda/Documents/nkcong/auto_car/install/auto_car/lib/python3.6/site-packages/auto-car.egg-link (link to .)
[5.453s] Installing drive_controller script to /home/soda/Documents/nkcong/auto_car/install/auto_car/lib/auto_car
[5.454s] Installing ps4 script to /home/soda/Documents/nkcong/auto_car/install/auto_car/lib/auto_car
[5.455s] 
[5.456s] Installed /home/soda/Documents/nkcong/auto_car/build/auto_car
[5.456s] running install_data
[5.615s] Invoked command in '/home/soda/Documents/nkcong/auto_car/build/auto_car' returned '0': PYTHONPATH=/home/soda/Documents/nkcong/auto_car/install/auto_car/lib/python3.6/site-packages:${PYTHONPATH} /usr/bin/python3 setup.py develop --prefix /home/soda/Documents/nkcong/auto_car/install/auto_car --editable --build-directory /home/soda/Documents/nkcong/auto_car/build/auto_car/build --no-deps install_data --install-dir /home/soda/Documents/nkcong/auto_car/install/auto_car
