[1.623s] Invoking command in '/home/nkcong206/Documents/autonomous_car/build/auto_car': PYTHONPATH=/home/nkcong206/Documents/autonomous_car/build/auto_car/prefix_override:/home/nkcong206/Documents/autonomous_car/install/auto_car/lib/python3.6/site-packages:${PYTHONPATH} /usr/bin/python3 setup.py develop --editable --build-directory /home/nkcong206/Documents/autonomous_car/build/auto_car/build --no-deps install_data
[2.202s] running develop
[2.202s] /home/nkcong206/.local/lib/python3.6/site-packages/setuptools/command/easy_install.py:159: EasyInstallDeprecationWarning: easy_install command is deprecated. Use build and pip and other standards-based tools.
[2.203s]   EasyInstallDeprecationWarning,
[2.205s] /home/nkcong206/.local/lib/python3.6/site-packages/setuptools/command/install.py:37: SetuptoolsDeprecationWarning: setup.py install is deprecated. Use build and pip and other standards-based tools.
[2.205s]   setuptools.SetuptoolsDeprecationWarning,
[2.275s] /home/nkcong206/.local/lib/python3.6/site-packages/pkg_resources/__init__.py:119: PkgResourcesDeprecationWarning: 0.18ubuntu0.18.04.1 is an invalid version and will not be supported in a future release
[2.275s]   PkgResourcesDeprecationWarning,
[2.388s] running egg_info
[2.388s] writing auto_car.egg-info/PKG-INFO
[2.389s] writing dependency_links to auto_car.egg-info/dependency_links.txt
[2.389s] writing entry points to auto_car.egg-info/entry_points.txt
[2.389s] writing requirements to auto_car.egg-info/requires.txt
[2.389s] writing top-level names to auto_car.egg-info/top_level.txt
[2.393s] reading manifest file 'auto_car.egg-info/SOURCES.txt'
[2.394s] writing manifest file 'auto_car.egg-info/SOURCES.txt'
[2.396s] running build_ext
[2.397s] Creating /home/nkcong206/Documents/autonomous_car/install/auto_car/lib/python3.6/site-packages/auto-car.egg-link (link to .)
[2.398s] Installing drive_controller script to /home/nkcong206/Documents/autonomous_car/install/auto_car/lib/auto_car
[2.398s] Installing ps4 script to /home/nkcong206/Documents/autonomous_car/install/auto_car/lib/auto_car
[2.399s] 
[2.399s] Installed /home/nkcong206/Documents/autonomous_car/build/auto_car
[2.399s] running install_data
[2.442s] Invoked command in '/home/nkcong206/Documents/autonomous_car/build/auto_car' returned '0': PYTHONPATH=/home/nkcong206/Documents/autonomous_car/build/auto_car/prefix_override:/home/nkcong206/Documents/autonomous_car/install/auto_car/lib/python3.6/site-packages:${PYTHONPATH} /usr/bin/python3 setup.py develop --editable --build-directory /home/nkcong206/Documents/autonomous_car/build/auto_car/build --no-deps install_data
