running develop
/home/nkcong206/.local/lib/python3.6/site-packages/setuptools/command/easy_install.py:159: EasyInstallDeprecationWarning: easy_install command is deprecated. Use build and pip and other standards-based tools.
  EasyInstallDeprecationWarning,
/home/nkcong206/.local/lib/python3.6/site-packages/setuptools/command/install.py:37: SetuptoolsDeprecationWarning: setup.py install is deprecated. Use build and pip and other standards-based tools.
  setuptools.SetuptoolsDeprecationWarning,
/home/nkcong206/.local/lib/python3.6/site-packages/pkg_resources/__init__.py:119: PkgResourcesDeprecationWarning: 0.18ubuntu0.18.04.1 is an invalid version and will not be supported in a future release
  PkgResourcesDeprecationWarning,
running egg_info
writing controller.egg-info/PKG-INFO
writing dependency_links to controller.egg-info/dependency_links.txt
writing entry points to controller.egg-info/entry_points.txt
writing requirements to controller.egg-info/requires.txt
writing top-level names to controller.egg-info/top_level.txt
reading manifest file 'controller.egg-info/SOURCES.txt'
writing manifest file 'controller.egg-info/SOURCES.txt'
running build_ext
Creating /home/nkcong206/Documents/autonomous_car/install/controller/lib/python3.6/site-packages/controller.egg-link (link to .)
Installing controller script to /home/nkcong206/Documents/autonomous_car/install/controller/lib/controller
Installing gps script to /home/nkcong206/Documents/autonomous_car/install/controller/lib/controller
Installing planning script to /home/nkcong206/Documents/autonomous_car/install/controller/lib/controller
Installing socketio script to /home/nkcong206/Documents/autonomous_car/install/controller/lib/controller

Installed /home/nkcong206/Documents/autonomous_car/build/controller
running install_data
