running egg_info
writing ../build/controller/controller.egg-info/PKG-INFO
writing dependency_links to ../build/controller/controller.egg-info/dependency_links.txt
writing entry points to ../build/controller/controller.egg-info/entry_points.txt
writing requirements to ../build/controller/controller.egg-info/requires.txt
writing top-level names to ../build/controller/controller.egg-info/top_level.txt
reading manifest file '../build/controller/controller.egg-info/SOURCES.txt'
writing manifest file '../build/controller/controller.egg-info/SOURCES.txt'
running build
running build_py
running install
/home/soda/.local/lib/python3.6/site-packages/setuptools/command/install.py:37: SetuptoolsDeprecationWarning: setup.py install is deprecated. Use build and pip and other standards-based tools.
  setuptools.SetuptoolsDeprecationWarning,
running install_lib
running install_data
running install_egg_info
removing '/home/soda/Documents/autonomous_car/install/controller/lib/python3.6/site-packages/controller-0.0.0-py3.6.egg-info' (and everything under it)
Copying ../build/controller/controller.egg-info to /home/soda/Documents/autonomous_car/install/controller/lib/python3.6/site-packages/controller-0.0.0-py3.6.egg-info
running install_scripts
Installing controller script to /home/soda/Documents/autonomous_car/install/controller/lib/controller
Installing gps script to /home/soda/Documents/autonomous_car/install/controller/lib/controller
Installing led script to /home/soda/Documents/autonomous_car/install/controller/lib/controller
Installing socketio script to /home/soda/Documents/autonomous_car/install/controller/lib/controller
writing list of installed files to '/home/soda/Documents/autonomous_car/build/controller/install.log'
