[35m[1mScanning dependencies of target rplidarNode[0m
[35m[1mScanning dependencies of target rplidar_composition_node[0m
[ 11%] Built target rplidarNodeClient
[ 16%] [32mBuilding CXX object CMakeFiles/rplidarNode.dir/src/node.cpp.o[0m
[ 22%] [32mBuilding CXX object CMakeFiles/rplidar_composition_node.dir/src/rplidar_node.cpp.o[0m
[ 27%] [32m[1mLinking CXX executable rplidarNode[0m
[ 33%] [32m[1mLinking CXX shared library librplidar_composition_node.so[0m
[ 61%] Built target rplidar_composition_node
[35m[1mScanning dependencies of target rplidar_composition[0m
[ 88%] Built target rplidarNode
[ 94%] [32mBuilding CXX object CMakeFiles/rplidar_composition.dir/src/standalone_rplidar.cpp.o[0m
[100%] [32m[1mLinking CXX executable rplidar_composition[0m
[100%] Built target rplidar_composition
[ 11%] Built target rplidarNodeClient
[ 50%] Built target rplidarNode
[ 88%] Built target rplidar_composition_node
[100%] Built target rplidar_composition
[36mInstall the project...[0m
-- Install configuration: ""
-- Execute custom install script
-- Up-to-date symlink: /home/soda/Documents/nkcong/rplidar_ros2/install/rplidar_ros/lib/rplidar_ros/rplidarNode
-- Up-to-date symlink: /home/soda/Documents/nkcong/rplidar_ros2/install/rplidar_ros/lib/rplidar_ros/rplidarNodeClient
-- Up-to-date symlink: /home/soda/Documents/nkcong/rplidar_ros2/install/rplidar_ros/lib/rplidar_ros/rplidar_composition
-- Up-to-date symlink: /home/soda/Documents/nkcong/rplidar_ros2/install/rplidar_ros/share/rplidar_ros/launch/rplidar.launch.py
-- Up-to-date symlink: /home/soda/Documents/nkcong/rplidar_ros2/install/rplidar_ros/share/rplidar_ros/launch/rplidar_a3.launch.py
-- Up-to-date symlink: /home/soda/Documents/nkcong/rplidar_ros2/install/rplidar_ros/share/rplidar_ros/launch/rplidar_s1.launch.py
-- Up-to-date symlink: /home/soda/Documents/nkcong/rplidar_ros2/install/rplidar_ros/share/rplidar_ros/launch/rplidar_s1_tcp.launch.py
-- Up-to-date symlink: /home/soda/Documents/nkcong/rplidar_ros2/install/rplidar_ros/share/rplidar_ros/launch/test_rplidar.launch.py
-- Up-to-date symlink: /home/soda/Documents/nkcong/rplidar_ros2/install/rplidar_ros/share/rplidar_ros/launch/test_rplidar_a3.launch.py
-- Up-to-date symlink: /home/soda/Documents/nkcong/rplidar_ros2/install/rplidar_ros/share/rplidar_ros/launch/view_rplidar.launch.py
-- Up-to-date symlink: /home/soda/Documents/nkcong/rplidar_ros2/install/rplidar_ros/share/rplidar_ros/launch/view_rplidar_a3.launch.py
-- Up-to-date symlink: /home/soda/Documents/nkcong/rplidar_ros2/install/rplidar_ros/share/rplidar_ros/launch/view_rplidar_s1.launch.py
-- Up-to-date symlink: /home/soda/Documents/nkcong/rplidar_ros2/install/rplidar_ros/share/rplidar_ros/launch/view_rplidar_s1_tcp.launch.py
-- Up-to-date symlink: /home/soda/Documents/nkcong/rplidar_ros2/install/rplidar_ros/share/rplidar_ros/rviz/rplidar.rviz
-- Up-to-date symlink: /home/soda/Documents/nkcong/rplidar_ros2/install/rplidar_ros/lib/librplidar_composition_node.so
-- Up-to-date symlink: /home/soda/Documents/nkcong/rplidar_ros2/install/rplidar_ros/include/rplidar_node.hpp
-- Up-to-date symlink: /home/soda/Documents/nkcong/rplidar_ros2/install/rplidar_ros/include/visibility.h
-- Up-to-date symlink: /home/soda/Documents/nkcong/rplidar_ros2/install/rplidar_ros/lib/rplidar_ros/rplidarNode
-- Up-to-date symlink: /home/soda/Documents/nkcong/rplidar_ros2/install/rplidar_ros/lib/rplidar_ros/rplidarNodeClient
-- Up-to-date symlink: /home/soda/Documents/nkcong/rplidar_ros2/install/rplidar_ros/lib/rplidar_ros/rplidar_composition
-- Up-to-date symlink: /home/soda/Documents/nkcong/rplidar_ros2/install/rplidar_ros/share/ament_index/resource_index/package_run_dependencies/rplidar_ros
-- Up-to-date symlink: /home/soda/Documents/nkcong/rplidar_ros2/install/rplidar_ros/share/ament_index/resource_index/parent_prefix_path/rplidar_ros
-- Up-to-date symlink: /home/soda/Documents/nkcong/rplidar_ros2/install/rplidar_ros/share/rplidar_ros/environment/ament_prefix_path.sh
-- Up-to-date symlink: /home/soda/Documents/nkcong/rplidar_ros2/install/rplidar_ros/share/rplidar_ros/environment/ament_prefix_path.dsv
-- Up-to-date symlink: /home/soda/Documents/nkcong/rplidar_ros2/install/rplidar_ros/share/rplidar_ros/environment/path.sh
-- Up-to-date symlink: /home/soda/Documents/nkcong/rplidar_ros2/install/rplidar_ros/share/rplidar_ros/environment/path.dsv
-- Up-to-date symlink: /home/soda/Documents/nkcong/rplidar_ros2/install/rplidar_ros/share/rplidar_ros/local_setup.bash
-- Up-to-date symlink: /home/soda/Documents/nkcong/rplidar_ros2/install/rplidar_ros/share/rplidar_ros/local_setup.sh
-- Up-to-date symlink: /home/soda/Documents/nkcong/rplidar_ros2/install/rplidar_ros/share/rplidar_ros/local_setup.zsh
-- Up-to-date symlink: /home/soda/Documents/nkcong/rplidar_ros2/install/rplidar_ros/share/rplidar_ros/local_setup.dsv
-- Symlinking: /home/soda/Documents/nkcong/rplidar_ros2/install/rplidar_ros/share/rplidar_ros/package.dsv
-- Up-to-date symlink: /home/soda/Documents/nkcong/rplidar_ros2/install/rplidar_ros/share/ament_index/resource_index/packages/rplidar_ros
-- Up-to-date symlink: /home/soda/Documents/nkcong/rplidar_ros2/install/rplidar_ros/share/rplidar_ros/cmake/ament_cmake_export_dependencies-extras.cmake
-- Up-to-date symlink: /home/soda/Documents/nkcong/rplidar_ros2/install/rplidar_ros/share/rplidar_ros/cmake/ament_cmake_export_include_directories-extras.cmake
-- Up-to-date symlink: /home/soda/Documents/nkcong/rplidar_ros2/install/rplidar_ros/share/rplidar_ros/cmake/rplidar_rosConfig.cmake
-- Up-to-date symlink: /home/soda/Documents/nkcong/rplidar_ros2/install/rplidar_ros/share/rplidar_ros/cmake/rplidar_rosConfig-version.cmake
-- Up-to-date symlink: /home/soda/Documents/nkcong/rplidar_ros2/install/rplidar_ros/share/rplidar_ros/package.xml
