[2.395s] DEBUG:colcon:Command line arguments: ['/usr/bin/colcon', 'build', '--symlink-install']
[2.396s] DEBUG:colcon:Parsed command line arguments: Namespace(ament_cmake_args=None, base_paths=['.'], build_base='build', catkin_cmake_args=None, catkin_skip_building_tests=False, cmake_args=None, cmake_clean_cache=False, cmake_clean_first=False, cmake_force_configure=False, cmake_target=None, cmake_target_skip_unavailable=False, continue_on_error=False, event_handlers=None, executor='parallel', ignore_user_meta=False, install_base='install', log_base=None, log_level=None, main=<bound method BuildVerb.main of <colcon_core.verb.build.BuildVerb object at 0x7fa0c055c0>>, merge_install=False, metas=['./colcon.meta'], packages_above=None, packages_above_and_dependencies=None, packages_above_depth=None, packages_end=None, packages_ignore=None, packages_ignore_regex=None, packages_select=None, packages_select_build_failed=False, packages_select_by_dep=None, packages_select_regex=None, packages_select_test_failures=False, packages_skip=None, packages_skip_build_finished=False, packages_skip_by_dep=None, packages_skip_regex=None, packages_skip_test_passed=False, packages_skip_up_to=None, packages_start=None, packages_up_to=None, packages_up_to_regex=None, parallel_workers=4, paths=None, symlink_install=True, test_result_base=None, verb_extension=<colcon_core.verb.build.BuildVerb object at 0x7fa0c055c0>, verb_name='build', verb_parser=<colcon_defaults.argument_parser.defaults.DefaultArgumentsDecorator object at 0x7fa0aa87b8>)
[2.445s] Level 1:colcon.colcon_core.package_discovery:discover_packages(colcon_meta) check parameters
[2.446s] Level 1:colcon.colcon_core.package_discovery:discover_packages(recursive) check parameters
[2.446s] Level 1:colcon.colcon_core.package_discovery:discover_packages(ignore) check parameters
[2.446s] Level 1:colcon.colcon_core.package_discovery:discover_packages(path) check parameters
[2.446s] Level 1:colcon.colcon_core.package_discovery:discover_packages(colcon_meta) discover
[2.448s] Level 1:colcon.colcon_core.package_discovery:discover_packages(recursive) discover
[2.448s] INFO:colcon.colcon_core.package_discovery:Crawling recursively for packages in '/home/soda/Documents/nkcong/rplidar_ros2'
[2.449s] Level 1:colcon.colcon_core.package_identification:_identify(.) by extensions ['ignore', 'ignore_ament_install']
[2.449s] Level 1:colcon.colcon_core.package_identification:_identify(.) by extension 'ignore'
[2.449s] Level 1:colcon.colcon_core.package_identification:_identify(.) by extension 'ignore_ament_install'
[2.450s] Level 1:colcon.colcon_core.package_identification:_identify(.) by extensions ['colcon_pkg']
[2.450s] Level 1:colcon.colcon_core.package_identification:_identify(.) by extension 'colcon_pkg'
[2.450s] Level 1:colcon.colcon_core.package_identification:_identify(.) by extensions ['colcon_meta']
[2.450s] Level 1:colcon.colcon_core.package_identification:_identify(.) by extension 'colcon_meta'
[2.451s] Level 1:colcon.colcon_core.package_identification:_identify(.) by extensions ['ros']
[2.451s] Level 1:colcon.colcon_core.package_identification:_identify(.) by extension 'ros'
[2.689s] DEBUG:colcon.colcon_core.package_identification:Package '.' with type 'ros.ament_cmake' and name 'rplidar_ros'
[2.689s] Level 1:colcon.colcon_core.package_discovery:discover_packages(recursive) using defaults
[2.691s] Level 1:colcon.colcon_core.package_discovery:discover_packages(ignore) discover
[2.691s] Level 1:colcon.colcon_core.package_discovery:discover_packages(ignore) using defaults
[2.691s] Level 1:colcon.colcon_core.package_discovery:discover_packages(path) discover
[2.692s] Level 1:colcon.colcon_core.package_discovery:discover_packages(path) using defaults
[2.858s] Level 5:colcon.colcon_core.verb:set package 'rplidar_ros' build argument 'cmake_args' from command line to 'None'
[2.858s] Level 5:colcon.colcon_core.verb:set package 'rplidar_ros' build argument 'cmake_target' from command line to 'None'
[2.859s] Level 5:colcon.colcon_core.verb:set package 'rplidar_ros' build argument 'cmake_target_skip_unavailable' from command line to 'False'
[2.859s] Level 5:colcon.colcon_core.verb:set package 'rplidar_ros' build argument 'cmake_clean_cache' from command line to 'False'
[2.859s] Level 5:colcon.colcon_core.verb:set package 'rplidar_ros' build argument 'cmake_clean_first' from command line to 'False'
[2.859s] Level 5:colcon.colcon_core.verb:set package 'rplidar_ros' build argument 'cmake_force_configure' from command line to 'False'
[2.859s] Level 5:colcon.colcon_core.verb:set package 'rplidar_ros' build argument 'ament_cmake_args' from command line to 'None'
[2.860s] Level 5:colcon.colcon_core.verb:set package 'rplidar_ros' build argument 'catkin_cmake_args' from command line to 'None'
[2.860s] Level 5:colcon.colcon_core.verb:set package 'rplidar_ros' build argument 'catkin_skip_building_tests' from command line to 'False'
[2.860s] DEBUG:colcon.colcon_core.verb:Building package 'rplidar_ros' with the following arguments: {'ament_cmake_args': None, 'build_base': '/home/soda/Documents/nkcong/rplidar_ros2/build/rplidar_ros', 'catkin_cmake_args': None, 'catkin_skip_building_tests': False, 'cmake_args': None, 'cmake_clean_cache': False, 'cmake_clean_first': False, 'cmake_force_configure': False, 'cmake_target': None, 'cmake_target_skip_unavailable': False, 'install_base': '/home/soda/Documents/nkcong/rplidar_ros2/install/rplidar_ros', 'merge_install': False, 'path': '/home/soda/Documents/nkcong/rplidar_ros2', 'symlink_install': True, 'test_result_base': None}
[2.863s] INFO:colcon.colcon_core.executor:Executing jobs using 'parallel' executor
[2.875s] DEBUG:colcon.colcon_parallel_executor.executor.parallel:run_until_complete
[2.876s] INFO:colcon.colcon_ros.task.ament_cmake.build:Building ROS package in '/home/soda/Documents/nkcong/rplidar_ros2' with build type 'ament_cmake'
[2.877s] INFO:colcon.colcon_cmake.task.cmake.build:Building CMake package in '/home/soda/Documents/nkcong/rplidar_ros2'
[2.907s] INFO:colcon.colcon_core.plugin_system:Skipping extension 'colcon_core.shell.bat': Not used on non-Windows systems
[2.909s] INFO:colcon.colcon_core.shell:Skip shell extension 'powershell' for command environment: Not usable outside of PowerShell
[2.909s] DEBUG:colcon.colcon_core.shell:Skip shell extension 'dsv' for command environment
[2.930s] DEBUG:colcon.colcon_core.shell:Ignoring prefix path '/opt/ros/eloquent'
[2.965s] DEBUG:colcon.colcon_core.event_handler.log_command:Invoking command in '/home/soda/Documents/nkcong/rplidar_ros2/build/rplidar_ros': CMAKE_PREFIX_PATH=${CMAKE_PREFIX_PATH}:/opt/ros/eloquent /usr/bin/cmake --build /home/soda/Documents/nkcong/rplidar_ros2/build/rplidar_ros -- -j4 -l4
[22.947s] DEBUG:colcon.colcon_core.event_handler.log_command:Invoked command in '/home/soda/Documents/nkcong/rplidar_ros2/build/rplidar_ros' returned '0': CMAKE_PREFIX_PATH=${CMAKE_PREFIX_PATH}:/opt/ros/eloquent /usr/bin/cmake --build /home/soda/Documents/nkcong/rplidar_ros2/build/rplidar_ros -- -j4 -l4
[23.154s] DEBUG:colcon.colcon_core.event_handler.log_command:Invoking command in '/home/soda/Documents/nkcong/rplidar_ros2/build/rplidar_ros': CMAKE_PREFIX_PATH=${CMAKE_PREFIX_PATH}:/opt/ros/eloquent /usr/bin/cmake --build /home/soda/Documents/nkcong/rplidar_ros2/build/rplidar_ros --target install -- -j4 -l4
[23.740s] Level 1:colcon.colcon_core.environment:create_environment_scripts_only(rplidar_ros)
[23.745s] DEBUG:colcon.colcon_core.event_handler.log_command:Invoked command in '/home/soda/Documents/nkcong/rplidar_ros2/build/rplidar_ros' returned '0': CMAKE_PREFIX_PATH=${CMAKE_PREFIX_PATH}:/opt/ros/eloquent /usr/bin/cmake --build /home/soda/Documents/nkcong/rplidar_ros2/build/rplidar_ros --target install -- -j4 -l4
[23.777s] Level 1:colcon.colcon_core.environment:checking '/home/soda/Documents/nkcong/rplidar_ros2/install/rplidar_ros' for CMake module files
[23.782s] Level 1:colcon.colcon_core.environment:checking '/home/soda/Documents/nkcong/rplidar_ros2/install/rplidar_ros' for CMake config files
[23.784s] Level 1:colcon.colcon_core.shell:create_environment_hook('rplidar_ros', 'cmake_prefix_path')
[23.788s] INFO:colcon.colcon_core.shell:Creating environment hook '/home/soda/Documents/nkcong/rplidar_ros2/install/rplidar_ros/share/rplidar_ros/hook/cmake_prefix_path.ps1'
[23.793s] INFO:colcon.colcon_core.shell:Creating environment descriptor '/home/soda/Documents/nkcong/rplidar_ros2/install/rplidar_ros/share/rplidar_ros/hook/cmake_prefix_path.dsv'
[23.801s] INFO:colcon.colcon_core.shell:Creating environment hook '/home/soda/Documents/nkcong/rplidar_ros2/install/rplidar_ros/share/rplidar_ros/hook/cmake_prefix_path.sh'
[23.808s] Level 1:colcon.colcon_core.environment:checking '/home/soda/Documents/nkcong/rplidar_ros2/install/rplidar_ros/lib'
[23.809s] Level 1:colcon.colcon_core.shell:create_environment_hook('rplidar_ros', 'ld_library_path_lib')
[23.813s] INFO:colcon.colcon_core.shell:Creating environment hook '/home/soda/Documents/nkcong/rplidar_ros2/install/rplidar_ros/share/rplidar_ros/hook/ld_library_path_lib.ps1'
[23.815s] INFO:colcon.colcon_core.shell:Creating environment descriptor '/home/soda/Documents/nkcong/rplidar_ros2/install/rplidar_ros/share/rplidar_ros/hook/ld_library_path_lib.dsv'
[23.816s] INFO:colcon.colcon_core.shell:Creating environment hook '/home/soda/Documents/nkcong/rplidar_ros2/install/rplidar_ros/share/rplidar_ros/hook/ld_library_path_lib.sh'
[23.818s] Level 1:colcon.colcon_core.environment:checking '/home/soda/Documents/nkcong/rplidar_ros2/install/rplidar_ros/bin'
[23.818s] Level 1:colcon.colcon_core.environment:checking '/home/soda/Documents/nkcong/rplidar_ros2/install/rplidar_ros/lib/pkgconfig/rplidar_ros.pc'
[23.819s] Level 1:colcon.colcon_core.environment:checking '/home/soda/Documents/nkcong/rplidar_ros2/install/rplidar_ros/lib/python3.6/site-packages'
[23.823s] INFO:colcon.colcon_core.shell:Creating package script '/home/soda/Documents/nkcong/rplidar_ros2/install/rplidar_ros/share/rplidar_ros/package.ps1'
[23.829s] INFO:colcon.colcon_core.shell:Creating package descriptor '/home/soda/Documents/nkcong/rplidar_ros2/install/rplidar_ros/share/rplidar_ros/package.dsv'
[23.833s] INFO:colcon.colcon_core.shell:Creating package script '/home/soda/Documents/nkcong/rplidar_ros2/install/rplidar_ros/share/rplidar_ros/package.sh'
[23.838s] INFO:colcon.colcon_core.shell:Creating package script '/home/soda/Documents/nkcong/rplidar_ros2/install/rplidar_ros/share/rplidar_ros/package.bash'
[23.844s] INFO:colcon.colcon_core.shell:Creating package script '/home/soda/Documents/nkcong/rplidar_ros2/install/rplidar_ros/share/rplidar_ros/package.zsh'
[23.850s] Level 1:colcon.colcon_core.environment:create_file_with_runtime_dependencies(/home/soda/Documents/nkcong/rplidar_ros2/install/rplidar_ros/share/colcon-core/packages/rplidar_ros)
[24.016s] Level 1:colcon.colcon_core.environment:create_environment_scripts_only(rplidar_ros)
[24.023s] Level 1:colcon.colcon_core.environment:checking '/home/soda/Documents/nkcong/rplidar_ros2/install/rplidar_ros' for CMake module files
[24.027s] Level 1:colcon.colcon_core.environment:checking '/home/soda/Documents/nkcong/rplidar_ros2/install/rplidar_ros' for CMake config files
[24.028s] Level 1:colcon.colcon_core.shell:create_environment_hook('rplidar_ros', 'cmake_prefix_path')
[24.033s] INFO:colcon.colcon_core.shell:Creating environment hook '/home/soda/Documents/nkcong/rplidar_ros2/install/rplidar_ros/share/rplidar_ros/hook/cmake_prefix_path.ps1'
[24.035s] INFO:colcon.colcon_core.shell:Creating environment descriptor '/home/soda/Documents/nkcong/rplidar_ros2/install/rplidar_ros/share/rplidar_ros/hook/cmake_prefix_path.dsv'
[24.036s] INFO:colcon.colcon_core.shell:Creating environment hook '/home/soda/Documents/nkcong/rplidar_ros2/install/rplidar_ros/share/rplidar_ros/hook/cmake_prefix_path.sh'
[24.040s] Level 1:colcon.colcon_core.environment:checking '/home/soda/Documents/nkcong/rplidar_ros2/install/rplidar_ros/lib'
[24.041s] Level 1:colcon.colcon_core.shell:create_environment_hook('rplidar_ros', 'ld_library_path_lib')
[24.045s] INFO:colcon.colcon_core.shell:Creating environment hook '/home/soda/Documents/nkcong/rplidar_ros2/install/rplidar_ros/share/rplidar_ros/hook/ld_library_path_lib.ps1'
[24.046s] INFO:colcon.colcon_core.shell:Creating environment descriptor '/home/soda/Documents/nkcong/rplidar_ros2/install/rplidar_ros/share/rplidar_ros/hook/ld_library_path_lib.dsv'
[24.048s] INFO:colcon.colcon_core.shell:Creating environment hook '/home/soda/Documents/nkcong/rplidar_ros2/install/rplidar_ros/share/rplidar_ros/hook/ld_library_path_lib.sh'
[24.050s] Level 1:colcon.colcon_core.environment:checking '/home/soda/Documents/nkcong/rplidar_ros2/install/rplidar_ros/bin'
[24.050s] Level 1:colcon.colcon_core.environment:checking '/home/soda/Documents/nkcong/rplidar_ros2/install/rplidar_ros/lib/pkgconfig/rplidar_ros.pc'
[24.051s] Level 1:colcon.colcon_core.environment:checking '/home/soda/Documents/nkcong/rplidar_ros2/install/rplidar_ros/lib/python3.6/site-packages'
[24.056s] INFO:colcon.colcon_core.shell:Creating package script '/home/soda/Documents/nkcong/rplidar_ros2/install/rplidar_ros/share/rplidar_ros/package.ps1'
[24.059s] INFO:colcon.colcon_core.shell:Creating package descriptor '/home/soda/Documents/nkcong/rplidar_ros2/install/rplidar_ros/share/rplidar_ros/package.dsv'
[24.062s] INFO:colcon.colcon_core.shell:Creating package script '/home/soda/Documents/nkcong/rplidar_ros2/install/rplidar_ros/share/rplidar_ros/package.sh'
[24.065s] INFO:colcon.colcon_core.shell:Creating package script '/home/soda/Documents/nkcong/rplidar_ros2/install/rplidar_ros/share/rplidar_ros/package.bash'
[24.067s] INFO:colcon.colcon_core.shell:Creating package script '/home/soda/Documents/nkcong/rplidar_ros2/install/rplidar_ros/share/rplidar_ros/package.zsh'
[24.070s] Level 1:colcon.colcon_core.environment:create_file_with_runtime_dependencies(/home/soda/Documents/nkcong/rplidar_ros2/install/rplidar_ros/share/colcon-core/packages/rplidar_ros)
[24.071s] DEBUG:colcon.colcon_parallel_executor.executor.parallel:closing loop
[24.074s] DEBUG:colcon.colcon_parallel_executor.executor.parallel:loop closed
[24.075s] DEBUG:colcon.colcon_parallel_executor.executor.parallel:run_until_complete finished with '0'
[24.075s] DEBUG:colcon.colcon_core.event_reactor:joining thread
[24.125s] INFO:colcon.colcon_core.plugin_system:Skipping extension 'colcon_notification.desktop_notification.notify_send': Could not find 'notify-send'
[24.126s] INFO:colcon.colcon_core.plugin_system:Skipping extension 'colcon_notification.desktop_notification.terminal_notifier': Not used on non-Darwin systems
[24.126s] INFO:colcon.colcon_core.plugin_system:Skipping extension 'colcon_notification.desktop_notification.win32': Not used on non-Windows systems
[24.127s] INFO:colcon.colcon_notification.desktop_notification:Sending desktop notification using 'notify2'
[24.554s] DEBUG:colcon.colcon_core.event_reactor:joined thread
[24.558s] INFO:colcon.colcon_core.shell:Creating prefix script '/home/soda/Documents/nkcong/rplidar_ros2/install/local_setup.ps1'
[24.566s] INFO:colcon.colcon_core.shell:Creating prefix util module '/home/soda/Documents/nkcong/rplidar_ros2/install/_local_setup_util_ps1.py'
[24.576s] INFO:colcon.colcon_core.shell:Creating prefix chain script '/home/soda/Documents/nkcong/rplidar_ros2/install/setup.ps1'
[24.593s] INFO:colcon.colcon_core.shell:Creating prefix script '/home/soda/Documents/nkcong/rplidar_ros2/install/local_setup.sh'
[24.598s] INFO:colcon.colcon_core.shell:Creating prefix util module '/home/soda/Documents/nkcong/rplidar_ros2/install/_local_setup_util_sh.py'
[24.600s] INFO:colcon.colcon_core.shell:Creating prefix chain script '/home/soda/Documents/nkcong/rplidar_ros2/install/setup.sh'
[24.617s] INFO:colcon.colcon_core.shell:Creating prefix script '/home/soda/Documents/nkcong/rplidar_ros2/install/local_setup.bash'
[24.623s] INFO:colcon.colcon_core.shell:Creating prefix chain script '/home/soda/Documents/nkcong/rplidar_ros2/install/setup.bash'
[24.639s] INFO:colcon.colcon_core.shell:Creating prefix script '/home/soda/Documents/nkcong/rplidar_ros2/install/local_setup.zsh'
[24.642s] INFO:colcon.colcon_core.shell:Creating prefix chain script '/home/soda/Documents/nkcong/rplidar_ros2/install/setup.zsh'
