[2.397s] DEBUG:colcon:Command line arguments: ['/usr/bin/colcon', 'build', '--symlink-install']
[2.397s] DEBUG:colcon:Parsed command line arguments: Namespace(ament_cmake_args=None, base_paths=['.'], build_base='build', catkin_cmake_args=None, catkin_skip_building_tests=False, cmake_args=None, cmake_clean_cache=False, cmake_clean_first=False, cmake_force_configure=False, cmake_target=None, cmake_target_skip_unavailable=False, continue_on_error=False, event_handlers=None, executor='parallel', ignore_user_meta=False, install_base='install', log_base=None, log_level=None, main=<bound method BuildVerb.main of <colcon_core.verb.build.BuildVerb object at 0x7f90c8a550>>, merge_install=False, metas=['./colcon.meta'], packages_above=None, packages_above_and_dependencies=None, packages_above_depth=None, packages_end=None, packages_ignore=None, packages_ignore_regex=None, packages_select=None, packages_select_build_failed=False, packages_select_by_dep=None, packages_select_regex=None, packages_select_test_failures=False, packages_skip=None, packages_skip_build_finished=False, packages_skip_by_dep=None, packages_skip_regex=None, packages_skip_test_passed=False, packages_skip_up_to=None, packages_start=None, packages_up_to=None, packages_up_to_regex=None, parallel_workers=4, paths=None, symlink_install=True, test_result_base=None, verb_extension=<colcon_core.verb.build.BuildVerb object at 0x7f90c8a550>, verb_name='build', verb_parser=<colcon_defaults.argument_parser.defaults.DefaultArgumentsDecorator object at 0x7f90b23ba8>)
[2.436s] Level 1:colcon.colcon_core.package_discovery:discover_packages(colcon_meta) check parameters
[2.437s] Level 1:colcon.colcon_core.package_discovery:discover_packages(recursive) check parameters
[2.437s] Level 1:colcon.colcon_core.package_discovery:discover_packages(ignore) check parameters
[2.437s] Level 1:colcon.colcon_core.package_discovery:discover_packages(path) check parameters
[2.437s] Level 1:colcon.colcon_core.package_discovery:discover_packages(colcon_meta) discover
[2.439s] Level 1:colcon.colcon_core.package_discovery:discover_packages(recursive) discover
[2.439s] INFO:colcon.colcon_core.package_discovery:Crawling recursively for packages in '/home/soda/Documents/nkcong/auto_car'
[2.440s] Level 1:colcon.colcon_core.package_identification:_identify(.) by extensions ['ignore', 'ignore_ament_install']
[2.440s] Level 1:colcon.colcon_core.package_identification:_identify(.) by extension 'ignore'
[2.441s] Level 1:colcon.colcon_core.package_identification:_identify(.) by extension 'ignore_ament_install'
[2.441s] Level 1:colcon.colcon_core.package_identification:_identify(.) by extensions ['colcon_pkg']
[2.441s] Level 1:colcon.colcon_core.package_identification:_identify(.) by extension 'colcon_pkg'
[2.442s] Level 1:colcon.colcon_core.package_identification:_identify(.) by extensions ['colcon_meta']
[2.442s] Level 1:colcon.colcon_core.package_identification:_identify(.) by extension 'colcon_meta'
[2.442s] Level 1:colcon.colcon_core.package_identification:_identify(.) by extensions ['ros']
[2.442s] Level 1:colcon.colcon_core.package_identification:_identify(.) by extension 'ros'
[2.686s] DEBUG:colcon.colcon_core.package_identification:Package '.' with type 'ros.ament_python' and name 'auto_car'
[2.686s] Level 1:colcon.colcon_core.package_discovery:discover_packages(recursive) using defaults
[2.688s] Level 1:colcon.colcon_core.package_discovery:discover_packages(ignore) discover
[2.688s] Level 1:colcon.colcon_core.package_discovery:discover_packages(ignore) using defaults
[2.688s] Level 1:colcon.colcon_core.package_discovery:discover_packages(path) discover
[2.688s] Level 1:colcon.colcon_core.package_discovery:discover_packages(path) using defaults
[2.831s] Level 5:colcon.colcon_core.verb:set package 'auto_car' build argument 'cmake_args' from command line to 'None'
[2.832s] Level 5:colcon.colcon_core.verb:set package 'auto_car' build argument 'cmake_target' from command line to 'None'
[2.832s] Level 5:colcon.colcon_core.verb:set package 'auto_car' build argument 'cmake_target_skip_unavailable' from command line to 'False'
[2.832s] Level 5:colcon.colcon_core.verb:set package 'auto_car' build argument 'cmake_clean_cache' from command line to 'False'
[2.832s] Level 5:colcon.colcon_core.verb:set package 'auto_car' build argument 'cmake_clean_first' from command line to 'False'
[2.833s] Level 5:colcon.colcon_core.verb:set package 'auto_car' build argument 'cmake_force_configure' from command line to 'False'
[2.833s] Level 5:colcon.colcon_core.verb:set package 'auto_car' build argument 'ament_cmake_args' from command line to 'None'
[2.833s] Level 5:colcon.colcon_core.verb:set package 'auto_car' build argument 'catkin_cmake_args' from command line to 'None'
[2.833s] Level 5:colcon.colcon_core.verb:set package 'auto_car' build argument 'catkin_skip_building_tests' from command line to 'False'
[2.833s] DEBUG:colcon.colcon_core.verb:Building package 'auto_car' with the following arguments: {'ament_cmake_args': None, 'build_base': '/home/soda/Documents/nkcong/auto_car/build/auto_car', 'catkin_cmake_args': None, 'catkin_skip_building_tests': False, 'cmake_args': None, 'cmake_clean_cache': False, 'cmake_clean_first': False, 'cmake_force_configure': False, 'cmake_target': None, 'cmake_target_skip_unavailable': False, 'install_base': '/home/soda/Documents/nkcong/auto_car/install/auto_car', 'merge_install': False, 'path': '/home/soda/Documents/nkcong/auto_car', 'symlink_install': True, 'test_result_base': None}
[2.836s] INFO:colcon.colcon_core.executor:Executing jobs using 'parallel' executor
[2.849s] DEBUG:colcon.colcon_parallel_executor.executor.parallel:run_until_complete
[2.850s] INFO:colcon.colcon_ros.task.ament_python.build:Building ROS package in '/home/soda/Documents/nkcong/auto_car' with build type 'ament_python'
[2.851s] Level 1:colcon.colcon_core.shell:create_environment_hook('auto_car', 'ament_prefix_path')
[2.869s] INFO:colcon.colcon_core.plugin_system:Skipping extension 'colcon_core.shell.bat': Not used on non-Windows systems
[2.871s] INFO:colcon.colcon_core.shell:Creating environment hook '/home/soda/Documents/nkcong/auto_car/install/auto_car/share/auto_car/hook/ament_prefix_path.ps1'
[2.874s] INFO:colcon.colcon_core.shell:Creating environment descriptor '/home/soda/Documents/nkcong/auto_car/install/auto_car/share/auto_car/hook/ament_prefix_path.dsv'
[2.877s] INFO:colcon.colcon_core.shell:Creating environment hook '/home/soda/Documents/nkcong/auto_car/install/auto_car/share/auto_car/hook/ament_prefix_path.sh'
[2.884s] INFO:colcon.colcon_core.shell:Skip shell extension 'powershell' for command environment: Not usable outside of PowerShell
[2.884s] DEBUG:colcon.colcon_core.shell:Skip shell extension 'dsv' for command environment
[2.901s] DEBUG:colcon.colcon_core.shell:Ignoring prefix path '/opt/ros/eloquent'
[4.901s] INFO:colcon.colcon_core.task.python.build:Building Python package in '/home/soda/Documents/nkcong/auto_car'
[4.906s] INFO:colcon.colcon_core.shell:Skip shell extension 'powershell' for command environment: Not usable outside of PowerShell
[4.906s] DEBUG:colcon.colcon_core.shell:Skip shell extension 'dsv' for command environment
[4.919s] DEBUG:colcon.colcon_core.shell:Ignoring prefix path '/opt/ros/eloquent'
[4.944s] DEBUG:colcon.colcon_core.event_handler.log_command:Invoking command in '/home/soda/Documents/nkcong/auto_car/build/auto_car': PYTHONPATH=/home/soda/Documents/nkcong/auto_car/install/auto_car/lib/python3.6/site-packages:${PYTHONPATH} /usr/bin/python3 setup.py develop --prefix /home/soda/Documents/nkcong/auto_car/install/auto_car --editable --build-directory /home/soda/Documents/nkcong/auto_car/build/auto_car/build --no-deps install_data --install-dir /home/soda/Documents/nkcong/auto_car/install/auto_car
[8.400s] Level 1:colcon.colcon_core.shell:create_environment_hook('auto_car', 'pythonpath_develop')
[8.405s] INFO:colcon.colcon_core.shell:Creating environment hook '/home/soda/Documents/nkcong/auto_car/build/auto_car/share/auto_car/hook/pythonpath_develop.ps1'
[8.408s] DEBUG:colcon.colcon_core.event_handler.log_command:Invoked command in '/home/soda/Documents/nkcong/auto_car/build/auto_car' returned '0': PYTHONPATH=/home/soda/Documents/nkcong/auto_car/install/auto_car/lib/python3.6/site-packages:${PYTHONPATH} /usr/bin/python3 setup.py develop --prefix /home/soda/Documents/nkcong/auto_car/install/auto_car --editable --build-directory /home/soda/Documents/nkcong/auto_car/build/auto_car/build --no-deps install_data --install-dir /home/soda/Documents/nkcong/auto_car/install/auto_car
[8.409s] INFO:colcon.colcon_core.shell:Creating environment descriptor '/home/soda/Documents/nkcong/auto_car/build/auto_car/share/auto_car/hook/pythonpath_develop.dsv'
[8.411s] INFO:colcon.colcon_core.shell:Creating environment hook '/home/soda/Documents/nkcong/auto_car/build/auto_car/share/auto_car/hook/pythonpath_develop.sh'
[8.431s] Level 1:colcon.colcon_core.environment:checking '/home/soda/Documents/nkcong/auto_car/install/auto_car' for CMake module files
[8.435s] Level 1:colcon.colcon_core.environment:checking '/home/soda/Documents/nkcong/auto_car/install/auto_car' for CMake config files
[8.439s] Level 1:colcon.colcon_core.environment:checking '/home/soda/Documents/nkcong/auto_car/install/auto_car/lib'
[8.441s] Level 1:colcon.colcon_core.environment:checking '/home/soda/Documents/nkcong/auto_car/install/auto_car/bin'
[8.441s] Level 1:colcon.colcon_core.environment:checking '/home/soda/Documents/nkcong/auto_car/install/auto_car/lib/pkgconfig/auto_car.pc'
[8.441s] Level 1:colcon.colcon_core.environment:checking '/home/soda/Documents/nkcong/auto_car/install/auto_car/lib/python3.6/site-packages'
[8.442s] Level 1:colcon.colcon_core.shell:create_environment_hook('auto_car', 'pythonpath')
[8.446s] INFO:colcon.colcon_core.shell:Creating environment hook '/home/soda/Documents/nkcong/auto_car/install/auto_car/share/auto_car/hook/pythonpath.ps1'
[8.448s] INFO:colcon.colcon_core.shell:Creating environment descriptor '/home/soda/Documents/nkcong/auto_car/install/auto_car/share/auto_car/hook/pythonpath.dsv'
[8.450s] INFO:colcon.colcon_core.shell:Creating environment hook '/home/soda/Documents/nkcong/auto_car/install/auto_car/share/auto_car/hook/pythonpath.sh'
[8.452s] Level 1:colcon.colcon_core.environment:create_environment_scripts_only(auto_car)
[8.457s] INFO:colcon.colcon_core.shell:Creating package script '/home/soda/Documents/nkcong/auto_car/install/auto_car/share/auto_car/package.ps1'
[8.463s] INFO:colcon.colcon_core.shell:Creating package descriptor '/home/soda/Documents/nkcong/auto_car/install/auto_car/share/auto_car/package.dsv'
[8.466s] INFO:colcon.colcon_core.shell:Creating package script '/home/soda/Documents/nkcong/auto_car/install/auto_car/share/auto_car/package.sh'
[8.471s] INFO:colcon.colcon_core.shell:Creating package script '/home/soda/Documents/nkcong/auto_car/install/auto_car/share/auto_car/package.bash'
[8.476s] INFO:colcon.colcon_core.shell:Creating package script '/home/soda/Documents/nkcong/auto_car/install/auto_car/share/auto_car/package.zsh'
[8.480s] Level 1:colcon.colcon_core.environment:create_file_with_runtime_dependencies(/home/soda/Documents/nkcong/auto_car/install/auto_car/share/colcon-core/packages/auto_car)
[8.483s] DEBUG:colcon.colcon_parallel_executor.executor.parallel:closing loop
[8.484s] DEBUG:colcon.colcon_parallel_executor.executor.parallel:loop closed
[8.485s] DEBUG:colcon.colcon_parallel_executor.executor.parallel:run_until_complete finished with '0'
[8.485s] DEBUG:colcon.colcon_core.event_reactor:joining thread
[8.515s] INFO:colcon.colcon_core.plugin_system:Skipping extension 'colcon_notification.desktop_notification.notify_send': Could not find 'notify-send'
[8.516s] INFO:colcon.colcon_core.plugin_system:Skipping extension 'colcon_notification.desktop_notification.terminal_notifier': Not used on non-Darwin systems
[8.516s] INFO:colcon.colcon_core.plugin_system:Skipping extension 'colcon_notification.desktop_notification.win32': Not used on non-Windows systems
[8.517s] INFO:colcon.colcon_notification.desktop_notification:Sending desktop notification using 'notify2'
[8.558s] DEBUG:colcon.colcon_core.event_reactor:joined thread
[8.563s] INFO:colcon.colcon_core.shell:Creating prefix script '/home/soda/Documents/nkcong/auto_car/install/local_setup.ps1'
[8.568s] INFO:colcon.colcon_core.shell:Creating prefix util module '/home/soda/Documents/nkcong/auto_car/install/_local_setup_util_ps1.py'
[8.577s] INFO:colcon.colcon_core.shell:Creating prefix chain script '/home/soda/Documents/nkcong/auto_car/install/setup.ps1'
[8.592s] INFO:colcon.colcon_core.shell:Creating prefix script '/home/soda/Documents/nkcong/auto_car/install/local_setup.sh'
[8.595s] INFO:colcon.colcon_core.shell:Creating prefix util module '/home/soda/Documents/nkcong/auto_car/install/_local_setup_util_sh.py'
[8.597s] INFO:colcon.colcon_core.shell:Creating prefix chain script '/home/soda/Documents/nkcong/auto_car/install/setup.sh'
[8.614s] INFO:colcon.colcon_core.shell:Creating prefix script '/home/soda/Documents/nkcong/auto_car/install/local_setup.bash'
[8.617s] INFO:colcon.colcon_core.shell:Creating prefix chain script '/home/soda/Documents/nkcong/auto_car/install/setup.bash'
[8.633s] INFO:colcon.colcon_core.shell:Creating prefix script '/home/soda/Documents/nkcong/auto_car/install/local_setup.zsh'
[8.635s] INFO:colcon.colcon_core.shell:Creating prefix chain script '/home/soda/Documents/nkcong/auto_car/install/setup.zsh'
