running egg_info
creating ../build/controller/controller.egg-info
writing ../build/controller/controller.egg-info/PKG-INFO
writing dependency_links to ../build/controller/controller.egg-info/dependency_links.txt
writing entry points to ../build/controller/controller.egg-info/entry_points.txt
writing requirements to ../build/controller/controller.egg-info/requires.txt
writing top-level names to ../build/controller/controller.egg-info/top_level.txt
writing manifest file '../build/controller/controller.egg-info/SOURCES.txt'
reading manifest file '../build/controller/controller.egg-info/SOURCES.txt'
writing manifest file '../build/controller/controller.egg-info/SOURCES.txt'
running build
running build_py
creating /home/soda/Documents/autonomous_car/build/controller/build
creating /home/soda/Documents/autonomous_car/build/controller/build/lib
creating /home/soda/Documents/autonomous_car/build/controller/build/lib/controller
copying controller/controller_o.py -> /home/soda/Documents/autonomous_car/build/controller/build/lib/controller
copying controller/ledSignal.py -> /home/soda/Documents/autonomous_car/build/controller/build/lib/controller
copying controller/led_display.py -> /home/soda/Documents/autonomous_car/build/controller/build/lib/controller
copying controller/__init__.py -> /home/soda/Documents/autonomous_car/build/controller/build/lib/controller
copying controller/controller.py -> /home/soda/Documents/autonomous_car/build/controller/build/lib/controller
copying controller/socketio_node.py -> /home/soda/Documents/autonomous_car/build/controller/build/lib/controller
copying controller/gps.py -> /home/soda/Documents/autonomous_car/build/controller/build/lib/controller
copying controller/socketio_node_o.py -> /home/soda/Documents/autonomous_car/build/controller/build/lib/controller
copying controller/ps4.py -> /home/soda/Documents/autonomous_car/build/controller/build/lib/controller
running install
/home/soda/.local/lib/python3.6/site-packages/setuptools/command/install.py:37: SetuptoolsDeprecationWarning: setup.py install is deprecated. Use build and pip and other standards-based tools.
  setuptools.SetuptoolsDeprecationWarning,
running install_lib
creating /home/soda/Documents/autonomous_car/install/controller/lib/python3.6/site-packages/controller
copying /home/soda/Documents/autonomous_car/build/controller/build/lib/controller/controller_o.py -> /home/soda/Documents/autonomous_car/install/controller/lib/python3.6/site-packages/controller
copying /home/soda/Documents/autonomous_car/build/controller/build/lib/controller/ledSignal.py -> /home/soda/Documents/autonomous_car/install/controller/lib/python3.6/site-packages/controller
copying /home/soda/Documents/autonomous_car/build/controller/build/lib/controller/led_display.py -> /home/soda/Documents/autonomous_car/install/controller/lib/python3.6/site-packages/controller
copying /home/soda/Documents/autonomous_car/build/controller/build/lib/controller/__init__.py -> /home/soda/Documents/autonomous_car/install/controller/lib/python3.6/site-packages/controller
copying /home/soda/Documents/autonomous_car/build/controller/build/lib/controller/controller.py -> /home/soda/Documents/autonomous_car/install/controller/lib/python3.6/site-packages/controller
copying /home/soda/Documents/autonomous_car/build/controller/build/lib/controller/socketio_node.py -> /home/soda/Documents/autonomous_car/install/controller/lib/python3.6/site-packages/controller
copying /home/soda/Documents/autonomous_car/build/controller/build/lib/controller/gps.py -> /home/soda/Documents/autonomous_car/install/controller/lib/python3.6/site-packages/controller
copying /home/soda/Documents/autonomous_car/build/controller/build/lib/controller/socketio_node_o.py -> /home/soda/Documents/autonomous_car/install/controller/lib/python3.6/site-packages/controller
copying /home/soda/Documents/autonomous_car/build/controller/build/lib/controller/ps4.py -> /home/soda/Documents/autonomous_car/install/controller/lib/python3.6/site-packages/controller
byte-compiling /home/soda/Documents/autonomous_car/install/controller/lib/python3.6/site-packages/controller/controller_o.py to controller_o.cpython-36.pyc
byte-compiling /home/soda/Documents/autonomous_car/install/controller/lib/python3.6/site-packages/controller/ledSignal.py to ledSignal.cpython-36.pyc
byte-compiling /home/soda/Documents/autonomous_car/install/controller/lib/python3.6/site-packages/controller/led_display.py to led_display.cpython-36.pyc
byte-compiling /home/soda/Documents/autonomous_car/install/controller/lib/python3.6/site-packages/controller/__init__.py to __init__.cpython-36.pyc
byte-compiling /home/soda/Documents/autonomous_car/install/controller/lib/python3.6/site-packages/controller/controller.py to controller.cpython-36.pyc
byte-compiling /home/soda/Documents/autonomous_car/install/controller/lib/python3.6/site-packages/controller/socketio_node.py to socketio_node.cpython-36.pyc
byte-compiling /home/soda/Documents/autonomous_car/install/controller/lib/python3.6/site-packages/controller/gps.py to gps.cpython-36.pyc
byte-compiling /home/soda/Documents/autonomous_car/install/controller/lib/python3.6/site-packages/controller/socketio_node_o.py to socketio_node_o.cpython-36.pyc
byte-compiling /home/soda/Documents/autonomous_car/install/controller/lib/python3.6/site-packages/controller/ps4.py to ps4.cpython-36.pyc
running install_data
creating /home/soda/Documents/autonomous_car/install/controller/share/ament_index
creating /home/soda/Documents/autonomous_car/install/controller/share/ament_index/resource_index
creating /home/soda/Documents/autonomous_car/install/controller/share/ament_index/resource_index/packages
copying resource/controller -> /home/soda/Documents/autonomous_car/install/controller/share/ament_index/resource_index/packages
copying package.xml -> /home/soda/Documents/autonomous_car/install/controller/share/controller
running install_egg_info
Copying ../build/controller/controller.egg-info to /home/soda/Documents/autonomous_car/install/controller/lib/python3.6/site-packages/controller-0.0.0-py3.6.egg-info
running install_scripts
Installing controller script to /home/soda/Documents/autonomous_car/install/controller/lib/controller
Installing gps script to /home/soda/Documents/autonomous_car/install/controller/lib/controller
Installing led script to /home/soda/Documents/autonomous_car/install/controller/lib/controller
Installing socketio script to /home/soda/Documents/autonomous_car/install/controller/lib/controller
writing list of installed files to '/home/soda/Documents/autonomous_car/build/controller/install.log'
